   1              	 .syntax unified
   2              	 .cpu cortex-m4
   3              	 .eabi_attribute 27,3
   4              	 .fpu fpv4-sp-d16
   5              	 .eabi_attribute 20,1
   6              	 .eabi_attribute 21,1
   7              	 .eabi_attribute 23,3
   8              	 .eabi_attribute 24,1
   9              	 .eabi_attribute 25,1
  10              	 .eabi_attribute 26,1
  11              	 .eabi_attribute 30,4
  12              	 .eabi_attribute 34,1
  13              	 .eabi_attribute 18,4
  14              	 .thumb
  15              	 .file "xmc_eth_mac.c"
  16              	 .section .text.XMC_ETH_MAC_InitRxDescriptors,"ax",%progbits
  17              	 .align 1
  18              	 .global XMC_ETH_MAC_InitRxDescriptors
  19              	 .thumb
  20              	 .thumb_func
  22              	XMC_ETH_MAC_InitRxDescriptors:
  23              	 
  24              	 
  25 0000 30B5     	 push {r4,r5,lr}
  26 0002 0023     	 movs r3,#0
  27              	.L2:
  28 0004 90F82420 	 ldrb r2,[r0,#36]
  29 0008 9342     	 cmp r3,r2
  30 000a 0269     	 ldr r2,[r0,#16]
  31 000c 18D2     	 bcs .L7
  32 000e 5C01     	 lsls r4,r3,#5
  33 0010 1119     	 adds r1,r2,r4
  34 0012 4FF00045 	 mov r5,#-2147483648
  35 0016 1551     	 str r5,[r2,r4]
  36 0018 8569     	 ldr r5,[r0,#24]
  37 001a 44F2F454 	 movw r4,#17908
  38 001e 4C60     	 str r4,[r1,#4]
  39 0020 40F2F454 	 movw r4,#1524
  40 0024 04FB0354 	 mla r4,r4,r3,r5
  41 0028 8C60     	 str r4,[r1,#8]
  42 002a 90F82440 	 ldrb r4,[r0,#36]
  43 002e 0133     	 adds r3,r3,#1
  44 0030 A342     	 cmp r3,r4
  45 0032 14BF     	 ite ne
  46 0034 1C46     	 movne r4,r3
  47 0036 0024     	 moveq r4,#0
  48 0038 02EB4412 	 add r2,r2,r4,lsl#5
  49 003c CA60     	 str r2,[r1,#12]
  50 003e E1E7     	 b .L2
  51              	.L7:
  52 0040 41F20C03 	 movw r3,#4108
  53 0044 0168     	 ldr r1,[r0]
  54 0046 CA50     	 str r2,[r1,r3]
  55 0048 0023     	 movs r3,#0
  56 004a 80F82730 	 strb r3,[r0,#39]
  57 004e 30BD     	 pop {r4,r5,pc}
  59              	 .section .text.XMC_ETH_MAC_InitTxDescriptors,"ax",%progbits
  60              	 .align 1
  61              	 .global XMC_ETH_MAC_InitTxDescriptors
  62              	 .thumb
  63              	 .thumb_func
  65              	XMC_ETH_MAC_InitTxDescriptors:
  66              	 
  67              	 
  68 0000 30B5     	 push {r4,r5,lr}
  69 0002 0023     	 movs r3,#0
  70              	.L9:
  71 0004 90F82520 	 ldrb r2,[r0,#37]
  72 0008 9342     	 cmp r3,r2
  73 000a 4269     	 ldr r2,[r0,#20]
  74 000c 14D2     	 bcs .L13
  75 000e 5901     	 lsls r1,r3,#5
  76 0010 0D4D     	 ldr r5,.L14
  77 0012 5550     	 str r5,[r2,r1]
  78 0014 C569     	 ldr r5,[r0,#28]
  79 0016 5418     	 adds r4,r2,r1
  80 0018 40F2F451 	 movw r1,#1524
  81 001c 01FB0351 	 mla r1,r1,r3,r5
  82 0020 A160     	 str r1,[r4,#8]
  83 0022 90F82510 	 ldrb r1,[r0,#37]
  84 0026 0133     	 adds r3,r3,#1
  85 0028 8B42     	 cmp r3,r1
  86 002a 14BF     	 ite ne
  87 002c 1946     	 movne r1,r3
  88 002e 0021     	 moveq r1,#0
  89 0030 02EB4112 	 add r2,r2,r1,lsl#5
  90 0034 E260     	 str r2,[r4,#12]
  91 0036 E5E7     	 b .L9
  92              	.L13:
  93 0038 41F21003 	 movw r3,#4112
  94 003c 0168     	 ldr r1,[r0]
  95 003e CA50     	 str r2,[r1,r3]
  96 0040 0023     	 movs r3,#0
  97 0042 80F82630 	 strb r3,[r0,#38]
  98 0046 30BD     	 pop {r4,r5,pc}
  99              	.L15:
 100              	 .align 2
 101              	.L14:
 102 0048 00001030 	 .word 806354944
 104              	 .section .text.XMC_ETH_MAC_InitEx,"ax",%progbits
 105              	 .align 1
 106              	 .global XMC_ETH_MAC_InitEx
 107              	 .thumb
 108              	 .thumb_func
 110              	XMC_ETH_MAC_InitEx:
 111              	 
 112              	 
 113 0000 0268     	 ldr r2,[r0]
 114 0002 38B5     	 push {r3,r4,r5,lr}
 115 0004 02F58053 	 add r3,r2,#4096
 116 0008 0446     	 mov r4,r0
 117 000a 1968     	 ldr r1,[r3]
 118 000c 41F00101 	 orr r1,r1,#1
 119 0010 1960     	 str r1,[r3]
 120              	.L17:
 121 0012 1968     	 ldr r1,[r3]
 122 0014 11F00105 	 ands r5,r1,#1
 123 0018 FBD1     	 bne .L17
 124 001a 4FF48061 	 mov r1,#1024
 125 001e 1160     	 str r1,[r2]
 126 0020 8021     	 movs r1,#128
 127 0022 9161     	 str r1,[r2,#24]
 128 0024 41F21801 	 movw r1,#4120
 129 0028 0F48     	 ldr r0,.L19
 130 002a 5050     	 str r0,[r2,r1]
 131 002c 0F4A     	 ldr r2,.L19+4
 132 002e 1A60     	 str r2,[r3]
 133 0030 2046     	 mov r0,r4
 134 0032 FFF7FEFF 	 bl XMC_ETH_MAC_InitRxDescriptors
 135 0036 2046     	 mov r0,r4
 136 0038 FFF7FEFF 	 bl XMC_ETH_MAC_InitTxDescriptors
 137 003c 2368     	 ldr r3,[r4]
 138 003e 41F21402 	 movw r2,#4116
 139 0042 4FF0FF31 	 mov r1,#-1
 140 0046 9950     	 str r1,[r3,r2]
 141 0048 6FF07C42 	 mvn r2,#-67108864
 142 004c C3F81021 	 str r2,[r3,#272]
 143 0050 C3F80C21 	 str r2,[r3,#268]
 144 0054 6FF0C022 	 mvn r2,#-1073692672
 145 0058 C3F80022 	 str r2,[r3,#512]
 146 005c 4FF40272 	 mov r2,#520
 147 0060 DA63     	 str r2,[r3,#60]
 148 0062 2562     	 str r5,[r4,#32]
 149 0064 38BD     	 pop {r3,r4,r5,pc}
 150              	.L20:
 151 0066 00BF     	 .align 2
 152              	.L19:
 153 0068 04002002 	 .word 35651588
 154 006c 80200102 	 .word 33628288
 156              	 .section .text.XMC_ETH_MAC_SetAddressEx,"ax",%progbits
 157              	 .align 1
 158              	 .global XMC_ETH_MAC_SetAddressEx
 159              	 .thumb
 160              	 .thumb_func
 162              	XMC_ETH_MAC_SetAddressEx:
 163              	 
 164              	 
 165              	 
 166 0000 4A79     	 ldrb r2,[r1,#5]
 167 0002 0B79     	 ldrb r3,[r1,#4]
 168 0004 0068     	 ldr r0,[r0]
 169 0006 43EA0223 	 orr r3,r3,r2,lsl#8
 170 000a 0364     	 str r3,[r0,#64]
 171 000c 8B78     	 ldrb r3,[r1,#2]
 172 000e 4A78     	 ldrb r2,[r1,#1]
 173 0010 1B04     	 lsls r3,r3,#16
 174 0012 43EA0223 	 orr r3,r3,r2,lsl#8
 175 0016 0A78     	 ldrb r2,[r1]
 176 0018 1343     	 orrs r3,r3,r2
 177 001a CA78     	 ldrb r2,[r1,#3]
 178 001c 43EA0263 	 orr r3,r3,r2,lsl#24
 179 0020 4364     	 str r3,[r0,#68]
 180 0022 7047     	 bx lr
 182              	 .section .text.XMC_ETH_MAC_GetAddressEx,"ax",%progbits
 183              	 .align 1
 184              	 .global XMC_ETH_MAC_GetAddressEx
 185              	 .thumb
 186              	 .thumb_func
 188              	XMC_ETH_MAC_GetAddressEx:
 189              	 
 190              	 
 191              	 
 192 0000 0268     	 ldr r2,[r0]
 193 0002 536C     	 ldr r3,[r2,#68]
 194 0004 126C     	 ldr r2,[r2,#64]
 195 0006 0A71     	 strb r2,[r1,#4]
 196 0008 180A     	 lsrs r0,r3,#8
 197 000a 0B70     	 strb r3,[r1]
 198 000c 4870     	 strb r0,[r1,#1]
 199 000e 120A     	 lsrs r2,r2,#8
 200 0010 180C     	 lsrs r0,r3,#16
 201 0012 1B0E     	 lsrs r3,r3,#24
 202 0014 8870     	 strb r0,[r1,#2]
 203 0016 CB70     	 strb r3,[r1,#3]
 204 0018 4A71     	 strb r2,[r1,#5]
 205 001a 7047     	 bx lr
 207              	 .section .text.XMC_ETH_MAC_SetAddressPerfectFilter,"ax",%progbits
 208              	 .align 1
 209              	 .global XMC_ETH_MAC_SetAddressPerfectFilter
 210              	 .thumb
 211              	 .thumb_func
 213              	XMC_ETH_MAC_SetAddressPerfectFilter:
 214              	 
 215              	 
 216 0000 30B5     	 push {r4,r5,lr}
 217 0002 0068     	 ldr r0,[r0]
 218 0004 039D     	 ldr r5,[sp,#12]
 219 0006 8C00     	 lsls r4,r1,#2
 220 0008 4030     	 adds r0,r0,#64
 221 000a 0434     	 adds r4,r4,#4
 222 000c 2B43     	 orrs r3,r3,r5
 223 000e 40F82130 	 str r3,[r0,r1,lsl#2]
 224 0012 0251     	 str r2,[r0,r4]
 225 0014 30BD     	 pop {r4,r5,pc}
 227              	 .section .text.XMC_ETH_MAC_SetAddressPerfectFilterEx,"ax",%progbits
 228              	 .align 1
 229              	 .global XMC_ETH_MAC_SetAddressPerfectFilterEx
 230              	 .thumb
 231              	 .thumb_func
 233              	XMC_ETH_MAC_SetAddressPerfectFilterEx:
 234              	 
 235              	 
 236 0000 30B5     	 push {r4,r5,lr}
 237 0002 0068     	 ldr r0,[r0]
 238 0004 5579     	 ldrb r5,[r2,#5]
 239 0006 1379     	 ldrb r3,[r2,#4]
 240 0008 4030     	 adds r0,r0,#64
 241 000a 43EA0523 	 orr r3,r3,r5,lsl#8
 242 000e 40F82130 	 str r3,[r0,r1,lsl#2]
 243 0012 9378     	 ldrb r3,[r2,#2]
 244 0014 8C00     	 lsls r4,r1,#2
 245 0016 5178     	 ldrb r1,[r2,#1]
 246 0018 1B04     	 lsls r3,r3,#16
 247 001a 43EA0123 	 orr r3,r3,r1,lsl#8
 248 001e 1178     	 ldrb r1,[r2]
 249 0020 D278     	 ldrb r2,[r2,#3]
 250 0022 0434     	 adds r4,r4,#4
 251 0024 0B43     	 orrs r3,r3,r1
 252 0026 43EA0263 	 orr r3,r3,r2,lsl#24
 253 002a 0351     	 str r3,[r0,r4]
 254 002c 30BD     	 pop {r4,r5,pc}
 256              	 .section .text.XMC_ETH_MAC_SetAddressHashFilter,"ax",%progbits
 257              	 .align 1
 258              	 .global XMC_ETH_MAC_SetAddressHashFilter
 259              	 .thumb
 260              	 .thumb_func
 262              	XMC_ETH_MAC_SetAddressHashFilter:
 263              	 
 264              	 
 265              	 
 266 0000 0168     	 ldr r1,[r0]
 267 0002 8B60     	 str r3,[r1,#8]
 268 0004 CA60     	 str r2,[r1,#12]
 269 0006 7047     	 bx lr
 271              	 .section .text.XMC_ETH_MAC_SendFrame,"ax",%progbits
 272              	 .align 1
 273              	 .global XMC_ETH_MAC_SendFrame
 274              	 .thumb
 275              	 .thumb_func
 277              	XMC_ETH_MAC_SendFrame:
 278              	 
 279              	 
 280 0000 F8B5     	 push {r3,r4,r5,r6,r7,lr}
 281 0002 90F82660 	 ldrb r6,[r0,#38]
 282 0006 056A     	 ldr r5,[r0,#32]
 283 0008 7601     	 lsls r6,r6,#5
 284 000a 1F46     	 mov r7,r3
 285 000c 4369     	 ldr r3,[r0,#20]
 286 000e 0446     	 mov r4,r0
 287 0010 9819     	 adds r0,r3,r6
 288 0012 9B59     	 ldr r3,[r3,r6]
 289 0014 002B     	 cmp r3,#0
 290 0016 0CDA     	 bge .L27
 291 0018 2368     	 ldr r3,[r4]
 292 001a 41F21402 	 movw r2,#4116
 293 001e 9958     	 ldr r1,[r3,r2]
 294 0020 4907     	 lsls r1,r1,#29
 295 0022 46D5     	 bpl .L36
 296 0024 0421     	 movs r1,#4
 297 0026 9950     	 str r1,[r3,r2]
 298 0028 41F20402 	 movw r2,#4100
 299 002c 0021     	 movs r1,#0
 300 002e 9950     	 str r1,[r3,r2]
 301 0030 3FE0     	 b .L36
 302              	.L27:
 303 0032 15B9     	 cbnz r5,.L29
 304 0034 8568     	 ldr r5,[r0,#8]
 305 0036 4260     	 str r2,[r0,#4]
 306 0038 02E0     	 b .L30
 307              	.L29:
 308 003a 4368     	 ldr r3,[r0,#4]
 309 003c 1344     	 add r3,r3,r2
 310 003e 4360     	 str r3,[r0,#4]
 311              	.L30:
 312 0040 2846     	 mov r0,r5
 313 0042 FFF7FEFF 	 bl memcpy
 314 0046 FB07     	 lsls r3,r7,#31
 315 0048 01D5     	 bpl .L31
 316 004a 2562     	 str r5,[r4,#32]
 317 004c 2FE0     	 b .L40
 318              	.L31:
 319 004e 94F82600 	 ldrb r0,[r4,#38]
 320 0052 6169     	 ldr r1,[r4,#20]
 321 0054 4301     	 lsls r3,r0,#5
 322 0056 BE07     	 lsls r6,r7,#30
 323 0058 CA58     	 ldr r2,[r1,r3]
 324 005a 84F82800 	 strb r0,[r4,#40]
 325 005e 22F08442 	 bic r2,r2,#1107296256
 326 0062 46BF     	 itte mi
 327 0064 42F08142 	 orrmi r2,r2,#1082130432
 328 0068 42F48002 	 orrmi r2,r2,#4194304
 329 006c 42F44002 	 orrpl r2,r2,#12582912
 330 0070 7D07     	 lsls r5,r7,#29
 331 0072 48BF     	 it mi
 332 0074 42F00072 	 orrmi r2,r2,#33554432
 333 0078 42F00042 	 orr r2,r2,#-2147483648
 334 007c CA50     	 str r2,[r1,r3]
 335 007e 94F82630 	 ldrb r3,[r4,#38]
 336 0082 94F82520 	 ldrb r2,[r4,#37]
 337 0086 0133     	 adds r3,r3,#1
 338 0088 DBB2     	 uxtb r3,r3
 339 008a 9A42     	 cmp r2,r3
 340 008c 41F21401 	 movw r1,#4116
 341 0090 2268     	 ldr r2,[r4]
 342 0092 84F82630 	 strb r3,[r4,#38]
 343 0096 4FF00200 	 mov r0,#2
 344 009a 4FF00003 	 mov r3,#0
 345 009e 08BF     	 it eq
 346 00a0 84F82630 	 strbeq r3,[r4,#38]
 347 00a4 2362     	 str r3,[r4,#32]
 348 00a6 5050     	 str r0,[r2,r1]
 349 00a8 41F20401 	 movw r1,#4100
 350 00ac 5350     	 str r3,[r2,r1]
 351              	.L40:
 352 00ae 0020     	 movs r0,#0
 353 00b0 F8BD     	 pop {r3,r4,r5,r6,r7,pc}
 354              	.L36:
 355 00b2 0120     	 movs r0,#1
 356 00b4 F8BD     	 pop {r3,r4,r5,r6,r7,pc}
 358              	 .section .text.XMC_ETH_MAC_ReadFrame,"ax",%progbits
 359              	 .align 1
 360              	 .global XMC_ETH_MAC_ReadFrame
 361              	 .thumb
 362              	 .thumb_func
 364              	XMC_ETH_MAC_ReadFrame:
 365              	 
 366              	 
 367 0000 38B5     	 push {r3,r4,r5,lr}
 368 0002 0446     	 mov r4,r0
 369 0004 90F82700 	 ldrb r0,[r0,#39]
 370 0008 2369     	 ldr r3,[r4,#16]
 371 000a 03EB4013 	 add r3,r3,r0,lsl#5
 372 000e 0846     	 mov r0,r1
 373 0010 9968     	 ldr r1,[r3,#8]
 374 0012 1546     	 mov r5,r2
 375 0014 FFF7FEFF 	 bl memcpy
 376 0018 94F82730 	 ldrb r3,[r4,#39]
 377 001c 2269     	 ldr r2,[r4,#16]
 378 001e 5B01     	 lsls r3,r3,#5
 379 0020 4FF00041 	 mov r1,#-2147483648
 380 0024 D150     	 str r1,[r2,r3]
 381 0026 94F82730 	 ldrb r3,[r4,#39]
 382 002a 94F82420 	 ldrb r2,[r4,#36]
 383 002e 0133     	 adds r3,r3,#1
 384 0030 DBB2     	 uxtb r3,r3
 385 0032 9A42     	 cmp r2,r3
 386 0034 84F82730 	 strb r3,[r4,#39]
 387 0038 04BF     	 itt eq
 388 003a 0023     	 moveq r3,#0
 389 003c 84F82730 	 strbeq r3,[r4,#39]
 390 0040 41F21402 	 movw r2,#4116
 391 0044 2368     	 ldr r3,[r4]
 392 0046 9958     	 ldr r1,[r3,r2]
 393 0048 0906     	 lsls r1,r1,#24
 394 004a 41BF     	 itttt mi
 395 004c 8021     	 movmi r1,#128
 396 004e 9950     	 strmi r1,[r3,r2]
 397 0050 41F20802 	 movwmi r2,#4104
 398 0054 0021     	 movmi r1,#0
 399 0056 48BF     	 it mi
 400 0058 9950     	 strmi r1,[r3,r2]
 401 005a 2846     	 mov r0,r5
 402 005c 38BD     	 pop {r3,r4,r5,pc}
 404              	 .section .text.XMC_ETH_MAC_GetRxFrameSize,"ax",%progbits
 405              	 .align 1
 406              	 .global XMC_ETH_MAC_GetRxFrameSize
 407              	 .thumb
 408              	 .thumb_func
 410              	XMC_ETH_MAC_GetRxFrameSize:
 411              	 
 412              	 
 413              	 
 414 0000 90F82730 	 ldrb r3,[r0,#39]
 415 0004 0269     	 ldr r2,[r0,#16]
 416 0006 5B01     	 lsls r3,r3,#5
 417 0008 D058     	 ldr r0,[r2,r3]
 418 000a 0028     	 cmp r0,#0
 419 000c 08DB     	 blt .L49
 420 000e 00F40343 	 and r3,r0,#33536
 421 0012 B3F5407F 	 cmp r3,#768
 422 0016 05D1     	 bne .L50
 423 0018 C0F30D40 	 ubfx r0,r0,#16,#14
 424 001c 0438     	 subs r0,r0,#4
 425 001e 7047     	 bx lr
 426              	.L49:
 427 0020 0020     	 movs r0,#0
 428 0022 7047     	 bx lr
 429              	.L50:
 430 0024 4FF0FF30 	 mov r0,#-1
 431 0028 7047     	 bx lr
 433              	 .section .text.XMC_ETH_MAC_SetManagmentClockDivider,"ax",%progbits
 434              	 .align 1
 435              	 .global XMC_ETH_MAC_SetManagmentClockDivider
 436              	 .thumb
 437              	 .thumb_func
 439              	XMC_ETH_MAC_SetManagmentClockDivider:
 440              	 
 441              	 
 442              	 
 443 0000 154B     	 ldr r3,.L60
 444 0002 1649     	 ldr r1,.L60+4
 445 0004 1A69     	 ldr r2,[r3,#16]
 446 0006 164B     	 ldr r3,.L60+8
 447 0008 1B68     	 ldr r3,[r3]
 448 000a 02F00102 	 and r2,r2,#1
 449 000e 9340     	 lsls r3,r3,r2
 450 0010 5B08     	 lsrs r3,r3,#1
 451 0012 8B42     	 cmp r3,r1
 452 0014 0268     	 ldr r2,[r0]
 453 0016 01D8     	 bhi .L52
 454 0018 0823     	 movs r3,#8
 455 001a 18E0     	 b .L59
 456              	.L52:
 457 001c 1149     	 ldr r1,.L60+12
 458 001e 8B42     	 cmp r3,r1
 459 0020 01D8     	 bhi .L54
 460 0022 0C23     	 movs r3,#12
 461 0024 13E0     	 b .L59
 462              	.L54:
 463 0026 1049     	 ldr r1,.L60+16
 464 0028 8B42     	 cmp r3,r1
 465 002a 02D8     	 bhi .L55
 466 002c 0020     	 movs r0,#0
 467 002e 1061     	 str r0,[r2,#16]
 468 0030 7047     	 bx lr
 469              	.L55:
 470 0032 0E49     	 ldr r1,.L60+20
 471 0034 8B42     	 cmp r3,r1
 472 0036 01D8     	 bhi .L56
 473 0038 0423     	 movs r3,#4
 474 003a 08E0     	 b .L59
 475              	.L56:
 476 003c 0C49     	 ldr r1,.L60+24
 477 003e 8B42     	 cmp r3,r1
 478 0040 01D8     	 bhi .L57
 479 0042 1023     	 movs r3,#16
 480 0044 03E0     	 b .L59
 481              	.L57:
 482 0046 0B49     	 ldr r1,.L60+28
 483 0048 8B42     	 cmp r3,r1
 484 004a 03D8     	 bhi .L58
 485 004c 1423     	 movs r3,#20
 486              	.L59:
 487 004e 1361     	 str r3,[r2,#16]
 488 0050 0020     	 movs r0,#0
 489 0052 7047     	 bx lr
 490              	.L58:
 491 0054 0220     	 movs r0,#2
 492 0056 7047     	 bx lr
 493              	.L61:
 494              	 .align 2
 495              	.L60:
 496 0058 00460050 	 .word 1342195200
 497 005c C00E1602 	 .word 35000000
 498 0060 00000000 	 .word SystemCoreClock
 499 0064 00879303 	 .word 60000000
 500 0068 00E1F505 	 .word 100000000
 501 006c 80D1F008 	 .word 150000000
 502 0070 00C2EB0B 	 .word 200000000
 503 0074 80B2E60E 	 .word 250000000
 505              	 .section .text.XMC_ETH_MAC_Enable,"ax",%progbits
 506              	 .align 1
 507              	 .global XMC_ETH_MAC_Enable
 508              	 .thumb
 509              	 .thumb_func
 511              	XMC_ETH_MAC_Enable:
 512              	 
 513              	 
 514 0000 10B5     	 push {r4,lr}
 515 0002 064C     	 ldr r4,.L63
 516 0004 0420     	 movs r0,#4
 517 0006 FFF7FEFF 	 bl XMC_SCU_CLOCK_EnableClock
 518 000a 2046     	 mov r0,r4
 519 000c FFF7FEFF 	 bl XMC_SCU_CLOCK_UngatePeripheralClock
 520 0010 2046     	 mov r0,r4
 521 0012 BDE81040 	 pop {r4,lr}
 522 0016 FFF7FEBF 	 b XMC_SCU_RESET_DeassertPeripheralReset
 523              	.L64:
 524 001a 00BF     	 .align 2
 525              	.L63:
 526 001c 04000020 	 .word 536870916
 528              	 .section .text.XMC_ETH_MAC_Init,"ax",%progbits
 529              	 .align 1
 530              	 .global XMC_ETH_MAC_Init
 531              	 .thumb
 532              	 .thumb_func
 534              	XMC_ETH_MAC_Init:
 535              	 
 536              	 
 537 0000 38B5     	 push {r3,r4,r5,lr}
 538 0002 0446     	 mov r4,r0
 539 0004 FFF7FEFF 	 bl XMC_ETH_MAC_Enable
 540 0008 2046     	 mov r0,r4
 541 000a FFF7FEFF 	 bl XMC_ETH_MAC_SetManagmentClockDivider
 542 000e 0546     	 mov r5,r0
 543 0010 2046     	 mov r0,r4
 544 0012 FFF7FEFF 	 bl XMC_ETH_MAC_InitEx
 545 0016 2368     	 ldr r3,[r4]
 546 0018 A268     	 ldr r2,[r4,#8]
 547 001a E168     	 ldr r1,[r4,#12]
 548 001c 1964     	 str r1,[r3,#64]
 549 001e 2846     	 mov r0,r5
 550 0020 5A64     	 str r2,[r3,#68]
 551 0022 38BD     	 pop {r3,r4,r5,pc}
 553              	 .section .text.XMC_ETH_MAC_Disable,"ax",%progbits
 554              	 .align 1
 555              	 .global XMC_ETH_MAC_Disable
 556              	 .thumb
 557              	 .thumb_func
 559              	XMC_ETH_MAC_Disable:
 560              	 
 561              	 
 562 0000 10B5     	 push {r4,lr}
 563 0002 064C     	 ldr r4,.L67
 564 0004 2046     	 mov r0,r4
 565 0006 FFF7FEFF 	 bl XMC_SCU_RESET_AssertPeripheralReset
 566 000a 2046     	 mov r0,r4
 567 000c FFF7FEFF 	 bl XMC_SCU_CLOCK_GatePeripheralClock
 568 0010 0420     	 movs r0,#4
 569 0012 BDE81040 	 pop {r4,lr}
 570 0016 FFF7FEBF 	 b XMC_SCU_CLOCK_DisableClock
 571              	.L68:
 572 001a 00BF     	 .align 2
 573              	.L67:
 574 001c 04000020 	 .word 536870916
 576              	 .section .text.XMC_ETH_MAC_ReadPhy,"ax",%progbits
 577              	 .align 1
 578              	 .global XMC_ETH_MAC_ReadPhy
 579              	 .thumb
 580              	 .thumb_func
 582              	XMC_ETH_MAC_ReadPhy:
 583              	 
 584              	 
 585 0000 10B5     	 push {r4,lr}
 586 0002 0468     	 ldr r4,[r0]
 587 0004 2069     	 ldr r0,[r4,#16]
 588 0006 00F03C00 	 and r0,r0,#60
 589 000a 40F00100 	 orr r0,r0,#1
 590 000e 40EA8212 	 orr r2,r0,r2,lsl#6
 591 0012 42EAC121 	 orr r1,r2,r1,lsl#11
 592 0016 2161     	 str r1,[r4,#16]
 593 0018 4FF6FF72 	 movw r2,#65535
 594              	.L72:
 595 001c 2069     	 ldr r0,[r4,#16]
 596 001e 10F00100 	 ands r0,r0,#1
 597 0022 02D1     	 bne .L70
 598 0024 6269     	 ldr r2,[r4,#20]
 599 0026 1A80     	 strh r2,[r3]
 600 0028 10BD     	 pop {r4,pc}
 601              	.L70:
 602 002a 013A     	 subs r2,r2,#1
 603 002c F6D1     	 bne .L72
 604 002e 0220     	 movs r0,#2
 605 0030 10BD     	 pop {r4,pc}
 607              	 .section .text.XMC_ETH_MAC_WritePhy,"ax",%progbits
 608              	 .align 1
 609              	 .global XMC_ETH_MAC_WritePhy
 610              	 .thumb
 611              	 .thumb_func
 613              	XMC_ETH_MAC_WritePhy:
 614              	 
 615              	 
 616 0000 10B5     	 push {r4,lr}
 617 0002 0468     	 ldr r4,[r0]
 618 0004 6361     	 str r3,[r4,#20]
 619 0006 2369     	 ldr r3,[r4,#16]
 620 0008 03F03C03 	 and r3,r3,#60
 621 000c 43F00303 	 orr r3,r3,#3
 622 0010 43EA8212 	 orr r2,r3,r2,lsl#6
 623 0014 42EAC121 	 orr r1,r2,r1,lsl#11
 624 0018 2161     	 str r1,[r4,#16]
 625 001a 4FF6FF73 	 movw r3,#65535
 626              	.L76:
 627 001e 2069     	 ldr r0,[r4,#16]
 628 0020 10F00100 	 ands r0,r0,#1
 629 0024 02D0     	 beq .L75
 630 0026 013B     	 subs r3,r3,#1
 631 0028 F9D1     	 bne .L76
 632 002a 0220     	 movs r0,#2
 633              	.L75:
 634 002c 10BD     	 pop {r4,pc}
 636              	 .section .text.XMC_ETH_MAC_FlushTx,"ax",%progbits
 637              	 .align 1
 638              	 .global XMC_ETH_MAC_FlushTx
 639              	 .thumb
 640              	 .thumb_func
 642              	XMC_ETH_MAC_FlushTx:
 643              	 
 644              	 
 645 0000 38B5     	 push {r3,r4,r5,lr}
 646 0002 0268     	 ldr r2,[r0]
 647 0004 41F21804 	 movw r4,#4120
 648 0008 0546     	 mov r5,r0
 649 000a 1359     	 ldr r3,[r2,r4]
 650 000c 23F40053 	 bic r3,r3,#8192
 651 0010 1351     	 str r3,[r2,r4]
 652 0012 FFF7FEFF 	 bl XMC_ETH_MAC_InitTxDescriptors
 653 0016 2A68     	 ldr r2,[r5]
 654 0018 1359     	 ldr r3,[r2,r4]
 655 001a 43F40053 	 orr r3,r3,#8192
 656 001e 1351     	 str r3,[r2,r4]
 657 0020 38BD     	 pop {r3,r4,r5,pc}
 659              	 .section .text.XMC_ETH_MAC_FlushRx,"ax",%progbits
 660              	 .align 1
 661              	 .global XMC_ETH_MAC_FlushRx
 662              	 .thumb
 663              	 .thumb_func
 665              	XMC_ETH_MAC_FlushRx:
 666              	 
 667              	 
 668 0000 38B5     	 push {r3,r4,r5,lr}
 669 0002 0268     	 ldr r2,[r0]
 670 0004 41F21804 	 movw r4,#4120
 671 0008 0546     	 mov r5,r0
 672 000a 1359     	 ldr r3,[r2,r4]
 673 000c 23F00203 	 bic r3,r3,#2
 674 0010 1351     	 str r3,[r2,r4]
 675 0012 FFF7FEFF 	 bl XMC_ETH_MAC_InitRxDescriptors
 676 0016 2A68     	 ldr r2,[r5]
 677 0018 1359     	 ldr r3,[r2,r4]
 678 001a 43F00203 	 orr r3,r3,#2
 679 001e 1351     	 str r3,[r2,r4]
 680 0020 38BD     	 pop {r3,r4,r5,pc}
 682              	 .section .text.XMC_ETH_MAC_SetWakeUpFrameFilter,"ax",%progbits
 683              	 .align 1
 684              	 .global XMC_ETH_MAC_SetWakeUpFrameFilter
 685              	 .thumb
 686              	 .thumb_func
 688              	XMC_ETH_MAC_SetWakeUpFrameFilter:
 689              	 
 690              	 
 691              	 
 692 0000 0268     	 ldr r2,[r0]
 693 0002 0B1F     	 subs r3,r1,#4
 694 0004 1C31     	 adds r1,r1,#28
 695              	.L82:
 696 0006 53F8040F 	 ldr r0,[r3,#4]!
 697 000a 9062     	 str r0,[r2,#40]
 698 000c 8B42     	 cmp r3,r1
 699 000e FAD1     	 bne .L82
 700 0010 7047     	 bx lr
 702              	 .section .text.XMC_ETH_MAC_EnableEvent,"ax",%progbits
 703              	 .align 1
 704              	 .global XMC_ETH_MAC_EnableEvent
 705              	 .thumb
 706              	 .thumb_func
 708              	XMC_ETH_MAC_EnableEvent:
 709              	 
 710              	 
 711              	 
 712 0000 0268     	 ldr r2,[r0]
 713 0002 D36B     	 ldr r3,[r2,#60]
 714 0004 44F24500 	 movw r0,#16453
 715 0008 23EA1143 	 bic r3,r3,r1,lsr#16
 716 000c 0840     	 ands r0,r0,r1
 717 000e D363     	 str r3,[r2,#60]
 718 0010 C1F30E03 	 ubfx r3,r1,#0,#15
 719 0014 08B1     	 cbz r0,.L85
 720 0016 43F48033 	 orr r3,r3,#65536
 721              	.L85:
 722 001a 42F2BA71 	 movw r1,#10170
 723 001e 1940     	 ands r1,r1,r3
 724 0020 09B1     	 cbz r1,.L86
 725 0022 43F40043 	 orr r3,r3,#32768
 726              	.L86:
 727 0026 41F21C00 	 movw r0,#4124
 728 002a 1158     	 ldr r1,[r2,r0]
 729 002c 0B43     	 orrs r3,r3,r1
 730 002e 1350     	 str r3,[r2,r0]
 731 0030 7047     	 bx lr
 733              	 .section .text.XMC_ETH_MAC_DisableEvent,"ax",%progbits
 734              	 .align 1
 735              	 .global XMC_ETH_MAC_DisableEvent
 736              	 .thumb
 737              	 .thumb_func
 739              	XMC_ETH_MAC_DisableEvent:
 740              	 
 741              	 
 742              	 
 743 0000 0368     	 ldr r3,[r0]
 744 0002 DA6B     	 ldr r2,[r3,#60]
 745 0004 41F21C00 	 movw r0,#4124
 746 0008 42EA1142 	 orr r2,r2,r1,lsr#16
 747 000c DA63     	 str r2,[r3,#60]
 748 000e 1A58     	 ldr r2,[r3,r0]
 749 0010 C1F30E01 	 ubfx r1,r1,#0,#15
 750 0014 22EA0101 	 bic r1,r2,r1
 751 0018 1950     	 str r1,[r3,r0]
 752 001a 7047     	 bx lr
 754              	 .section .text.XMC_ETH_MAC_ClearEventStatus,"ax",%progbits
 755              	 .align 1
 756              	 .global XMC_ETH_MAC_ClearEventStatus
 757              	 .thumb
 758              	 .thumb_func
 760              	XMC_ETH_MAC_ClearEventStatus:
 761              	 
 762              	 
 763              	 
 764 0000 0268     	 ldr r2,[r0]
 765 0002 41F21403 	 movw r3,#4116
 766 0006 D058     	 ldr r0,[r2,r3]
 767 0008 D358     	 ldr r3,[r2,r3]
 768 000a C003     	 lsls r0,r0,#15
 769 000c 48BF     	 it mi
 770 000e 41F48031 	 orrmi r1,r1,#65536
 771 0012 1B04     	 lsls r3,r3,#16
 772 0014 48BF     	 it mi
 773 0016 41F40041 	 orrmi r1,r1,#32768
 774 001a 41F21403 	 movw r3,#4116
 775 001e C1F31001 	 ubfx r1,r1,#0,#17
 776 0022 D150     	 str r1,[r2,r3]
 777 0024 7047     	 bx lr
 779              	 .section .text.XMC_ETH_MAC_GetEventStatus,"ax",%progbits
 780              	 .align 1
 781              	 .global XMC_ETH_MAC_GetEventStatus
 782              	 .thumb
 783              	 .thumb_func
 785              	XMC_ETH_MAC_GetEventStatus:
 786              	 
 787              	 
 788              	 
 789 0000 0268     	 ldr r2,[r0]
 790 0002 41F21403 	 movw r3,#4116
 791 0006 D358     	 ldr r3,[r2,r3]
 792 0008 906B     	 ldr r0,[r2,#56]
 793 000a C3F30A03 	 ubfx r3,r3,#0,#11
 794 000e 00F40270 	 and r0,r0,#520
 795 0012 43EA0040 	 orr r0,r3,r0,lsl#16
 796 0016 7047     	 bx lr
 798              	 .section .text.XMC_ETH_MAC_ReturnRxDescriptor,"ax",%progbits
 799              	 .align 1
 800              	 .global XMC_ETH_MAC_ReturnRxDescriptor
 801              	 .thumb
 802              	 .thumb_func
 804              	XMC_ETH_MAC_ReturnRxDescriptor:
 805              	 
 806              	 
 807              	 
 808 0000 90F82730 	 ldrb r3,[r0,#39]
 809 0004 0169     	 ldr r1,[r0,#16]
 810 0006 5B01     	 lsls r3,r3,#5
 811 0008 CA58     	 ldr r2,[r1,r3]
 812 000a 42F00042 	 orr r2,r2,#-2147483648
 813 000e CA50     	 str r2,[r1,r3]
 814 0010 90F82730 	 ldrb r3,[r0,#39]
 815 0014 90F82420 	 ldrb r2,[r0,#36]
 816 0018 0133     	 adds r3,r3,#1
 817 001a DBB2     	 uxtb r3,r3
 818 001c 9A42     	 cmp r2,r3
 819 001e 80F82730 	 strb r3,[r0,#39]
 820 0022 04BF     	 itt eq
 821 0024 0023     	 moveq r3,#0
 822 0026 80F82730 	 strbeq r3,[r0,#39]
 823 002a 7047     	 bx lr
 825              	 .section .text.XMC_ETH_MAC_ReturnTxDescriptor,"ax",%progbits
 826              	 .align 1
 827              	 .global XMC_ETH_MAC_ReturnTxDescriptor
 828              	 .thumb
 829              	 .thumb_func
 831              	XMC_ETH_MAC_ReturnTxDescriptor:
 832              	 
 833              	 
 834              	 
 835 0000 90F82630 	 ldrb r3,[r0,#38]
 836 0004 80F82830 	 strb r3,[r0,#40]
 837 0008 4169     	 ldr r1,[r0,#20]
 838 000a 5B01     	 lsls r3,r3,#5
 839 000c CA58     	 ldr r2,[r1,r3]
 840 000e 42F00042 	 orr r2,r2,#-2147483648
 841 0012 42F44002 	 orr r2,r2,#12582912
 842 0016 CA50     	 str r2,[r1,r3]
 843 0018 90F82630 	 ldrb r3,[r0,#38]
 844 001c 90F82520 	 ldrb r2,[r0,#37]
 845 0020 0133     	 adds r3,r3,#1
 846 0022 DBB2     	 uxtb r3,r3
 847 0024 80F82630 	 strb r3,[r0,#38]
 848 0028 9A42     	 cmp r2,r3
 849 002a 4FF00003 	 mov r3,#0
 850 002e 08BF     	 it eq
 851 0030 80F82630 	 strbeq r3,[r0,#38]
 852 0034 0362     	 str r3,[r0,#32]
 853 0036 7047     	 bx lr
 855              	 .section .text.XMC_ETH_MAC_SetVLANTag,"ax",%progbits
 856              	 .align 1
 857              	 .global XMC_ETH_MAC_SetVLANTag
 858              	 .thumb
 859              	 .thumb_func
 861              	XMC_ETH_MAC_SetVLANTag:
 862              	 
 863              	 
 864              	 
 865 0000 0368     	 ldr r3,[r0]
 866 0002 D961     	 str r1,[r3,#28]
 867 0004 7047     	 bx lr
 869              	 .section .text.XMC_ETH_MAC_InitPTP,"ax",%progbits
 870              	 .align 1
 871              	 .global XMC_ETH_MAC_InitPTP
 872              	 .thumb
 873              	 .thumb_func
 875              	XMC_ETH_MAC_InitPTP:
 876              	 
 877              	 
 878              	 
 879 0000 0368     	 ldr r3,[r0]
 880 0002 DA6B     	 ldr r2,[r3,#60]
 881 0004 42F40072 	 orr r2,r2,#512
 882 0008 DA63     	 str r2,[r3,#60]
 883 000a 41F40072 	 orr r2,r1,#512
 884 000e 42F00102 	 orr r2,r2,#1
 885 0012 11F0020F 	 tst r1,#2
 886 0016 C3F80027 	 str r2,[r3,#1792]
 887 001a 2649     	 ldr r1,.L116
 888 001c 264A     	 ldr r2,.L116+4
 889 001e B6EE006A 	 fconsts s12,#96
 890 0022 26D0     	 beq .L110
 891 0024 1420     	 movs r0,#20
 892 0026 C3F80407 	 str r0,[r3,#1796]
 893 002a 0969     	 ldr r1,[r1,#16]
 894 002c 1268     	 ldr r2,[r2]
 895 002e DFED236A 	 flds s13,.L116+8
 896 0032 01F00101 	 and r1,r1,#1
 897 0036 8A40     	 lsls r2,r2,r1
 898 0038 07EE902A 	 fmsr s15,r2
 899 003c B8EE677A 	 fuitos s14,s15
 900 0040 C7EE266A 	 fdivs s13,s14,s13
 901 0044 9FED1E7A 	 flds s14,.L116+12
 902 0048 87EE267A 	 fdivs s14,s14,s13
 903 004c 77EE067A 	 fadds s15,s14,s12
 904 0050 FCEEE77A 	 ftouizs s15,s15
 905 0054 17EE902A 	 fmrs r2,s15
 906 0058 C3F81827 	 str r2,[r3,#1816]
 907 005c D3F80027 	 ldr r2,[r3,#1792]
 908 0060 42F02002 	 orr r2,r2,#32
 909 0064 C3F80027 	 str r2,[r3,#1792]
 910              	.L111:
 911 0068 D3F80027 	 ldr r2,[r3,#1792]
 912 006c 9106     	 lsls r1,r2,#26
 913 006e FBD4     	 bmi .L111
 914 0070 14E0     	 b .L112
 915              	.L110:
 916 0072 0969     	 ldr r1,[r1,#16]
 917 0074 1268     	 ldr r2,[r2]
 918 0076 9FED137A 	 flds s14,.L116+16
 919 007a 01F00101 	 and r1,r1,#1
 920 007e 8A40     	 lsls r2,r2,r1
 921 0080 07EE902A 	 fmsr s15,r2
 922 0084 F8EE677A 	 fuitos s15,s15
 923 0088 C7EE277A 	 fdivs s15,s14,s15
 924 008c 77EE867A 	 fadds s15,s15,s12
 925 0090 FCEEE77A 	 ftouizs s15,s15
 926 0094 17EE902A 	 fmrs r2,s15
 927 0098 C3F80427 	 str r2,[r3,#1796]
 928              	.L112:
 929 009c D3F80027 	 ldr r2,[r3,#1792]
 930 00a0 42F00402 	 orr r2,r2,#4
 931 00a4 C3F80027 	 str r2,[r3,#1792]
 932              	.L113:
 933 00a8 D3F80027 	 ldr r2,[r3,#1792]
 934 00ac 5207     	 lsls r2,r2,#29
 935 00ae FBD4     	 bmi .L113
 936 00b0 7047     	 bx lr
 937              	.L117:
 938 00b2 00BF     	 .align 2
 939              	.L116:
 940 00b4 00460050 	 .word 1342195200
 941 00b8 00000000 	 .word SystemCoreClock
 942 00bc 20BC3E4C 	 .word 1279179808
 943 00c0 0000804F 	 .word 1333788672
 944 00c4 286B6E4E 	 .word 1315859240
 946              	 .section .text.XMC_ETH_MAC_InitPTPEx,"ax",%progbits
 947              	 .align 1
 948              	 .global XMC_ETH_MAC_InitPTPEx
 949              	 .thumb
 950              	 .thumb_func
 952              	XMC_ETH_MAC_InitPTPEx:
 953              	 
 954              	 
 955 0000 10B5     	 push {r4,lr}
 956 0002 0368     	 ldr r3,[r0]
 957 0004 5468     	 ldr r4,[r2,#4]
 958 0006 1268     	 ldr r2,[r2]
 959 0008 C3F81447 	 str r4,[r3,#1812]
 960 000c C3F81027 	 str r2,[r3,#1808]
 961 0010 BDE81040 	 pop {r4,lr}
 962 0014 FFF7FEBF 	 b XMC_ETH_MAC_InitPTP
 964              	 .section .text.XMC_ETH_MAC_GetPTPTime,"ax",%progbits
 965              	 .align 1
 966              	 .global XMC_ETH_MAC_GetPTPTime
 967              	 .thumb
 968              	 .thumb_func
 970              	XMC_ETH_MAC_GetPTPTime:
 971              	 
 972              	 
 973              	 
 974 0000 0368     	 ldr r3,[r0]
 975 0002 D3F80C27 	 ldr r2,[r3,#1804]
 976 0006 D3F80837 	 ldr r3,[r3,#1800]
 977 000a 4A60     	 str r2,[r1,#4]
 978 000c 0B60     	 str r3,[r1]
 979 000e 7047     	 bx lr
 981              	 .section .text.XMC_ETH_MAC_SetPTPTime,"ax",%progbits
 982              	 .align 1
 983              	 .global XMC_ETH_MAC_SetPTPTime
 984              	 .thumb
 985              	 .thumb_func
 987              	XMC_ETH_MAC_SetPTPTime:
 988              	 
 989              	 
 990              	 
 991 0000 0368     	 ldr r3,[r0]
 992 0002 0A68     	 ldr r2,[r1]
 993 0004 C3F81027 	 str r2,[r3,#1808]
 994 0008 4A68     	 ldr r2,[r1,#4]
 995 000a 0749     	 ldr r1,.L123
 996 000c C3F81427 	 str r2,[r3,#1812]
 997 0010 D1F80027 	 ldr r2,[r1,#1792]
 998 0014 42F00402 	 orr r2,r2,#4
 999 0018 C1F80027 	 str r2,[r1,#1792]
 1000              	.L121:
 1001 001c D3F80027 	 ldr r2,[r3,#1792]
 1002 0020 5207     	 lsls r2,r2,#29
 1003 0022 FBD4     	 bmi .L121
 1004 0024 7047     	 bx lr
 1005              	.L124:
 1006 0026 00BF     	 .align 2
 1007              	.L123:
 1008 0028 00C00050 	 .word 1342226432
 1010              	 .section .text.XMC_ETH_MAC_UpdatePTPTime,"ax",%progbits
 1011              	 .align 1
 1012              	 .global XMC_ETH_MAC_UpdatePTPTime
 1013              	 .thumb
 1014              	 .thumb_func
 1016              	XMC_ETH_MAC_UpdatePTPTime:
 1017              	 
 1018              	 
 1019              	 
 1020 0000 4B68     	 ldr r3,[r1,#4]
 1021 0002 83EAE372 	 eor r2,r3,r3,asr#31
 1022 0006 A2EBE372 	 sub r2,r2,r3,asr#31
 1023 000a 002B     	 cmp r3,#0
 1024 000c 0368     	 ldr r3,[r0]
 1025 000e B8BF     	 it lt
 1026 0010 42F00042 	 orrlt r2,r2,#-2147483648
 1027 0014 C3F81427 	 str r2,[r3,#1812]
 1028 0018 0A68     	 ldr r2,[r1]
 1029 001a C3F81027 	 str r2,[r3,#1808]
 1030 001e D3F80027 	 ldr r2,[r3,#1792]
 1031 0022 42F00802 	 orr r2,r2,#8
 1032 0026 C3F80027 	 str r2,[r3,#1792]
 1033 002a 7047     	 bx lr
 1035              	 .section .text.XMC_ETH_MAC_SetPTPAlarm,"ax",%progbits
 1036              	 .align 1
 1037              	 .global XMC_ETH_MAC_SetPTPAlarm
 1038              	 .thumb
 1039              	 .thumb_func
 1041              	XMC_ETH_MAC_SetPTPAlarm:
 1042              	 
 1043              	 
 1044              	 
 1045 0000 0368     	 ldr r3,[r0]
 1046 0002 4A68     	 ldr r2,[r1,#4]
 1047 0004 C3F82027 	 str r2,[r3,#1824]
 1048 0008 0A68     	 ldr r2,[r1]
 1049 000a C3F81C27 	 str r2,[r3,#1820]
 1050 000e 7047     	 bx lr
 1052              	 .section .text.XMC_ETH_MAC_AdjustPTPClock,"ax",%progbits
 1053              	 .align 1
 1054              	 .global XMC_ETH_MAC_AdjustPTPClock
 1055              	 .thumb
 1056              	 .thumb_func
 1058              	XMC_ETH_MAC_AdjustPTPClock:
 1059              	 
 1060              	 
 1061              	 
 1062 0000 0368     	 ldr r3,[r0]
 1063 0002 D3F81807 	 ldr r0,[r3,#1816]
 1064 0006 A1FB0001 	 umull r0,r1,r1,r0
 1065 000a C20F     	 lsrs r2,r0,#31
 1066 000c 42EA4102 	 orr r2,r2,r1,lsl#1
 1067 0010 C3F81827 	 str r2,[r3,#1816]
 1068 0014 D3F80027 	 ldr r2,[r3,#1792]
 1069 0018 42F02002 	 orr r2,r2,#32
 1070 001c C3F80027 	 str r2,[r3,#1792]
 1071              	.L129:
 1072 0020 D3F80027 	 ldr r2,[r3,#1792]
 1073 0024 9206     	 lsls r2,r2,#26
 1074 0026 FBD4     	 bmi .L129
 1075 0028 7047     	 bx lr
 1077              	 .section .text.XMC_ETH_MAC_UpdateAddend,"ax",%progbits
 1078              	 .align 1
 1079              	 .global XMC_ETH_MAC_UpdateAddend
 1080              	 .thumb
 1081              	 .thumb_func
 1083              	XMC_ETH_MAC_UpdateAddend:
 1084              	 
 1085              	 
 1086              	 
 1087 0000 0368     	 ldr r3,[r0]
 1088 0002 C3F81817 	 str r1,[r3,#1816]
 1089 0006 D3F80027 	 ldr r2,[r3,#1792]
 1090 000a 42F02002 	 orr r2,r2,#32
 1091 000e C3F80027 	 str r2,[r3,#1792]
 1092              	.L132:
 1093 0012 D3F80027 	 ldr r2,[r3,#1792]
 1094 0016 9206     	 lsls r2,r2,#26
 1095 0018 FBD4     	 bmi .L132
 1096 001a 7047     	 bx lr
 1098              	 .section .text.XMC_ETH_MAC_GetPTPStatus,"ax",%progbits
 1099              	 .align 1
 1100              	 .global XMC_ETH_MAC_GetPTPStatus
 1101              	 .thumb
 1102              	 .thumb_func
 1104              	XMC_ETH_MAC_GetPTPStatus:
 1105              	 
 1106              	 
 1107              	 
 1108 0000 0368     	 ldr r3,[r0]
 1109 0002 D3F82807 	 ldr r0,[r3,#1832]
 1110 0006 7047     	 bx lr
 1112              	 .section .text.XMC_ETH_MAC_GetRxTimeStamp,"ax",%progbits
 1113              	 .align 1
 1114              	 .global XMC_ETH_MAC_GetRxTimeStamp
 1115              	 .thumb
 1116              	 .thumb_func
 1118              	XMC_ETH_MAC_GetRxTimeStamp:
 1119              	 
 1120              	 
 1121              	 
 1122 0000 90F82730 	 ldrb r3,[r0,#39]
 1123 0004 0069     	 ldr r0,[r0,#16]
 1124 0006 5B01     	 lsls r3,r3,#5
 1125 0008 C218     	 adds r2,r0,r3
 1126 000a C358     	 ldr r3,[r0,r3]
 1127 000c 002B     	 cmp r3,#0
 1128 000e 0ADB     	 blt .L137
 1129 0010 03F4C073 	 and r3,r3,#384
 1130 0014 B3F5C07F 	 cmp r3,#384
 1131 0018 07D1     	 bne .L138
 1132 001a 9369     	 ldr r3,[r2,#24]
 1133 001c 4B60     	 str r3,[r1,#4]
 1134 001e D369     	 ldr r3,[r2,#28]
 1135 0020 0B60     	 str r3,[r1]
 1136 0022 0020     	 movs r0,#0
 1137 0024 7047     	 bx lr
 1138              	.L137:
 1139 0026 0120     	 movs r0,#1
 1140 0028 7047     	 bx lr
 1141              	.L138:
 1142 002a 0220     	 movs r0,#2
 1143 002c 7047     	 bx lr
 1145              	 .section .text.XMC_ETH_MAC_GetTxTimeStamp,"ax",%progbits
 1146              	 .align 1
 1147              	 .global XMC_ETH_MAC_GetTxTimeStamp
 1148              	 .thumb
 1149              	 .thumb_func
 1151              	XMC_ETH_MAC_GetTxTimeStamp:
 1152              	 
 1153              	 
 1154              	 
 1155 0000 90F82830 	 ldrb r3,[r0,#40]
 1156 0004 4069     	 ldr r0,[r0,#20]
 1157 0006 5B01     	 lsls r3,r3,#5
 1158 0008 C218     	 adds r2,r0,r3
 1159 000a C058     	 ldr r0,[r0,r3]
 1160 000c 0028     	 cmp r0,#0
 1161 000e 0ADB     	 blt .L141
 1162 0010 074B     	 ldr r3,.L143
 1163 0012 0340     	 ands r3,r3,r0
 1164 0014 0648     	 ldr r0,.L143
 1165 0016 8342     	 cmp r3,r0
 1166 0018 07D1     	 bne .L142
 1167 001a 9369     	 ldr r3,[r2,#24]
 1168 001c 4B60     	 str r3,[r1,#4]
 1169 001e D369     	 ldr r3,[r2,#28]
 1170 0020 0B60     	 str r3,[r1]
 1171 0022 0020     	 movs r0,#0
 1172 0024 7047     	 bx lr
 1173              	.L141:
 1174 0026 0120     	 movs r0,#1
 1175 0028 7047     	 bx lr
 1176              	.L142:
 1177 002a 0220     	 movs r0,#2
 1178 002c 7047     	 bx lr
 1179              	.L144:
 1180 002e 00BF     	 .align 2
 1181              	.L143:
 1182 0030 00000220 	 .word 537001984
 1184              	 .ident "GCC: (GNU Tools for ARM Embedded Processors) 4.9.3 20141119 (release) [ARM/embedded-4_9-branch revision 218278]"
DEFINED SYMBOLS
                            *ABS*:00000000 xmc_eth_mac.c
    {standard input}:17     .text.XMC_ETH_MAC_InitRxDescriptors:00000000 $t
    {standard input}:22     .text.XMC_ETH_MAC_InitRxDescriptors:00000000 XMC_ETH_MAC_InitRxDescriptors
    {standard input}:60     .text.XMC_ETH_MAC_InitTxDescriptors:00000000 $t
    {standard input}:65     .text.XMC_ETH_MAC_InitTxDescriptors:00000000 XMC_ETH_MAC_InitTxDescriptors
    {standard input}:102    .text.XMC_ETH_MAC_InitTxDescriptors:00000048 $d
    {standard input}:105    .text.XMC_ETH_MAC_InitEx:00000000 $t
    {standard input}:110    .text.XMC_ETH_MAC_InitEx:00000000 XMC_ETH_MAC_InitEx
    {standard input}:153    .text.XMC_ETH_MAC_InitEx:00000068 $d
    {standard input}:157    .text.XMC_ETH_MAC_SetAddressEx:00000000 $t
    {standard input}:162    .text.XMC_ETH_MAC_SetAddressEx:00000000 XMC_ETH_MAC_SetAddressEx
    {standard input}:183    .text.XMC_ETH_MAC_GetAddressEx:00000000 $t
    {standard input}:188    .text.XMC_ETH_MAC_GetAddressEx:00000000 XMC_ETH_MAC_GetAddressEx
    {standard input}:208    .text.XMC_ETH_MAC_SetAddressPerfectFilter:00000000 $t
    {standard input}:213    .text.XMC_ETH_MAC_SetAddressPerfectFilter:00000000 XMC_ETH_MAC_SetAddressPerfectFilter
    {standard input}:228    .text.XMC_ETH_MAC_SetAddressPerfectFilterEx:00000000 $t
    {standard input}:233    .text.XMC_ETH_MAC_SetAddressPerfectFilterEx:00000000 XMC_ETH_MAC_SetAddressPerfectFilterEx
    {standard input}:257    .text.XMC_ETH_MAC_SetAddressHashFilter:00000000 $t
    {standard input}:262    .text.XMC_ETH_MAC_SetAddressHashFilter:00000000 XMC_ETH_MAC_SetAddressHashFilter
    {standard input}:272    .text.XMC_ETH_MAC_SendFrame:00000000 $t
    {standard input}:277    .text.XMC_ETH_MAC_SendFrame:00000000 XMC_ETH_MAC_SendFrame
    {standard input}:359    .text.XMC_ETH_MAC_ReadFrame:00000000 $t
    {standard input}:364    .text.XMC_ETH_MAC_ReadFrame:00000000 XMC_ETH_MAC_ReadFrame
    {standard input}:405    .text.XMC_ETH_MAC_GetRxFrameSize:00000000 $t
    {standard input}:410    .text.XMC_ETH_MAC_GetRxFrameSize:00000000 XMC_ETH_MAC_GetRxFrameSize
    {standard input}:434    .text.XMC_ETH_MAC_SetManagmentClockDivider:00000000 $t
    {standard input}:439    .text.XMC_ETH_MAC_SetManagmentClockDivider:00000000 XMC_ETH_MAC_SetManagmentClockDivider
    {standard input}:496    .text.XMC_ETH_MAC_SetManagmentClockDivider:00000058 $d
    {standard input}:506    .text.XMC_ETH_MAC_Enable:00000000 $t
    {standard input}:511    .text.XMC_ETH_MAC_Enable:00000000 XMC_ETH_MAC_Enable
    {standard input}:526    .text.XMC_ETH_MAC_Enable:0000001c $d
    {standard input}:529    .text.XMC_ETH_MAC_Init:00000000 $t
    {standard input}:534    .text.XMC_ETH_MAC_Init:00000000 XMC_ETH_MAC_Init
    {standard input}:554    .text.XMC_ETH_MAC_Disable:00000000 $t
    {standard input}:559    .text.XMC_ETH_MAC_Disable:00000000 XMC_ETH_MAC_Disable
    {standard input}:574    .text.XMC_ETH_MAC_Disable:0000001c $d
    {standard input}:577    .text.XMC_ETH_MAC_ReadPhy:00000000 $t
    {standard input}:582    .text.XMC_ETH_MAC_ReadPhy:00000000 XMC_ETH_MAC_ReadPhy
    {standard input}:608    .text.XMC_ETH_MAC_WritePhy:00000000 $t
    {standard input}:613    .text.XMC_ETH_MAC_WritePhy:00000000 XMC_ETH_MAC_WritePhy
    {standard input}:637    .text.XMC_ETH_MAC_FlushTx:00000000 $t
    {standard input}:642    .text.XMC_ETH_MAC_FlushTx:00000000 XMC_ETH_MAC_FlushTx
    {standard input}:660    .text.XMC_ETH_MAC_FlushRx:00000000 $t
    {standard input}:665    .text.XMC_ETH_MAC_FlushRx:00000000 XMC_ETH_MAC_FlushRx
    {standard input}:683    .text.XMC_ETH_MAC_SetWakeUpFrameFilter:00000000 $t
    {standard input}:688    .text.XMC_ETH_MAC_SetWakeUpFrameFilter:00000000 XMC_ETH_MAC_SetWakeUpFrameFilter
    {standard input}:703    .text.XMC_ETH_MAC_EnableEvent:00000000 $t
    {standard input}:708    .text.XMC_ETH_MAC_EnableEvent:00000000 XMC_ETH_MAC_EnableEvent
    {standard input}:734    .text.XMC_ETH_MAC_DisableEvent:00000000 $t
    {standard input}:739    .text.XMC_ETH_MAC_DisableEvent:00000000 XMC_ETH_MAC_DisableEvent
    {standard input}:755    .text.XMC_ETH_MAC_ClearEventStatus:00000000 $t
    {standard input}:760    .text.XMC_ETH_MAC_ClearEventStatus:00000000 XMC_ETH_MAC_ClearEventStatus
    {standard input}:780    .text.XMC_ETH_MAC_GetEventStatus:00000000 $t
    {standard input}:785    .text.XMC_ETH_MAC_GetEventStatus:00000000 XMC_ETH_MAC_GetEventStatus
    {standard input}:799    .text.XMC_ETH_MAC_ReturnRxDescriptor:00000000 $t
    {standard input}:804    .text.XMC_ETH_MAC_ReturnRxDescriptor:00000000 XMC_ETH_MAC_ReturnRxDescriptor
    {standard input}:826    .text.XMC_ETH_MAC_ReturnTxDescriptor:00000000 $t
    {standard input}:831    .text.XMC_ETH_MAC_ReturnTxDescriptor:00000000 XMC_ETH_MAC_ReturnTxDescriptor
    {standard input}:856    .text.XMC_ETH_MAC_SetVLANTag:00000000 $t
    {standard input}:861    .text.XMC_ETH_MAC_SetVLANTag:00000000 XMC_ETH_MAC_SetVLANTag
    {standard input}:870    .text.XMC_ETH_MAC_InitPTP:00000000 $t
    {standard input}:875    .text.XMC_ETH_MAC_InitPTP:00000000 XMC_ETH_MAC_InitPTP
    {standard input}:940    .text.XMC_ETH_MAC_InitPTP:000000b4 $d
    {standard input}:947    .text.XMC_ETH_MAC_InitPTPEx:00000000 $t
    {standard input}:952    .text.XMC_ETH_MAC_InitPTPEx:00000000 XMC_ETH_MAC_InitPTPEx
    {standard input}:965    .text.XMC_ETH_MAC_GetPTPTime:00000000 $t
    {standard input}:970    .text.XMC_ETH_MAC_GetPTPTime:00000000 XMC_ETH_MAC_GetPTPTime
    {standard input}:982    .text.XMC_ETH_MAC_SetPTPTime:00000000 $t
    {standard input}:987    .text.XMC_ETH_MAC_SetPTPTime:00000000 XMC_ETH_MAC_SetPTPTime
    {standard input}:1008   .text.XMC_ETH_MAC_SetPTPTime:00000028 $d
    {standard input}:1011   .text.XMC_ETH_MAC_UpdatePTPTime:00000000 $t
    {standard input}:1016   .text.XMC_ETH_MAC_UpdatePTPTime:00000000 XMC_ETH_MAC_UpdatePTPTime
    {standard input}:1036   .text.XMC_ETH_MAC_SetPTPAlarm:00000000 $t
    {standard input}:1041   .text.XMC_ETH_MAC_SetPTPAlarm:00000000 XMC_ETH_MAC_SetPTPAlarm
    {standard input}:1053   .text.XMC_ETH_MAC_AdjustPTPClock:00000000 $t
    {standard input}:1058   .text.XMC_ETH_MAC_AdjustPTPClock:00000000 XMC_ETH_MAC_AdjustPTPClock
    {standard input}:1078   .text.XMC_ETH_MAC_UpdateAddend:00000000 $t
    {standard input}:1083   .text.XMC_ETH_MAC_UpdateAddend:00000000 XMC_ETH_MAC_UpdateAddend
    {standard input}:1099   .text.XMC_ETH_MAC_GetPTPStatus:00000000 $t
    {standard input}:1104   .text.XMC_ETH_MAC_GetPTPStatus:00000000 XMC_ETH_MAC_GetPTPStatus
    {standard input}:1113   .text.XMC_ETH_MAC_GetRxTimeStamp:00000000 $t
    {standard input}:1118   .text.XMC_ETH_MAC_GetRxTimeStamp:00000000 XMC_ETH_MAC_GetRxTimeStamp
    {standard input}:1146   .text.XMC_ETH_MAC_GetTxTimeStamp:00000000 $t
    {standard input}:1151   .text.XMC_ETH_MAC_GetTxTimeStamp:00000000 XMC_ETH_MAC_GetTxTimeStamp
    {standard input}:1182   .text.XMC_ETH_MAC_GetTxTimeStamp:00000030 $d

UNDEFINED SYMBOLS
memcpy
SystemCoreClock
XMC_SCU_CLOCK_EnableClock
XMC_SCU_CLOCK_UngatePeripheralClock
XMC_SCU_RESET_DeassertPeripheralReset
XMC_SCU_RESET_AssertPeripheralReset
XMC_SCU_CLOCK_GatePeripheralClock
XMC_SCU_CLOCK_DisableClock
