   1              	 .syntax unified
   2              	 .cpu cortex-m4
   3              	 .eabi_attribute 27,3
   4              	 .fpu fpv4-sp-d16
   5              	 .eabi_attribute 20,1
   6              	 .eabi_attribute 21,1
   7              	 .eabi_attribute 23,3
   8              	 .eabi_attribute 24,1
   9              	 .eabi_attribute 25,1
  10              	 .eabi_attribute 26,1
  11              	 .eabi_attribute 30,4
  12              	 .eabi_attribute 34,1
  13              	 .eabi_attribute 18,4
  14              	 .thumb
  15              	 .file "ADC.c"
  16              	 .section .text.initADC,"ax",%progbits
  17              	 .align 1
  18              	 .global initADC
  19              	 .thumb
  20              	 .thumb_func
  22              	initADC:
  23              	 
  24              	 
  25              	 
  26 0000 0148     	 ldr r0,.L2
  27 0002 FFF7FEBF 	 b ADC_MEASUREMENT_ADV_SoftwareTrigger
  28              	.L3:
  29 0006 00BF     	 .align 2
  30              	.L2:
  31 0008 00000000 	 .word ADC_MEASUREMENT_ADV_0
  33              	 .global __aeabi_i2d
  34              	 .global __aeabi_dmul
  35              	 .section .text.ConvertToVoltage,"ax",%progbits
  36              	 .align 1
  37              	 .global ConvertToVoltage
  38              	 .thumb
  39              	 .thumb_func
  41              	ConvertToVoltage:
  42              	 
  43              	 
  44 0000 08B5     	 push {r3,lr}
  45 0002 FFF7FEFF 	 bl __aeabi_i2d
  46 0006 04A3     	 adr r3,.L5
  47 0008 D3E90023 	 ldrd r2,[r3]
  48 000c FFF7FEFF 	 bl __aeabi_dmul
  49 0010 08BD     	 pop {r3,pc}
  50              	.L6:
  51 0012 00BFAFF3 	 .align 3
  51      0080
  52              	.L5:
  53 0018 66666666 	 .word 1717986918
  54 001c 66664A3F 	 .word 1061840486
  56              	 .global __aeabi_ddiv
  57              	 .section .text.CalculateAngle,"ax",%progbits
  58              	 .align 1
  59              	 .global CalculateAngle
  60              	 .thumb
  61              	 .thumb_func
  63              	CalculateAngle:
  64              	 
  65              	 
  66 0000 08B5     	 push {r3,lr}
  67 0002 0022     	 movs r2,#0
  68 0004 084B     	 ldr r3,.L8+8
  69 0006 FFF7FEFF 	 bl __aeabi_ddiv
  70 000a FFF7FEFF 	 bl asin
  71 000e 04A3     	 adr r3,.L8
  72 0010 D3E90023 	 ldrd r2,[r3]
  73 0014 FFF7FEFF 	 bl __aeabi_dmul
  74 0018 08BD     	 pop {r3,pc}
  75              	.L9:
  76 001a 00BFAFF3 	 .align 3
  76      0080
  77              	.L8:
  78 0020 E5BF631A 	 .word 442744805
  79 0024 DCA54C40 	 .word 1078765020
  80 0028 00003240 	 .word 1077018624
  82              	 .global __aeabi_dsub
  83              	 .global __aeabi_d2uiz
  84 002c AFF30080 	 .section .text.readADC,"ax",%progbits
  85              	 .align 1
  86              	 .global readADC
  87              	 .thumb
  88              	 .thumb_func
  90              	readADC:
  91              	 
  92              	 
  93 0000 70B5     	 push {r4,r5,r6,lr}
  94 0002 1D4B     	 ldr r3,.L11+8
  95 0004 1D4A     	 ldr r2,.L11+12
  96 0006 197A     	 ldrb r1,[r3,#8]
  97 0008 1B68     	 ldr r3,[r3]
  98 000a 52F82110 	 ldr r1,[r2,r1,lsl#2]
  99 000e 9B78     	 ldrb r3,[r3,#2]
 100 0010 03F00F03 	 and r3,r3,#15
 101 0014 C033     	 adds r3,r3,#192
 102 0016 51F82300 	 ldr r0,[r1,r3,lsl#2]
 103 001a 194B     	 ldr r3,.L11+16
 104 001c 197A     	 ldrb r1,[r3,#8]
 105 001e 1B68     	 ldr r3,[r3]
 106 0020 52F82120 	 ldr r2,[r2,r1,lsl#2]
 107 0024 9B78     	 ldrb r3,[r3,#2]
 108 0026 03F00F03 	 and r3,r3,#15
 109 002a C033     	 adds r3,r3,#192
 110 002c 80B2     	 uxth r0,r0
 111 002e 52F82360 	 ldr r6,[r2,r3,lsl#2]
 112 0032 FFF7FEFF 	 bl __aeabi_i2d
 113 0036 0EA3     	 adr r3,.L11
 114 0038 D3E90023 	 ldrd r2,[r3]
 115 003c FFF7FEFF 	 bl __aeabi_dmul
 116 0040 0446     	 mov r4,r0
 117 0042 B0B2     	 uxth r0,r6
 118 0044 0D46     	 mov r5,r1
 119 0046 FFF7FEFF 	 bl __aeabi_i2d
 120 004a 09A3     	 adr r3,.L11
 121 004c D3E90023 	 ldrd r2,[r3]
 122 0050 FFF7FEFF 	 bl __aeabi_dmul
 123 0054 0246     	 mov r2,r0
 124 0056 0B46     	 mov r3,r1
 125 0058 2046     	 mov r0,r4
 126 005a 2946     	 mov r1,r5
 127 005c FFF7FEFF 	 bl __aeabi_dsub
 128 0060 FFF7FEFF 	 bl CalculateAngle
 129 0064 FFF7FEFF 	 bl __aeabi_d2uiz
 130 0068 80B2     	 uxth r0,r0
 131 006a 70BD     	 pop {r4,r5,r6,pc}
 132              	.L12:
 133 006c AFF30080 	 .align 3
 134              	.L11:
 135 0070 66666666 	 .word 1717986918
 136 0074 66664A3F 	 .word 1061840486
 137 0078 00000000 	 .word ADC_MEASUREMENT_ADV_0_Channel_A_handle
 138 007c 00000000 	 .word group_ptrs
 139 0080 00000000 	 .word ADC_MEASUREMENT_ADV_0_Channel_B_handle
 141 0084 AFF30080 	 .ident "GCC: (GNU Tools for ARM Embedded Processors) 4.9.3 20141119 (release) [ARM/embedded-4_9-branch revision 218278]"
DEFINED SYMBOLS
                            *ABS*:00000000 ADC.c
    {standard input}:17     .text.initADC:00000000 $t
    {standard input}:22     .text.initADC:00000000 initADC
    {standard input}:31     .text.initADC:00000008 $d
    {standard input}:36     .text.ConvertToVoltage:00000000 $t
    {standard input}:41     .text.ConvertToVoltage:00000000 ConvertToVoltage
    {standard input}:53     .text.ConvertToVoltage:00000018 $d
    {standard input}:58     .text.CalculateAngle:00000000 $t
    {standard input}:63     .text.CalculateAngle:00000000 CalculateAngle
    {standard input}:78     .text.CalculateAngle:00000020 $d
    {standard input}:85     .text.readADC:00000000 $t
    {standard input}:90     .text.readADC:00000000 readADC
    {standard input}:135    .text.readADC:00000070 $d
    {standard input}:84     .text.CalculateAngle:0000002c $t
    {standard input}:141    .text.readADC:00000084 $t

UNDEFINED SYMBOLS
ADC_MEASUREMENT_ADV_SoftwareTrigger
ADC_MEASUREMENT_ADV_0
__aeabi_i2d
__aeabi_dmul
__aeabi_ddiv
asin
__aeabi_dsub
__aeabi_d2uiz
ADC_MEASUREMENT_ADV_0_Channel_A_handle
group_ptrs
ADC_MEASUREMENT_ADV_0_Channel_B_handle
