   1              	 .syntax unified
   2              	 .cpu cortex-m4
   3              	 .eabi_attribute 27,3
   4              	 .fpu fpv4-sp-d16
   5              	 .eabi_attribute 20,1
   6              	 .eabi_attribute 21,1
   7              	 .eabi_attribute 23,3
   8              	 .eabi_attribute 24,1
   9              	 .eabi_attribute 25,1
  10              	 .eabi_attribute 26,1
  11              	 .eabi_attribute 30,4
  12              	 .eabi_attribute 34,1
  13              	 .eabi_attribute 18,4
  14              	 .thumb
  15              	 .file "SPI.c"
  16              	 .section .text.spi_flushrxbuffer,"ax",%progbits
  17              	 .align 1
  18              	 .global spi_flushrxbuffer
  19              	 .thumb
  20              	 .thumb_func
  22              	spi_flushrxbuffer:
  23              	 
  24              	 
  25 0000 0368     	 ldr r3,[r0]
  26 0002 4FF48042 	 mov r2,#16384
  27 0006 10B5     	 push {r4,lr}
  28 0008 0446     	 mov r4,r0
  29 000a C3F81821 	 str r2,[r3,#280]
  30              	.L2:
  31 000e 2068     	 ldr r0,[r4]
  32 0010 D0F81431 	 ldr r3,[r0,#276]
  33 0014 1B07     	 lsls r3,r3,#28
  34 0016 02D4     	 bmi .L5
  35 0018 FFF7FEFF 	 bl XMC_SPI_CH_GetReceivedData
  36 001c F7E7     	 b .L2
  37              	.L5:
  38 001e 10BD     	 pop {r4,pc}
  40              	 .ident "GCC: (GNU Tools for ARM Embedded Processors) 4.9.3 20141119 (release) [ARM/embedded-4_9-branch revision 218278]"
DEFINED SYMBOLS
                            *ABS*:00000000 SPI.c
    {standard input}:17     .text.spi_flushrxbuffer:00000000 $t
    {standard input}:22     .text.spi_flushrxbuffer:00000000 spi_flushrxbuffer

UNDEFINED SYMBOLS
XMC_SPI_CH_GetReceivedData
