   1              	 .syntax unified
   2              	 .cpu cortex-m4
   3              	 .eabi_attribute 27,3
   4              	 .fpu fpv4-sp-d16
   5              	 .eabi_attribute 20,1
   6              	 .eabi_attribute 21,1
   7              	 .eabi_attribute 23,3
   8              	 .eabi_attribute 24,1
   9              	 .eabi_attribute 25,1
  10              	 .eabi_attribute 26,1
  11              	 .eabi_attribute 30,4
  12              	 .eabi_attribute 34,1
  13              	 .eabi_attribute 18,4
  14              	 .thumb
  15              	 .file "eth_lwip.c"
  16              	 .section .text.ETH_LWIP_GetAppVersion,"ax",%progbits
  17              	 .align 1
  18              	 .global ETH_LWIP_GetAppVersion
  19              	 .thumb
  20              	 .thumb_func
  22              	ETH_LWIP_GetAppVersion:
  23              	 
  24              	 
  25              	 
  26 0000 0423     	 movs r3,#4
  27 0002 0020     	 movs r0,#0
  28 0004 63F30700 	 bfi r0,r3,#0,#8
  29 0008 0123     	 movs r3,#1
  30 000a 63F30F20 	 bfi r0,r3,#8,#8
  31 000e 0623     	 movs r3,#6
  32 0010 63F31740 	 bfi r0,r3,#16,#8
  33 0014 82B0     	 sub sp,sp,#8
  34 0016 02B0     	 add sp,sp,#8
  35              	 
  36 0018 7047     	 bx lr
  38              	 .section .text.ETH_LWIP_Init,"ax",%progbits
  39              	 .align 1
  40              	 .global ETH_LWIP_Init
  41              	 .thumb
  42              	 .thumb_func
  44              	ETH_LWIP_Init:
  45              	 
  46              	 
  47 0000 F0B5     	 push {r4,r5,r6,r7,lr}
  48 0002 047A     	 ldrb r4,[r0,#8]
  49 0004 89B0     	 sub sp,sp,#36
  50 0006 0546     	 mov r5,r0
  51 0008 ECB9     	 cbnz r4,.L4
  52 000a 1148     	 ldr r0,.L6
  53 000c 0594     	 str r4,[sp,#20]
  54 000e 0694     	 str r4,[sp,#24]
  55 0010 0794     	 str r4,[sp,#28]
  56 0012 FFF7FEFF 	 bl SYSTIMER_Init
  57 0016 0F4E     	 ldr r6,.L6+4
  58 0018 0746     	 mov r7,r0
  59 001a FFF7FEFF 	 bl lwip_init
  60 001e 0E4B     	 ldr r3,.L6+8
  61 0020 0193     	 str r3,[sp,#4]
  62 0022 0E4B     	 ldr r3,.L6+12
  63 0024 0293     	 str r3,[sp,#8]
  64 0026 05A9     	 add r1,sp,#20
  65 0028 07AB     	 add r3,sp,#28
  66 002a 06AA     	 add r2,sp,#24
  67 002c 0094     	 str r4,[sp]
  68 002e 3046     	 mov r0,r6
  69 0030 FFF7FEFF 	 bl netif_add
  70 0034 3046     	 mov r0,r6
  71 0036 FFF7FEFF 	 bl netif_set_default
  72 003a 0123     	 movs r3,#1
  73 003c 2B72     	 strb r3,[r5,#8]
  74 003e 084B     	 ldr r3,.L6+16
  75 0040 85E84800 	 stmia r5,{r3,r6}
  76 0044 00E0     	 b .L3
  77              	.L4:
  78 0046 0027     	 movs r7,#0
  79              	.L3:
  80 0048 3846     	 mov r0,r7
  81 004a 09B0     	 add sp,sp,#36
  82              	 
  83 004c F0BD     	 pop {r4,r5,r6,r7,pc}
  84              	.L7:
  85 004e 00BF     	 .align 2
  86              	.L6:
  87 0050 00000000 	 .word SYSTIMER_0
  88 0054 00000000 	 .word xnetif
  89 0058 00000000 	 .word ethernetif_init
  90 005c 00000000 	 .word ethernet_input
  91 0060 00000000 	 .word eth_mac
  93              	 .ident "GCC: (GNU Tools for ARM Embedded Processors) 4.9.3 20141119 (release) [ARM/embedded-4_9-branch revision 218278]"
DEFINED SYMBOLS
                            *ABS*:00000000 eth_lwip.c
    {standard input}:17     .text.ETH_LWIP_GetAppVersion:00000000 $t
    {standard input}:22     .text.ETH_LWIP_GetAppVersion:00000000 ETH_LWIP_GetAppVersion
    {standard input}:39     .text.ETH_LWIP_Init:00000000 $t
    {standard input}:44     .text.ETH_LWIP_Init:00000000 ETH_LWIP_Init
    {standard input}:87     .text.ETH_LWIP_Init:00000050 $d

UNDEFINED SYMBOLS
SYSTIMER_Init
lwip_init
netif_add
netif_set_default
SYSTIMER_0
xnetif
ethernetif_init
ethernet_input
eth_mac
