   1              	 .syntax unified
   2              	 .cpu cortex-m4
   3              	 .eabi_attribute 27,3
   4              	 .fpu fpv4-sp-d16
   5              	 .eabi_attribute 20,1
   6              	 .eabi_attribute 21,1
   7              	 .eabi_attribute 23,3
   8              	 .eabi_attribute 24,1
   9              	 .eabi_attribute 25,1
  10              	 .eabi_attribute 26,1
  11              	 .eabi_attribute 30,4
  12              	 .eabi_attribute 34,1
  13              	 .eabi_attribute 18,4
  14              	 .thumb
  15              	 .file "adc_measurement_adv.c"
  16              	 .section .text.ADC_MEASUREMENT_ADV_lQueueInsertEntries,"ax",%progbits
  17              	 .align 1
  18              	 .thumb
  19              	 .thumb_func
  21              	ADC_MEASUREMENT_ADV_lQueueInsertEntries:
  22              	 
  23              	 
  24 0000 084B     	 ldr r3,.L6
  25 0002 427D     	 ldrb r2,[r0,#21]
  26 0004 10B5     	 push {r4,lr}
  27 0006 4468     	 ldr r4,[r0,#4]
  28 0008 53F82210 	 ldr r1,[r3,r2,lsl#2]
  29 000c 0023     	 movs r3,#0
  30              	.L2:
  31 000e 827D     	 ldrb r2,[r0,#22]
  32 0010 9342     	 cmp r3,r2
  33 0012 06D2     	 bcs .L5
  34 0014 54F82320 	 ldr r2,[r4,r3,lsl#2]
  35 0018 1268     	 ldr r2,[r2]
  36 001a C1F81021 	 str r2,[r1,#272]
  37 001e 0133     	 adds r3,r3,#1
  38 0020 F5E7     	 b .L2
  39              	.L5:
  40 0022 10BD     	 pop {r4,pc}
  41              	.L7:
  42              	 .align 2
  43              	.L6:
  44 0024 00000000 	 .word .LANCHOR0
  46              	 .section .text.ADC_MEASUREMENT_ADV_lGetIclass,"ax",%progbits
  47              	 .align 1
  48              	 .global ADC_MEASUREMENT_ADV_lGetIclass
  49              	 .thumb
  50              	 .thumb_func
  52              	ADC_MEASUREMENT_ADV_lGetIclass:
  53              	 
  54              	 
  55              	 
  56 0000 C368     	 ldr r3,[r0,#12]
  57 0002 987E     	 ldrb r0,[r3,#26]
  58 0004 7047     	 bx lr
  60              	 .section .text.ADC_MEASUREMENT_ADV_lInsertChannels,"ax",%progbits
  61              	 .align 1
  62              	 .global ADC_MEASUREMENT_ADV_lInsertChannels
  63              	 .thumb
  64              	 .thumb_func
  66              	ADC_MEASUREMENT_ADV_lInsertChannels:
  67              	 
  68              	 
  69              	 
  70 0000 FFF7FEBF 	 b ADC_MEASUREMENT_ADV_lQueueInsertEntries
  72              	 .section .text.ADC_MEASUREMENT_ADV_lSetBoundary,"ax",%progbits
  73              	 .align 1
  74              	 .global ADC_MEASUREMENT_ADV_lSetBoundary
  75              	 .thumb
  76              	 .thumb_func
  78              	ADC_MEASUREMENT_ADV_lSetBoundary:
  79              	 
  80              	 
  81              	 
  82 0000 0329     	 cmp r1,#3
  83 0002 0FD8     	 bhi .L10
  84 0004 DFE801F0 	 tbb [pc,r1]
  85              	.L13:
  86 0008 02       	 .byte (.L12-.L13)/2
  87 0009 02       	 .byte (.L12-.L13)/2
  88 000a 09       	 .byte (.L14-.L13)/2
  89 000b 09       	 .byte (.L14-.L13)/2
  90              	 .p2align 1
  91              	.L12:
  92 000c 007A     	 ldrb r0,[r0,#8]
  93 000e 064B     	 ldr r3,.L15
  94 0010 92B2     	 uxth r2,r2
  95 0012 53F82000 	 ldr r0,[r3,r0,lsl#2]
  96 0016 FFF7FEBF 	 b XMC_VADC_GROUP_SetIndividualBoundary
  97              	.L14:
  98 001a 4FF04020 	 mov r0,#1073758208
  99 001e 92B2     	 uxth r2,r2
 100 0020 FFF7FEBF 	 b XMC_VADC_GLOBAL_SetIndividualBoundary
 101              	.L10:
 102 0024 7047     	 bx lr
 103              	.L16:
 104 0026 00BF     	 .align 2
 105              	.L15:
 106 0028 00000000 	 .word .LANCHOR0
 108              	 .section .text.ADC_MEASUREMENT_ADV_lSyncADCClocks,"ax",%progbits
 109              	 .align 1
 110              	 .global ADC_MEASUREMENT_ADV_lSyncADCClocks
 111              	 .thumb
 112              	 .thumb_func
 114              	ADC_MEASUREMENT_ADV_lSyncADCClocks:
 115              	 
 116              	 
 117 0000 10B5     	 push {r4,lr}
 118 0002 1348     	 ldr r0,.L20
 119 0004 0021     	 movs r1,#0
 120 0006 FFF7FEFF 	 bl XMC_VADC_GROUP_SetPowerMode
 121 000a 1248     	 ldr r0,.L20+4
 122 000c 0021     	 movs r1,#0
 123 000e FFF7FEFF 	 bl XMC_VADC_GROUP_SetPowerMode
 124 0012 1148     	 ldr r0,.L20+8
 125 0014 0021     	 movs r1,#0
 126 0016 FFF7FEFF 	 bl XMC_VADC_GROUP_SetPowerMode
 127 001a 1048     	 ldr r0,.L20+12
 128 001c 0021     	 movs r1,#0
 129 001e FFF7FEFF 	 bl XMC_VADC_GROUP_SetPowerMode
 130 0022 0324     	 movs r4,#3
 131              	.L18:
 132 0024 0E4B     	 ldr r3,.L20+16
 133 0026 2246     	 mov r2,r4
 134 0028 53F82400 	 ldr r0,[r3,r4,lsl#2]
 135 002c 0021     	 movs r1,#0
 136 002e FFF7FEFF 	 bl XMC_VADC_GROUP_SetSyncSlave
 137 0032 2146     	 mov r1,r4
 138 0034 0948     	 ldr r0,.L20+12
 139 0036 FFF7FEFF 	 bl XMC_VADC_GROUP_CheckSlaveReadiness
 140 003a 013C     	 subs r4,r4,#1
 141 003c F2D1     	 bne .L18
 142 003e 0748     	 ldr r0,.L20+12
 143 0040 FFF7FEFF 	 bl XMC_VADC_GROUP_SetSyncMaster
 144 0044 0548     	 ldr r0,.L20+12
 145 0046 0321     	 movs r1,#3
 146 0048 BDE81040 	 pop {r4,lr}
 147 004c FFF7FEBF 	 b XMC_VADC_GROUP_SetPowerMode
 148              	.L21:
 149              	 .align 2
 150              	.L20:
 151 0050 00500040 	 .word 1073762304
 152 0054 004C0040 	 .word 1073761280
 153 0058 00480040 	 .word 1073760256
 154 005c 00440040 	 .word 1073759232
 155 0060 00000000 	 .word .LANCHOR0
 157              	 .section .text.ADC_MEASUREMENT_ADV_GetAppVersion,"ax",%progbits
 158              	 .align 1
 159              	 .global ADC_MEASUREMENT_ADV_GetAppVersion
 160              	 .thumb
 161              	 .thumb_func
 163              	ADC_MEASUREMENT_ADV_GetAppVersion:
 164              	 
 165              	 
 166              	 
 167 0000 0023     	 movs r3,#0
 168 0002 1846     	 mov r0,r3
 169 0004 0422     	 movs r2,#4
 170 0006 62F30700 	 bfi r0,r2,#0,#8
 171 000a 63F30F20 	 bfi r0,r3,#8,#8
 172 000e 0E23     	 movs r3,#14
 173 0010 63F31740 	 bfi r0,r3,#16,#8
 174 0014 82B0     	 sub sp,sp,#8
 175 0016 02B0     	 add sp,sp,#8
 176              	 
 177 0018 7047     	 bx lr
 179              	 .section .text.ADC_MEASUREMENT_ADV_StartADC,"ax",%progbits
 180              	 .align 1
 181              	 .global ADC_MEASUREMENT_ADV_StartADC
 182              	 .thumb
 183              	 .thumb_func
 185              	ADC_MEASUREMENT_ADV_StartADC:
 186              	 
 187              	 
 188              	 
 189 0000 427D     	 ldrb r2,[r0,#21]
 190 0002 054B     	 ldr r3,.L24
 191 0004 53F82220 	 ldr r2,[r3,r2,lsl#2]
 192 0008 D2F88430 	 ldr r3,[r2,#132]
 193 000c 43F08073 	 orr r3,r3,#16777216
 194 0010 C2F88430 	 str r3,[r2,#132]
 195 0014 7047     	 bx lr
 196              	.L25:
 197 0016 00BF     	 .align 2
 198              	.L24:
 199 0018 00000000 	 .word .LANCHOR0
 201              	 .section .text.ADC_MEASUREMENT_ADV_SoftwareTrigger,"ax",%progbits
 202              	 .align 1
 203              	 .global ADC_MEASUREMENT_ADV_SoftwareTrigger
 204              	 .thumb
 205              	 .thumb_func
 207              	ADC_MEASUREMENT_ADV_SoftwareTrigger:
 208              	 
 209              	 
 210              	 
 211 0000 427D     	 ldrb r2,[r0,#21]
 212 0002 054B     	 ldr r3,.L27
 213 0004 53F82220 	 ldr r2,[r3,r2,lsl#2]
 214 0008 D2F80431 	 ldr r3,[r2,#260]
 215 000c 43F40073 	 orr r3,r3,#512
 216 0010 C2F80431 	 str r3,[r2,#260]
 217 0014 7047     	 bx lr
 218              	.L28:
 219 0016 00BF     	 .align 2
 220              	.L27:
 221 0018 00000000 	 .word .LANCHOR0
 223              	 .section .text.ADC_MEASUREMENT_ADC_lNvicEnable,"ax",%progbits
 224              	 .align 1
 225              	 .global ADC_MEASUREMENT_ADC_lNvicEnable
 226              	 .thumb
 227              	 .thumb_func
 229              	ADC_MEASUREMENT_ADC_lNvicEnable:
 230              	 
 231              	 
 232              	 
 233 0000 C368     	 ldr r3,[r0,#12]
 234 0002 1A7B     	 ldrb r2,[r3,#12]
 235 0004 82B1     	 cbz r2,.L29
 236 0006 027D     	 ldrb r2,[r0,#20]
 237 0008 032A     	 cmp r2,#3
 238 000a 0DD1     	 bne .L29
 239 000c 1A68     	 ldr r2,[r3]
 240 000e 53B2     	 sxtb r3,r2
 241 0010 002B     	 cmp r3,#0
 242 0012 A1BF     	 itttt ge
 243 0014 0121     	 movge r1,#1
 244 0016 02F01F02 	 andge r2,r2,#31
 245 001a 01FA02F2 	 lslge r2,r1,r2
 246 001e 5B09     	 lsrge r3,r3,#5
 247 0020 A4BF     	 itt ge
 248 0022 0249     	 ldrge r1,.L34
 249 0024 41F82320 	 strge r2,[r1,r3,lsl#2]
 250              	.L29:
 251 0028 7047     	 bx lr
 252              	.L35:
 253 002a 00BF     	 .align 2
 254              	.L34:
 255 002c 00E100E0 	 .word -536813312
 257              	 .section .text.ADC_MEASUREMENT_ADV_Init,"ax",%progbits
 258              	 .align 1
 259              	 .global ADC_MEASUREMENT_ADV_Init
 260              	 .thumb
 261              	 .thumb_func
 263              	ADC_MEASUREMENT_ADV_Init:
 264              	 
 265              	 
 266 0000 2DE9F84F 	 push {r3,r4,r5,r6,r7,r8,r9,r10,fp,lr}
 267 0004 0369     	 ldr r3,[r0,#16]
 268 0006 1B78     	 ldrb r3,[r3]
 269 0008 022B     	 cmp r3,#2
 270 000a 0446     	 mov r4,r0
 271 000c 40F0A280 	 bne .L37
 272 0010 0120     	 movs r0,#1
 273 0012 FFF7FEFF 	 bl XMC_SCU_RESET_IsPeripheralResetAsserted
 274 0016 514E     	 ldr r6,.L56
 275 0018 38B9     	 cbnz r0,.L47
 276 001a 637D     	 ldrb r3,[r4,#21]
 277 001c 56F82330 	 ldr r3,[r6,r3,lsl#2]
 278 0020 D3F88470 	 ldr r7,[r3,#132]
 279 0024 C7F30067 	 ubfx r7,r7,#24,#1
 280 0028 00E0     	 b .L38
 281              	.L47:
 282 002a 0027     	 movs r7,#0
 283              	.L38:
 284 002c 94F81590 	 ldrb r9,[r4,#21]
 285 0030 4B48     	 ldr r0,.L56+4
 286 0032 E568     	 ldr r5,[r4,#12]
 287 0034 FFF7FEFF 	 bl GLOBAL_ADC_Init
 288 0038 56F82990 	 ldr r9,[r6,r9,lsl#2]
 289 003c AB7E     	 ldrb r3,[r5,#26]
 290 003e 2969     	 ldr r1,[r5,#16]
 291 0040 0022     	 movs r2,#0
 292 0042 8046     	 mov r8,r0
 293 0044 4846     	 mov r0,r9
 294 0046 FFF7FEFF 	 bl XMC_VADC_GROUP_InputClassInit
 295 004a 6969     	 ldr r1,[r5,#20]
 296 004c 4846     	 mov r0,r9
 297 004e FFF7FEFF 	 bl XMC_VADC_GROUP_QueueInit
 298 0052 D9F80421 	 ldr r2,[r9,#260]
 299 0056 297E     	 ldrb r1,[r5,#24]
 300 0058 22F00302 	 bic r2,r2,#3
 301 005c C9F80421 	 str r2,[r9,#260]
 302 0060 D9F80431 	 ldr r3,[r9,#260]
 303 0064 0B43     	 orrs r3,r3,r1
 304 0066 C9F80431 	 str r3,[r9,#260]
 305 006a 2B7B     	 ldrb r3,[r5,#12]
 306 006c 002B     	 cmp r3,#0
 307 006e 38D0     	 beq .L39
 308 0070 3C4B     	 ldr r3,.L56+8
 309 0072 2868     	 ldr r0,[r5]
 310 0074 D968     	 ldr r1,[r3,#12]
 311 0076 6A68     	 ldr r2,[r5,#4]
 312 0078 AB68     	 ldr r3,[r5,#8]
 313 007a C1F30221 	 ubfx r1,r1,#8,#3
 314 007e C1F1070B 	 rsb fp,r1,#7
 315 0082 BBF1060F 	 cmp fp,#6
 316 0086 5FFA80FE 	 uxtb lr,r0
 317 008a 28BF     	 it cs
 318 008c 4FF0060B 	 movcs fp,#6
 319 0090 01B1     	 cbz r1,.L40
 320 0092 0139     	 subs r1,r1,#1
 321              	.L40:
 322 0094 4FF0010C 	 mov ip,#1
 323 0098 0CFA01FA 	 lsl r10,ip,r1
 324 009c 0AF1FF3A 	 add r10,r10,#-1
 325 00a0 0CFA0BFC 	 lsl ip,ip,fp
 326 00a4 0AEA030A 	 and r10,r10,r3
 327 00a8 0CF1FF33 	 add r3,ip,#-1
 328 00ac 1340     	 ands r3,r3,r2
 329 00ae 8B40     	 lsls r3,r3,r1
 330 00b0 4FFA8EF2 	 sxtb r2,lr
 331 00b4 002A     	 cmp r2,#0
 332 00b6 4AEA0303 	 orr r3,r10,r3
 333 00ba 4FEA8303 	 lsl r3,r3,#2
 334 00be ADBF     	 iteet ge
 335 00c0 02F16042 	 addge r2,r2,#-536870912
 336 00c4 00F00F00 	 andlt r0,r0,#15
 337 00c8 274A     	 ldrlt r2,.L56+12
 338 00ca 02F56142 	 addge r2,r2,#57600
 339 00ce B9BF     	 ittee lt
 340 00d0 DBB2     	 uxtblt r3,r3
 341 00d2 1354     	 strblt r3,[r2,r0]
 342 00d4 DBB2     	 uxtbge r3,r3
 343 00d6 82F80033 	 strbge r3,[r2,#768]
 344 00da 4846     	 mov r0,r9
 345 00dc 697E     	 ldrb r1,[r5,#25]
 346 00de FFF7FEFF 	 bl XMC_VADC_GROUP_QueueSetReqSrcEventInterruptNode
 347              	.L39:
 348 00e2 47B9     	 cbnz r7,.L43
 349 00e4 637D     	 ldrb r3,[r4,#21]
 350 00e6 56F82320 	 ldr r2,[r6,r3,lsl#2]
 351 00ea D2F88430 	 ldr r3,[r2,#132]
 352 00ee 23F08073 	 bic r3,r3,#16777216
 353 00f2 C2F88430 	 str r3,[r2,#132]
 354              	.L43:
 355 00f6 FFF7FEFF 	 bl ADC_MEASUREMENT_ADV_lSyncADCClocks
 356 00fa A368     	 ldr r3,[r4,#8]
 357 00fc 03B1     	 cbz r3,.L44
 358 00fe 9847     	 blx r3
 359              	.L44:
 360 0100 94F81790 	 ldrb r9,[r4,#23]
 361 0104 0027     	 movs r7,#0
 362              	.L45:
 363 0106 FBB2     	 uxtb r3,r7
 364 0108 4B45     	 cmp r3,r9
 365 010a 17D2     	 bcs .L55
 366 010c 2368     	 ldr r3,[r4]
 367 010e 53F82750 	 ldr r5,[r3,r7,lsl#2]
 368 0112 2B7A     	 ldrb r3,[r5,#8]
 369 0114 697A     	 ldrb r1,[r5,#9]
 370 0116 56F82300 	 ldr r0,[r6,r3,lsl#2]
 371 011a 2A68     	 ldr r2,[r5]
 372 011c FFF7FEFF 	 bl XMC_VADC_GROUP_ChannelInit
 373 0120 2B7A     	 ldrb r3,[r5,#8]
 374 0122 6968     	 ldr r1,[r5,#4]
 375 0124 56F82320 	 ldr r2,[r6,r3,lsl#2]
 376 0128 2B68     	 ldr r3,[r5]
 377 012a 0968     	 ldr r1,[r1]
 378 012c 9B78     	 ldrb r3,[r3,#2]
 379 012e 03F00F03 	 and r3,r3,#15
 380 0132 A033     	 adds r3,r3,#160
 381 0134 0137     	 adds r7,r7,#1
 382 0136 42F82310 	 str r1,[r2,r3,lsl#2]
 383 013a E4E7     	 b .L45
 384              	.L55:
 385 013c 2046     	 mov r0,r4
 386 013e FFF7FEFF 	 bl ADC_MEASUREMENT_ADC_lNvicEnable
 387 0142 2046     	 mov r0,r4
 388 0144 FFF7FEFF 	 bl ADC_MEASUREMENT_ADV_lQueueInsertEntries
 389 0148 2046     	 mov r0,r4
 390 014a FFF7FEFF 	 bl ADC_MEASUREMENT_ADV_StartADC
 391 014e 2369     	 ldr r3,[r4,#16]
 392 0150 83F80080 	 strb r8,[r3]
 393              	.L37:
 394 0154 2369     	 ldr r3,[r4,#16]
 395 0156 1878     	 ldrb r0,[r3]
 396 0158 BDE8F88F 	 pop {r3,r4,r5,r6,r7,r8,r9,r10,fp,pc}
 397              	.L57:
 398              	 .align 2
 399              	.L56:
 400 015c 00000000 	 .word .LANCHOR0
 401 0160 00000000 	 .word GLOBAL_ADC_0
 402 0164 00ED00E0 	 .word -536810240
 403 0168 14ED00E0 	 .word -536810220
 405              	 .section .text.ADC_MEASUREMENT_ADV_SetFastCompareValue,"ax",%progbits
 406              	 .align 1
 407              	 .global ADC_MEASUREMENT_ADV_SetFastCompareValue
 408              	 .thumb
 409              	 .thumb_func
 411              	ADC_MEASUREMENT_ADV_SetFastCompareValue:
 412              	 
 413              	 
 414 0000 B1F5806F 	 cmp r1,#1024
 415 0004 10B5     	 push {r4,lr}
 416 0006 0A46     	 mov r2,r1
 417 0008 0BD2     	 bcs .L60
 418 000a 0368     	 ldr r3,[r0]
 419 000c 047A     	 ldrb r4,[r0,#8]
 420 000e 9978     	 ldrb r1,[r3,#2]
 421 0010 054B     	 ldr r3,.L61
 422 0012 01F00F01 	 and r1,r1,#15
 423 0016 53F82400 	 ldr r0,[r3,r4,lsl#2]
 424 001a FFF7FEFF 	 bl XMC_VADC_GROUP_SetResultFastCompareValue
 425 001e 0020     	 movs r0,#0
 426 0020 10BD     	 pop {r4,pc}
 427              	.L60:
 428 0022 0120     	 movs r0,#1
 429 0024 10BD     	 pop {r4,pc}
 430              	.L62:
 431 0026 00BF     	 .align 2
 432              	.L61:
 433 0028 00000000 	 .word .LANCHOR0
 435              	 .section .text.ADC_MEASUREMENT_ADV_SetSubtractionValue,"ax",%progbits
 436              	 .align 1
 437              	 .global ADC_MEASUREMENT_ADV_SetSubtractionValue
 438              	 .thumb
 439              	 .thumb_func
 441              	ADC_MEASUREMENT_ADV_SetSubtractionValue:
 442              	 
 443              	 
 444 0000 70B5     	 push {r4,r5,r6,lr}
 445 0002 437D     	 ldrb r3,[r0,#21]
 446 0004 0125     	 movs r5,#1
 447 0006 8A40     	 lsls r2,r2,r1
 448 0008 9D40     	 lsls r5,r5,r3
 449 000a 96B2     	 uxth r6,r2
 450 000c 0024     	 movs r4,#0
 451              	.L65:
 452 000e 25FA04F3 	 lsr r3,r5,r4
 453 0012 DB07     	 lsls r3,r3,#31
 454 0014 05D5     	 bpl .L64
 455 0016 054B     	 ldr r3,.L70
 456 0018 3146     	 mov r1,r6
 457 001a 53F82400 	 ldr r0,[r3,r4,lsl#2]
 458 001e FFF7FEFF 	 bl XMC_VADC_GROUP_SetResultSubtractionValue
 459              	.L64:
 460 0022 0134     	 adds r4,r4,#1
 461 0024 042C     	 cmp r4,#4
 462 0026 F2D1     	 bne .L65
 463 0028 70BD     	 pop {r4,r5,r6,pc}
 464              	.L71:
 465 002a 00BF     	 .align 2
 466              	.L70:
 467 002c 00000000 	 .word .LANCHOR0
 469              	 .section .text.ADC_MEASUREMENT_ADV_ConfigureChannelClass,"ax",%progbits
 470              	 .align 1
 471              	 .global ADC_MEASUREMENT_ADV_ConfigureChannelClass
 472              	 .thumb
 473              	 .thumb_func
 475              	ADC_MEASUREMENT_ADV_ConfigureChannelClass:
 476              	 
 477              	 
 478 0000 10B5     	 push {r4,lr}
 479 0002 0368     	 ldr r3,[r0]
 480 0004 047A     	 ldrb r4,[r0,#8]
 481 0006 064A     	 ldr r2,.L73
 482 0008 1B78     	 ldrb r3,[r3]
 483 000a 52F82400 	 ldr r0,[r2,r4,lsl#2]
 484 000e 0968     	 ldr r1,[r1]
 485 0010 0022     	 movs r2,#0
 486 0012 03F00303 	 and r3,r3,#3
 487 0016 BDE81040 	 pop {r4,lr}
 488 001a FFF7FEBF 	 b XMC_VADC_GROUP_InputClassInit
 489              	.L74:
 490 001e 00BF     	 .align 2
 491              	.L73:
 492 0020 00000000 	 .word .LANCHOR0
 494              	 .section .text.ADC_MEASUREMENT_ADV_SetAlternateReference,"ax",%progbits
 495              	 .align 1
 496              	 .global ADC_MEASUREMENT_ADV_SetAlternateReference
 497              	 .thumb
 498              	 .thumb_func
 500              	ADC_MEASUREMENT_ADV_SetAlternateReference:
 501              	 
 502              	 
 503              	 
 504 0000 0346     	 mov r3,r0
 505 0002 0A46     	 mov r2,r1
 506 0004 007A     	 ldrb r0,[r0,#8]
 507 0006 0349     	 ldr r1,.L76
 508 0008 51F82000 	 ldr r0,[r1,r0,lsl#2]
 509 000c 597A     	 ldrb r1,[r3,#9]
 510 000e FFF7FEBF 	 b XMC_VADC_GROUP_ChannelSetInputReference
 511              	.L77:
 512 0012 00BF     	 .align 2
 513              	.L76:
 514 0014 00000000 	 .word .LANCHOR0
 516              	 .section .text.ADC_MEASUREMENT_ADV_SelectBoundary,"ax",%progbits
 517              	 .align 1
 518              	 .global ADC_MEASUREMENT_ADV_SelectBoundary
 519              	 .thumb
 520              	 .thumb_func
 522              	ADC_MEASUREMENT_ADV_SelectBoundary:
 523              	 
 524              	 
 525 0000 30B5     	 push {r4,r5,lr}
 526 0002 1346     	 mov r3,r2
 527 0004 0446     	 mov r4,r0
 528 0006 0D46     	 mov r5,r1
 529 0008 044A     	 ldr r2,.L79
 530 000a 017A     	 ldrb r1,[r0,#8]
 531 000c 52F82100 	 ldr r0,[r2,r1,lsl#2]
 532 0010 617A     	 ldrb r1,[r4,#9]
 533 0012 2A46     	 mov r2,r5
 534 0014 BDE83040 	 pop {r4,r5,lr}
 535 0018 FFF7FEBF 	 b XMC_VADC_GROUP_ChannelSetBoundarySelection
 536              	.L80:
 537              	 .align 2
 538              	.L79:
 539 001c 00000000 	 .word .LANCHOR0
 541              	 .section .text.ADC_MEASUREMENT_ADV_SetBoundaryUpper,"ax",%progbits
 542              	 .align 1
 543              	 .global ADC_MEASUREMENT_ADV_SetBoundaryUpper
 544              	 .thumb
 545              	 .thumb_func
 547              	ADC_MEASUREMENT_ADV_SetBoundaryUpper:
 548              	 
 549              	 
 550              	 
 551 0000 0368     	 ldr r3,[r0]
 552 0002 0A46     	 mov r2,r1
 553 0004 1978     	 ldrb r1,[r3]
 554 0006 8909     	 lsrs r1,r1,#6
 555 0008 FFF7FEBF 	 b ADC_MEASUREMENT_ADV_lSetBoundary
 557              	 .section .text.ADC_MEASUREMENT_ADV_SetBoundaryLower,"ax",%progbits
 558              	 .align 1
 559              	 .global ADC_MEASUREMENT_ADV_SetBoundaryLower
 560              	 .thumb
 561              	 .thumb_func
 563              	ADC_MEASUREMENT_ADV_SetBoundaryLower:
 564              	 
 565              	 
 566              	 
 567 0000 0368     	 ldr r3,[r0]
 568 0002 0A46     	 mov r2,r1
 569 0004 1978     	 ldrb r1,[r3]
 570 0006 C1F30111 	 ubfx r1,r1,#4,#2
 571 000a FFF7FEBF 	 b ADC_MEASUREMENT_ADV_lSetBoundary
 573              	 .section .text.ADC_MEASUREMENT_ADV_GetAliasValue,"ax",%progbits
 574              	 .align 1
 575              	 .global ADC_MEASUREMENT_ADV_GetAliasValue
 576              	 .thumb
 577              	 .thumb_func
 579              	ADC_MEASUREMENT_ADV_GetAliasValue:
 580              	 
 581              	 
 582              	 
 583 0000 027A     	 ldrb r2,[r0,#8]
 584 0002 0C4B     	 ldr r3,.L89
 585 0004 53F82230 	 ldr r3,[r3,r2,lsl#2]
 586 0008 427A     	 ldrb r2,[r0,#9]
 587 000a D3F8B030 	 ldr r3,[r3,#176]
 588 000e 32B9     	 cbnz r2,.L84
 589 0010 13F01F0F 	 tst r3,#31
 590 0014 03F01F00 	 and r0,r3,#31
 591 0018 08BF     	 it eq
 592 001a FF20     	 moveq r0,#255
 593 001c 08E0     	 b .L85
 594              	.L84:
 595 001e 012A     	 cmp r2,#1
 596 0020 05D1     	 bne .L87
 597 0022 C3F30420 	 ubfx r0,r3,#8,#5
 598 0026 0128     	 cmp r0,#1
 599 0028 08BF     	 it eq
 600 002a FF20     	 moveq r0,#255
 601 002c 00E0     	 b .L85
 602              	.L87:
 603 002e FF20     	 movs r0,#255
 604              	.L85:
 605 0030 40B2     	 sxtb r0,r0
 606 0032 7047     	 bx lr
 607              	.L90:
 608              	 .align 2
 609              	.L89:
 610 0034 00000000 	 .word .LANCHOR0
 612              	 .global group_ptrs
 613              	 .section .rodata.group_ptrs,"a",%progbits
 614              	 .align 2
 615              	 .set .LANCHOR0,.+0
 618              	group_ptrs:
 619 0000 00440040 	 .word 1073759232
 620 0004 00480040 	 .word 1073760256
 621 0008 004C0040 	 .word 1073761280
 622 000c 00500040 	 .word 1073762304
 623              	 .ident "GCC: (GNU Tools for ARM Embedded Processors) 4.9.3 20141119 (release) [ARM/embedded-4_9-branch revision 218278]"
DEFINED SYMBOLS
                            *ABS*:00000000 adc_measurement_adv.c
    {standard input}:17     .text.ADC_MEASUREMENT_ADV_lQueueInsertEntries:00000000 $t
    {standard input}:21     .text.ADC_MEASUREMENT_ADV_lQueueInsertEntries:00000000 ADC_MEASUREMENT_ADV_lQueueInsertEntries
    {standard input}:44     .text.ADC_MEASUREMENT_ADV_lQueueInsertEntries:00000024 $d
    {standard input}:47     .text.ADC_MEASUREMENT_ADV_lGetIclass:00000000 $t
    {standard input}:52     .text.ADC_MEASUREMENT_ADV_lGetIclass:00000000 ADC_MEASUREMENT_ADV_lGetIclass
    {standard input}:61     .text.ADC_MEASUREMENT_ADV_lInsertChannels:00000000 $t
    {standard input}:66     .text.ADC_MEASUREMENT_ADV_lInsertChannels:00000000 ADC_MEASUREMENT_ADV_lInsertChannels
    {standard input}:73     .text.ADC_MEASUREMENT_ADV_lSetBoundary:00000000 $t
    {standard input}:78     .text.ADC_MEASUREMENT_ADV_lSetBoundary:00000000 ADC_MEASUREMENT_ADV_lSetBoundary
    {standard input}:86     .text.ADC_MEASUREMENT_ADV_lSetBoundary:00000008 $d
    {standard input}:90     .text.ADC_MEASUREMENT_ADV_lSetBoundary:0000000c $t
    {standard input}:106    .text.ADC_MEASUREMENT_ADV_lSetBoundary:00000028 $d
    {standard input}:109    .text.ADC_MEASUREMENT_ADV_lSyncADCClocks:00000000 $t
    {standard input}:114    .text.ADC_MEASUREMENT_ADV_lSyncADCClocks:00000000 ADC_MEASUREMENT_ADV_lSyncADCClocks
    {standard input}:151    .text.ADC_MEASUREMENT_ADV_lSyncADCClocks:00000050 $d
    {standard input}:158    .text.ADC_MEASUREMENT_ADV_GetAppVersion:00000000 $t
    {standard input}:163    .text.ADC_MEASUREMENT_ADV_GetAppVersion:00000000 ADC_MEASUREMENT_ADV_GetAppVersion
    {standard input}:180    .text.ADC_MEASUREMENT_ADV_StartADC:00000000 $t
    {standard input}:185    .text.ADC_MEASUREMENT_ADV_StartADC:00000000 ADC_MEASUREMENT_ADV_StartADC
    {standard input}:199    .text.ADC_MEASUREMENT_ADV_StartADC:00000018 $d
    {standard input}:202    .text.ADC_MEASUREMENT_ADV_SoftwareTrigger:00000000 $t
    {standard input}:207    .text.ADC_MEASUREMENT_ADV_SoftwareTrigger:00000000 ADC_MEASUREMENT_ADV_SoftwareTrigger
    {standard input}:221    .text.ADC_MEASUREMENT_ADV_SoftwareTrigger:00000018 $d
    {standard input}:224    .text.ADC_MEASUREMENT_ADC_lNvicEnable:00000000 $t
    {standard input}:229    .text.ADC_MEASUREMENT_ADC_lNvicEnable:00000000 ADC_MEASUREMENT_ADC_lNvicEnable
    {standard input}:255    .text.ADC_MEASUREMENT_ADC_lNvicEnable:0000002c $d
    {standard input}:258    .text.ADC_MEASUREMENT_ADV_Init:00000000 $t
    {standard input}:263    .text.ADC_MEASUREMENT_ADV_Init:00000000 ADC_MEASUREMENT_ADV_Init
    {standard input}:400    .text.ADC_MEASUREMENT_ADV_Init:0000015c $d
    {standard input}:406    .text.ADC_MEASUREMENT_ADV_SetFastCompareValue:00000000 $t
    {standard input}:411    .text.ADC_MEASUREMENT_ADV_SetFastCompareValue:00000000 ADC_MEASUREMENT_ADV_SetFastCompareValue
    {standard input}:433    .text.ADC_MEASUREMENT_ADV_SetFastCompareValue:00000028 $d
    {standard input}:436    .text.ADC_MEASUREMENT_ADV_SetSubtractionValue:00000000 $t
    {standard input}:441    .text.ADC_MEASUREMENT_ADV_SetSubtractionValue:00000000 ADC_MEASUREMENT_ADV_SetSubtractionValue
    {standard input}:467    .text.ADC_MEASUREMENT_ADV_SetSubtractionValue:0000002c $d
    {standard input}:470    .text.ADC_MEASUREMENT_ADV_ConfigureChannelClass:00000000 $t
    {standard input}:475    .text.ADC_MEASUREMENT_ADV_ConfigureChannelClass:00000000 ADC_MEASUREMENT_ADV_ConfigureChannelClass
    {standard input}:492    .text.ADC_MEASUREMENT_ADV_ConfigureChannelClass:00000020 $d
    {standard input}:495    .text.ADC_MEASUREMENT_ADV_SetAlternateReference:00000000 $t
    {standard input}:500    .text.ADC_MEASUREMENT_ADV_SetAlternateReference:00000000 ADC_MEASUREMENT_ADV_SetAlternateReference
    {standard input}:514    .text.ADC_MEASUREMENT_ADV_SetAlternateReference:00000014 $d
    {standard input}:517    .text.ADC_MEASUREMENT_ADV_SelectBoundary:00000000 $t
    {standard input}:522    .text.ADC_MEASUREMENT_ADV_SelectBoundary:00000000 ADC_MEASUREMENT_ADV_SelectBoundary
    {standard input}:539    .text.ADC_MEASUREMENT_ADV_SelectBoundary:0000001c $d
    {standard input}:542    .text.ADC_MEASUREMENT_ADV_SetBoundaryUpper:00000000 $t
    {standard input}:547    .text.ADC_MEASUREMENT_ADV_SetBoundaryUpper:00000000 ADC_MEASUREMENT_ADV_SetBoundaryUpper
    {standard input}:558    .text.ADC_MEASUREMENT_ADV_SetBoundaryLower:00000000 $t
    {standard input}:563    .text.ADC_MEASUREMENT_ADV_SetBoundaryLower:00000000 ADC_MEASUREMENT_ADV_SetBoundaryLower
    {standard input}:574    .text.ADC_MEASUREMENT_ADV_GetAliasValue:00000000 $t
    {standard input}:579    .text.ADC_MEASUREMENT_ADV_GetAliasValue:00000000 ADC_MEASUREMENT_ADV_GetAliasValue
    {standard input}:610    .text.ADC_MEASUREMENT_ADV_GetAliasValue:00000034 $d
    {standard input}:618    .rodata.group_ptrs:00000000 group_ptrs
    {standard input}:614    .rodata.group_ptrs:00000000 $d

UNDEFINED SYMBOLS
XMC_VADC_GROUP_SetIndividualBoundary
XMC_VADC_GLOBAL_SetIndividualBoundary
XMC_VADC_GROUP_SetPowerMode
XMC_VADC_GROUP_SetSyncSlave
XMC_VADC_GROUP_CheckSlaveReadiness
XMC_VADC_GROUP_SetSyncMaster
XMC_SCU_RESET_IsPeripheralResetAsserted
GLOBAL_ADC_Init
XMC_VADC_GROUP_InputClassInit
XMC_VADC_GROUP_QueueInit
XMC_VADC_GROUP_QueueSetReqSrcEventInterruptNode
XMC_VADC_GROUP_ChannelInit
GLOBAL_ADC_0
XMC_VADC_GROUP_SetResultFastCompareValue
XMC_VADC_GROUP_SetResultSubtractionValue
XMC_VADC_GROUP_ChannelSetInputReference
XMC_VADC_GROUP_ChannelSetBoundarySelection
