   1              	 .syntax unified
   2              	 .cpu cortex-m4
   3              	 .eabi_attribute 27,3
   4              	 .fpu fpv4-sp-d16
   5              	 .eabi_attribute 20,1
   6              	 .eabi_attribute 21,1
   7              	 .eabi_attribute 23,3
   8              	 .eabi_attribute 24,1
   9              	 .eabi_attribute 25,1
  10              	 .eabi_attribute 26,1
  11              	 .eabi_attribute 30,4
  12              	 .eabi_attribute 34,1
  13              	 .eabi_attribute 18,4
  14              	 .thumb
  15              	 .file "init.c"
  16              	 .section .text.lwip_init,"ax",%progbits
  17              	 .align 1
  18              	 .global lwip_init
  19              	 .thumb
  20              	 .thumb_func
  22              	lwip_init:
  23              	 
  24              	 
  25 0000 08B5     	 push {r3,lr}
  26 0002 FFF7FEFF 	 bl mem_init
  27 0006 FFF7FEFF 	 bl memp_init
  28 000a FFF7FEFF 	 bl netif_init
  29 000e FFF7FEFF 	 bl udp_init
  30 0012 FFF7FEFF 	 bl tcp_init
  31 0016 BDE80840 	 pop {r3,lr}
  32 001a FFF7FEBF 	 b sys_timeouts_init
  34              	 .ident "GCC: (GNU Tools for ARM Embedded Processors) 4.9.3 20141119 (release) [ARM/embedded-4_9-branch revision 218278]"
DEFINED SYMBOLS
                            *ABS*:00000000 init.c
    {standard input}:17     .text.lwip_init:00000000 $t
    {standard input}:22     .text.lwip_init:00000000 lwip_init

UNDEFINED SYMBOLS
mem_init
memp_init
netif_init
udp_init
tcp_init
sys_timeouts_init
