   1              	 .syntax unified
   2              	 .cpu cortex-m4
   3              	 .eabi_attribute 27,3
   4              	 .fpu fpv4-sp-d16
   5              	 .eabi_attribute 20,1
   6              	 .eabi_attribute 21,1
   7              	 .eabi_attribute 23,3
   8              	 .eabi_attribute 24,1
   9              	 .eabi_attribute 25,1
  10              	 .eabi_attribute 26,1
  11              	 .eabi_attribute 30,4
  12              	 .eabi_attribute 34,1
  13              	 .eabi_attribute 18,4
  14              	 .thumb
  15              	 .file "tcp.c"
  16              	 .section .text.tcp_new_port,"ax",%progbits
  17              	 .align 1
  18              	 .thumb
  19              	 .thumb_func
  21              	tcp_new_port:
  22              	 
  23              	 
  24 0000 30B5     	 push {r4,r5,lr}
  25 0002 114A     	 ldr r2,.L14
  26 0004 1388     	 ldrh r3,[r2]
  27 0006 4FF48040 	 mov r0,#16384
  28              	.L2:
  29 000a 4FF6FF71 	 movw r1,#65535
  30 000e 8B42     	 cmp r3,r1
  31 0010 1ABF     	 itte ne
  32 0012 0133     	 addne r3,r3,#1
  33 0014 9BB2     	 uxthne r3,r3
  34 0016 4FF44043 	 moveq r3,#49152
  35 001a 0021     	 movs r1,#0
  36              	.L8:
  37 001c 0B4C     	 ldr r4,.L14+4
  38 001e 54F82140 	 ldr r4,[r4,r1,lsl#2]
  39 0022 2468     	 ldr r4,[r4]
  40              	.L4:
  41 0024 54B1     	 cbz r4,.L13
  42 0026 E58A     	 ldrh r5,[r4,#22]
  43 0028 9D42     	 cmp r5,r3
  44 002a 05D1     	 bne .L5
  45 002c 0138     	 subs r0,r0,#1
  46 002e 80B2     	 uxth r0,r0
  47 0030 0028     	 cmp r0,#0
  48 0032 EAD1     	 bne .L2
  49 0034 1380     	 strh r3,[r2]
  50 0036 30BD     	 pop {r4,r5,pc}
  51              	.L5:
  52 0038 E468     	 ldr r4,[r4,#12]
  53 003a F3E7     	 b .L4
  54              	.L13:
  55 003c 0131     	 adds r1,r1,#1
  56 003e 0429     	 cmp r1,#4
  57 0040 ECD1     	 bne .L8
  58 0042 1380     	 strh r3,[r2]
  59 0044 1846     	 mov r0,r3
  60 0046 30BD     	 pop {r4,r5,pc}
  61              	.L15:
  62              	 .align 2
  63              	.L14:
  64 0048 00000000 	 .word .LANCHOR0
  65 004c 00000000 	 .word .LANCHOR1
  67              	 .section .text.tcp_init,"ax",%progbits
  68              	 .align 1
  69              	 .global tcp_init
  70              	 .thumb
  71              	 .thumb_func
  73              	tcp_init:
  74              	 
  75              	 
  76              	 
  77 0000 7047     	 bx lr
  79              	 .section .text.tcp_backlog_delayed,"ax",%progbits
  80              	 .align 1
  81              	 .global tcp_backlog_delayed
  82              	 .thumb
  83              	 .thumb_func
  85              	tcp_backlog_delayed:
  86              	 
  87              	 
  88              	 
  89 0000 438B     	 ldrh r3,[r0,#26]
  90 0002 9B05     	 lsls r3,r3,#22
  91 0004 08D4     	 bmi .L17
  92 0006 836F     	 ldr r3,[r0,#120]
  93 0008 33B1     	 cbz r3,.L17
  94 000a 5A7F     	 ldrb r2,[r3,#29]
  95 000c 0132     	 adds r2,r2,#1
  96 000e 5A77     	 strb r2,[r3,#29]
  97 0010 438B     	 ldrh r3,[r0,#26]
  98 0012 43F40073 	 orr r3,r3,#512
  99 0016 4383     	 strh r3,[r0,#26]
 100              	.L17:
 101 0018 7047     	 bx lr
 103              	 .section .text.tcp_backlog_accepted,"ax",%progbits
 104              	 .align 1
 105              	 .global tcp_backlog_accepted
 106              	 .thumb
 107              	 .thumb_func
 109              	tcp_backlog_accepted:
 110              	 
 111              	 
 112              	 
 113 0000 438B     	 ldrh r3,[r0,#26]
 114 0002 9B05     	 lsls r3,r3,#22
 115 0004 08D5     	 bpl .L22
 116 0006 836F     	 ldr r3,[r0,#120]
 117 0008 33B1     	 cbz r3,.L22
 118 000a 5A7F     	 ldrb r2,[r3,#29]
 119 000c 013A     	 subs r2,r2,#1
 120 000e 5A77     	 strb r2,[r3,#29]
 121 0010 438B     	 ldrh r3,[r0,#26]
 122 0012 23F40073 	 bic r3,r3,#512
 123 0016 4383     	 strh r3,[r0,#26]
 124              	.L22:
 125 0018 7047     	 bx lr
 127              	 .section .text.tcp_close_shutdown_fin,"ax",%progbits
 128              	 .align 1
 129              	 .thumb
 130              	 .thumb_func
 132              	tcp_close_shutdown_fin:
 133              	 
 134              	 
 135 0000 037D     	 ldrb r3,[r0,#20]
 136 0002 042B     	 cmp r3,#4
 137 0004 10B5     	 push {r4,lr}
 138 0006 0446     	 mov r4,r0
 139 0008 0AD0     	 beq .L32
 140 000a 072B     	 cmp r3,#7
 141 000c 0DD0     	 beq .L33
 142 000e 032B     	 cmp r3,#3
 143 0010 1BD1     	 bne .L42
 144 0012 FFF7FEFF 	 bl tcp_send_fin
 145 0016 88B9     	 cbnz r0,.L35
 146 0018 2046     	 mov r0,r4
 147 001a FFF7FEFF 	 bl tcp_backlog_accepted
 148 001e 02E0     	 b .L43
 149              	.L32:
 150 0020 FFF7FEFF 	 bl tcp_send_fin
 151 0024 50B9     	 cbnz r0,.L35
 152              	.L43:
 153 0026 0523     	 movs r3,#5
 154 0028 03E0     	 b .L41
 155              	.L33:
 156 002a FFF7FEFF 	 bl tcp_send_fin
 157 002e 28B9     	 cbnz r0,.L35
 158 0030 0923     	 movs r3,#9
 159              	.L41:
 160 0032 2375     	 strb r3,[r4,#20]
 161 0034 2046     	 mov r0,r4
 162 0036 FFF7FEFF 	 bl tcp_output
 163 003a 06E0     	 b .L42
 164              	.L35:
 165 003c 43B2     	 sxtb r3,r0
 166 003e 0133     	 adds r3,r3,#1
 167 0040 04D1     	 bne .L31
 168 0042 638B     	 ldrh r3,[r4,#26]
 169 0044 43F00803 	 orr r3,r3,#8
 170 0048 6383     	 strh r3,[r4,#26]
 171              	.L42:
 172 004a 0020     	 movs r0,#0
 173              	.L31:
 174 004c 40B2     	 sxtb r0,r0
 175 004e 10BD     	 pop {r4,pc}
 177              	 .section .text.tcp_bind,"ax",%progbits
 178              	 .align 1
 179              	 .global tcp_bind
 180              	 .thumb
 181              	 .thumb_func
 183              	tcp_bind:
 184              	 
 185              	 
 186 0000 70B5     	 push {r4,r5,r6,lr}
 187 0002 1B4D     	 ldr r5,.L68
 188 0004 0446     	 mov r4,r0
 189 0006 0029     	 cmp r1,#0
 190 0008 18BF     	 it ne
 191 000a 0D46     	 movne r5,r1
 192 000c 60B3     	 cbz r0,.L61
 193 000e 037D     	 ldrb r3,[r0,#20]
 194 0010 53BB     	 cbnz r3,.L61
 195 0012 6AB9     	 cbnz r2,.L48
 196 0014 FFF7FEFF 	 bl tcp_new_port
 197 0018 0246     	 mov r2,r0
 198 001a A8B9     	 cbnz r0,.L49
 199 001c 20E0     	 b .L66
 200              	.L52:
 201 001e C18A     	 ldrh r1,[r0,#22]
 202 0020 9142     	 cmp r1,r2
 203 0022 0AD0     	 beq .L67
 204              	.L51:
 205 0024 C068     	 ldr r0,[r0,#12]
 206              	.L50:
 207 0026 0028     	 cmp r0,#0
 208 0028 F9D1     	 bne .L52
 209 002a 0133     	 adds r3,r3,#1
 210 002c 042B     	 cmp r3,#4
 211 002e 0BD0     	 beq .L49
 212              	.L48:
 213 0030 1049     	 ldr r1,.L68+4
 214 0032 51F82310 	 ldr r1,[r1,r3,lsl#2]
 215 0036 0868     	 ldr r0,[r1]
 216 0038 F5E7     	 b .L50
 217              	.L67:
 218 003a 0668     	 ldr r6,[r0]
 219 003c 96B1     	 cbz r6,.L60
 220 003e 2968     	 ldr r1,[r5]
 221 0040 81B1     	 cbz r1,.L60
 222 0042 8E42     	 cmp r6,r1
 223 0044 EED1     	 bne .L51
 224 0046 0DE0     	 b .L60
 225              	.L49:
 226 0048 2B68     	 ldr r3,[r5]
 227 004a 03B1     	 cbz r3,.L53
 228 004c 2360     	 str r3,[r4]
 229              	.L53:
 230 004e 0A4B     	 ldr r3,.L68+8
 231 0050 E282     	 strh r2,[r4,#22]
 232 0052 1A68     	 ldr r2,[r3]
 233 0054 E260     	 str r2,[r4,#12]
 234 0056 1C60     	 str r4,[r3]
 235 0058 FFF7FEFF 	 bl tcp_timer_needed
 236 005c 0020     	 movs r0,#0
 237 005e 04E0     	 b .L47
 238              	.L66:
 239 0060 FE20     	 movs r0,#254
 240 0062 02E0     	 b .L47
 241              	.L60:
 242 0064 F820     	 movs r0,#248
 243 0066 00E0     	 b .L47
 244              	.L61:
 245 0068 FA20     	 movs r0,#250
 246              	.L47:
 247 006a 40B2     	 sxtb r0,r0
 248 006c 70BD     	 pop {r4,r5,r6,pc}
 249              	.L69:
 250 006e 00BF     	 .align 2
 251              	.L68:
 252 0070 00000000 	 .word ip_addr_any
 253 0074 00000000 	 .word .LANCHOR1
 254 0078 00000000 	 .word tcp_bound_pcbs
 256              	 .section .text.tcp_listen_with_backlog_and_err,"ax",%progbits
 257              	 .align 1
 258              	 .global tcp_listen_with_backlog_and_err
 259              	 .thumb
 260              	 .thumb_func
 262              	tcp_listen_with_backlog_and_err:
 263              	 
 264              	 
 265 0000 F8B5     	 push {r3,r4,r5,r6,r7,lr}
 266 0002 037D     	 ldrb r3,[r0,#20]
 267 0004 0546     	 mov r5,r0
 268 0006 0E46     	 mov r6,r1
 269 0008 1746     	 mov r7,r2
 270 000a 002B     	 cmp r3,#0
 271 000c 3BD1     	 bne .L79
 272 000e 0320     	 movs r0,#3
 273 0010 FFF7FEFF 	 bl memp_malloc
 274 0014 0446     	 mov r4,r0
 275 0016 0028     	 cmp r0,#0
 276 0018 38D0     	 beq .L80
 277 001a 2B69     	 ldr r3,[r5,#16]
 278 001c 0361     	 str r3,[r0,#16]
 279 001e EB8A     	 ldrh r3,[r5,#22]
 280 0020 C382     	 strh r3,[r0,#22]
 281 0022 0123     	 movs r3,#1
 282 0024 0375     	 strb r3,[r0,#20]
 283 0026 6B7D     	 ldrb r3,[r5,#21]
 284 0028 4375     	 strb r3,[r0,#21]
 285 002a 2B7A     	 ldrb r3,[r5,#8]
 286 002c 0372     	 strb r3,[r0,#8]
 287 002e AB7A     	 ldrb r3,[r5,#10]
 288 0030 8372     	 strb r3,[r0,#10]
 289 0032 6B7A     	 ldrb r3,[r5,#9]
 290 0034 4372     	 strb r3,[r0,#9]
 291 0036 2B68     	 ldr r3,[r5]
 292 0038 0360     	 str r3,[r0]
 293 003a EB8A     	 ldrh r3,[r5,#22]
 294 003c 7BB1     	 cbz r3,.L72
 295 003e 164A     	 ldr r2,.L89
 296 0040 1368     	 ldr r3,[r2]
 297 0042 AB42     	 cmp r3,r5
 298 0044 03D1     	 bne .L75
 299 0046 EB68     	 ldr r3,[r5,#12]
 300 0048 1360     	 str r3,[r2]
 301 004a 06E0     	 b .L74
 302              	.L81:
 303 004c 1346     	 mov r3,r2
 304              	.L75:
 305 004e 23B1     	 cbz r3,.L74
 306 0050 DA68     	 ldr r2,[r3,#12]
 307 0052 AA42     	 cmp r2,r5
 308 0054 FAD1     	 bne .L81
 309 0056 EA68     	 ldr r2,[r5,#12]
 310 0058 DA60     	 str r2,[r3,#12]
 311              	.L74:
 312 005a 0023     	 movs r3,#0
 313 005c EB60     	 str r3,[r5,#12]
 314              	.L72:
 315 005e 2946     	 mov r1,r5
 316 0060 0220     	 movs r0,#2
 317 0062 FFF7FEFF 	 bl memp_free
 318 0066 0D4B     	 ldr r3,.L89+4
 319 0068 A361     	 str r3,[r4,#24]
 320 006a 0025     	 movs r5,#0
 321 006c 0C4B     	 ldr r3,.L89+8
 322 006e 6577     	 strb r5,[r4,#29]
 323 0070 AE42     	 cmp r6,r5
 324 0072 1A68     	 ldr r2,[r3]
 325 0074 E260     	 str r2,[r4,#12]
 326 0076 08BF     	 it eq
 327 0078 0126     	 moveq r6,#1
 328 007a 2677     	 strb r6,[r4,#28]
 329 007c 1C60     	 str r4,[r3]
 330 007e FFF7FEFF 	 bl tcp_timer_needed
 331 0082 2B46     	 mov r3,r5
 332 0084 03E0     	 b .L71
 333              	.L79:
 334 0086 F123     	 movs r3,#241
 335 0088 0024     	 movs r4,#0
 336 008a 00E0     	 b .L71
 337              	.L80:
 338 008c FF23     	 movs r3,#255
 339              	.L71:
 340 008e 07B1     	 cbz r7,.L78
 341 0090 3B70     	 strb r3,[r7]
 342              	.L78:
 343 0092 2046     	 mov r0,r4
 344 0094 F8BD     	 pop {r3,r4,r5,r6,r7,pc}
 345              	.L90:
 346 0096 00BF     	 .align 2
 347              	.L89:
 348 0098 00000000 	 .word tcp_bound_pcbs
 349 009c 00000000 	 .word tcp_accept_null
 350 00a0 00000000 	 .word tcp_listen_pcbs
 352              	 .section .text.tcp_listen_with_backlog,"ax",%progbits
 353              	 .align 1
 354              	 .global tcp_listen_with_backlog
 355              	 .thumb
 356              	 .thumb_func
 358              	tcp_listen_with_backlog:
 359              	 
 360              	 
 361              	 
 362 0000 0022     	 movs r2,#0
 363 0002 FFF7FEBF 	 b tcp_listen_with_backlog_and_err
 365              	 .section .text.tcp_update_rcv_ann_wnd,"ax",%progbits
 366              	 .align 1
 367              	 .global tcp_update_rcv_ann_wnd
 368              	 .thumb
 369              	 .thumb_func
 371              	tcp_update_rcv_ann_wnd:
 372              	 
 373              	 
 374 0000 70B5     	 push {r4,r5,r6,lr}
 375 0002 C16A     	 ldr r1,[r0,#44]
 376 0004 068D     	 ldrh r6,[r0,#40]
 377 0006 458E     	 ldrh r5,[r0,#50]
 378 0008 446A     	 ldr r4,[r0,#36]
 379 000a 731A     	 subs r3,r6,r1
 380 000c B5F5866F 	 cmp r5,#1072
 381 0010 0246     	 mov r2,r0
 382 0012 03EB0400 	 add r0,r3,r4
 383 0016 94BF     	 ite ls
 384 0018 431B     	 subls r3,r0,r5
 385 001a A0F58663 	 subhi r3,r0,#1072
 386 001e 002B     	 cmp r3,#0
 387 0020 01DB     	 blt .L94
 388 0022 5685     	 strh r6,[r2,#42]
 389 0024 70BD     	 pop {r4,r5,r6,pc}
 390              	.L94:
 391 0026 631A     	 subs r3,r4,r1
 392 0028 002B     	 cmp r3,#0
 393 002a 4FF00000 	 mov r0,#0
 394 002e D6BF     	 itet le
 395 0030 091B     	 suble r1,r1,r4
 396 0032 5085     	 strhgt r0,[r2,#42]
 397 0034 5185     	 strhle r1,[r2,#42]
 398 0036 70BD     	 pop {r4,r5,r6,pc}
 400              	 .section .text.tcp_recved,"ax",%progbits
 401              	 .align 1
 402              	 .global tcp_recved
 403              	 .thumb
 404              	 .thumb_func
 406              	tcp_recved:
 407              	 
 408              	 
 409 0000 038D     	 ldrh r3,[r0,#40]
 410 0002 1944     	 add r1,r1,r3
 411 0004 89B2     	 uxth r1,r1
 412 0006 B1F5066F 	 cmp r1,#2144
 413 000a 10B5     	 push {r4,lr}
 414 000c 0446     	 mov r4,r0
 415 000e 0185     	 strh r1,[r0,#40]
 416 0010 03D9     	 bls .L99
 417              	.L101:
 418 0012 4FF40663 	 mov r3,#2144
 419 0016 2385     	 strh r3,[r4,#40]
 420 0018 05E0     	 b .L100
 421              	.L99:
 422 001a 21B9     	 cbnz r1,.L100
 423 001c 037D     	 ldrb r3,[r0,#20]
 424 001e 072B     	 cmp r3,#7
 425 0020 F7D0     	 beq .L101
 426 0022 092B     	 cmp r3,#9
 427 0024 F5D0     	 beq .L101
 428              	.L100:
 429 0026 2046     	 mov r0,r4
 430 0028 FFF7FEFF 	 bl tcp_update_rcv_ann_wnd
 431 002c B0F5067F 	 cmp r0,#536
 432 0030 08DB     	 blt .L98
 433 0032 638B     	 ldrh r3,[r4,#26]
 434 0034 43F00203 	 orr r3,r3,#2
 435 0038 6383     	 strh r3,[r4,#26]
 436 003a 2046     	 mov r0,r4
 437 003c BDE81040 	 pop {r4,lr}
 438 0040 FFF7FEBF 	 b tcp_output
 439              	.L98:
 440 0044 10BD     	 pop {r4,pc}
 442              	 .section .text.tcp_txnow,"ax",%progbits
 443              	 .align 1
 444              	 .global tcp_txnow
 445              	 .thumb
 446              	 .thumb_func
 448              	tcp_txnow:
 449              	 
 450              	 
 451 0000 064B     	 ldr r3,.L117
 452 0002 10B5     	 push {r4,lr}
 453 0004 1C68     	 ldr r4,[r3]
 454              	.L110:
 455 0006 3CB1     	 cbz r4,.L116
 456 0008 638B     	 ldrh r3,[r4,#26]
 457 000a 1B06     	 lsls r3,r3,#24
 458 000c 02D5     	 bpl .L111
 459 000e 2046     	 mov r0,r4
 460 0010 FFF7FEFF 	 bl tcp_output
 461              	.L111:
 462 0014 E468     	 ldr r4,[r4,#12]
 463 0016 F6E7     	 b .L110
 464              	.L116:
 465 0018 10BD     	 pop {r4,pc}
 466              	.L118:
 467 001a 00BF     	 .align 2
 468              	.L117:
 469 001c 00000000 	 .word tcp_active_pcbs
 471              	 .section .text.tcp_seg_free,"ax",%progbits
 472              	 .align 1
 473              	 .global tcp_seg_free
 474              	 .thumb
 475              	 .thumb_func
 477              	tcp_seg_free:
 478              	 
 479              	 
 480 0000 10B5     	 push {r4,lr}
 481 0002 0446     	 mov r4,r0
 482 0004 48B1     	 cbz r0,.L119
 483 0006 4068     	 ldr r0,[r0,#4]
 484 0008 08B1     	 cbz r0,.L121
 485 000a FFF7FEFF 	 bl pbuf_free
 486              	.L121:
 487 000e 2146     	 mov r1,r4
 488 0010 0420     	 movs r0,#4
 489 0012 BDE81040 	 pop {r4,lr}
 490 0016 FFF7FEBF 	 b memp_free
 491              	.L119:
 492 001a 10BD     	 pop {r4,pc}
 494              	 .section .text.tcp_segs_free,"ax",%progbits
 495              	 .align 1
 496              	 .global tcp_segs_free
 497              	 .thumb
 498              	 .thumb_func
 500              	tcp_segs_free:
 501              	 
 502              	 
 503 0000 10B5     	 push {r4,lr}
 504              	.L126:
 505 0002 20B1     	 cbz r0,.L128
 506 0004 0468     	 ldr r4,[r0]
 507 0006 FFF7FEFF 	 bl tcp_seg_free
 508 000a 2046     	 mov r0,r4
 509 000c F9E7     	 b .L126
 510              	.L128:
 511 000e 10BD     	 pop {r4,pc}
 513              	 .section .text.tcp_setprio,"ax",%progbits
 514              	 .align 1
 515              	 .global tcp_setprio
 516              	 .thumb
 517              	 .thumb_func
 519              	tcp_setprio:
 520              	 
 521              	 
 522              	 
 523 0000 4175     	 strb r1,[r0,#21]
 524 0002 7047     	 bx lr
 526              	 .section .text.tcp_seg_copy,"ax",%progbits
 527              	 .align 1
 528              	 .global tcp_seg_copy
 529              	 .thumb
 530              	 .thumb_func
 532              	tcp_seg_copy:
 533              	 
 534              	 
 535 0000 38B5     	 push {r3,r4,r5,lr}
 536 0002 0446     	 mov r4,r0
 537 0004 0420     	 movs r0,#4
 538 0006 FFF7FEFF 	 bl memp_malloc
 539 000a 0546     	 mov r5,r0
 540 000c 60B1     	 cbz r0,.L131
 541 000e 2046     	 mov r0,r4
 542 0010 2B46     	 mov r3,r5
 543 0012 04F11002 	 add r2,r4,#16
 544              	.L132:
 545 0016 50F8041B 	 ldr r1,[r0],#4
 546 001a 43F8041B 	 str r1,[r3],#4
 547 001e 9042     	 cmp r0,r2
 548 0020 F9D1     	 bne .L132
 549 0022 6868     	 ldr r0,[r5,#4]
 550 0024 FFF7FEFF 	 bl pbuf_ref
 551              	.L131:
 552 0028 2846     	 mov r0,r5
 553 002a 38BD     	 pop {r3,r4,r5,pc}
 555              	 .section .text.tcp_arg,"ax",%progbits
 556              	 .align 1
 557              	 .global tcp_arg
 558              	 .thumb
 559              	 .thumb_func
 561              	tcp_arg:
 562              	 
 563              	 
 564              	 
 565 0000 00B1     	 cbz r0,.L137
 566 0002 0161     	 str r1,[r0,#16]
 567              	.L137:
 568 0004 7047     	 bx lr
 570              	 .section .text.tcp_recv,"ax",%progbits
 571              	 .align 1
 572              	 .global tcp_recv
 573              	 .thumb
 574              	 .thumb_func
 576              	tcp_recv:
 577              	 
 578              	 
 579              	 
 580 0000 08B1     	 cbz r0,.L142
 581 0002 C0F88010 	 str r1,[r0,#128]
 582              	.L142:
 583 0006 7047     	 bx lr
 585              	 .section .text.tcp_sent,"ax",%progbits
 586              	 .align 1
 587              	 .global tcp_sent
 588              	 .thumb
 589              	 .thumb_func
 591              	tcp_sent:
 592              	 
 593              	 
 594              	 
 595 0000 00B1     	 cbz r0,.L147
 596 0002 C167     	 str r1,[r0,#124]
 597              	.L147:
 598 0004 7047     	 bx lr
 600              	 .section .text.tcp_err,"ax",%progbits
 601              	 .align 1
 602              	 .global tcp_err
 603              	 .thumb
 604              	 .thumb_func
 606              	tcp_err:
 607              	 
 608              	 
 609              	 
 610 0000 08B1     	 cbz r0,.L152
 611 0002 C0F88C10 	 str r1,[r0,#140]
 612              	.L152:
 613 0006 7047     	 bx lr
 615              	 .section .text.tcp_accept,"ax",%progbits
 616              	 .align 1
 617              	 .global tcp_accept
 618              	 .thumb
 619              	 .thumb_func
 621              	tcp_accept:
 622              	 
 623              	 
 624              	 
 625 0000 18B1     	 cbz r0,.L157
 626 0002 037D     	 ldrb r3,[r0,#20]
 627 0004 012B     	 cmp r3,#1
 628 0006 08BF     	 it eq
 629 0008 8161     	 streq r1,[r0,#24]
 630              	.L157:
 631 000a 7047     	 bx lr
 633              	 .section .text.tcp_poll,"ax",%progbits
 634              	 .align 1
 635              	 .global tcp_poll
 636              	 .thumb
 637              	 .thumb_func
 639              	tcp_poll:
 640              	 
 641              	 
 642              	 
 643 0000 C0F88810 	 str r1,[r0,#136]
 644 0004 4277     	 strb r2,[r0,#29]
 645 0006 7047     	 bx lr
 647              	 .section .text.tcp_pcb_purge,"ax",%progbits
 648              	 .align 1
 649              	 .global tcp_pcb_purge
 650              	 .thumb
 651              	 .thumb_func
 653              	tcp_pcb_purge:
 654              	 
 655              	 
 656 0000 38B5     	 push {r3,r4,r5,lr}
 657 0002 037D     	 ldrb r3,[r0,#20]
 658 0004 012B     	 cmp r3,#1
 659 0006 0446     	 mov r4,r0
 660 0008 1BD9     	 bls .L163
 661 000a 0A2B     	 cmp r3,#10
 662 000c 19D0     	 beq .L163
 663 000e FFF7FEFF 	 bl tcp_backlog_accepted
 664 0012 606F     	 ldr r0,[r4,#116]
 665 0014 18B1     	 cbz r0,.L165
 666 0016 FFF7FEFF 	 bl pbuf_free
 667 001a 0023     	 movs r3,#0
 668 001c 6367     	 str r3,[r4,#116]
 669              	.L165:
 670 001e 206F     	 ldr r0,[r4,#112]
 671 0020 FFF7FEFF 	 bl tcp_segs_free
 672 0024 0025     	 movs r5,#0
 673 0026 4FF6FF73 	 movw r3,#65535
 674 002a 2386     	 strh r3,[r4,#48]
 675 002c A06E     	 ldr r0,[r4,#104]
 676 002e 2567     	 str r5,[r4,#112]
 677 0030 FFF7FEFF 	 bl tcp_segs_free
 678 0034 E06E     	 ldr r0,[r4,#108]
 679 0036 FFF7FEFF 	 bl tcp_segs_free
 680 003a A566     	 str r5,[r4,#104]
 681 003c E566     	 str r5,[r4,#108]
 682 003e A4F86450 	 strh r5,[r4,#100]
 683              	.L163:
 684 0042 38BD     	 pop {r3,r4,r5,pc}
 686              	 .section .text.tcp_slowtmr,"ax",%progbits
 687              	 .align 1
 688              	 .global tcp_slowtmr
 689              	 .thumb
 690              	 .thumb_func
 692              	tcp_slowtmr:
 693              	 
 694              	 
 695 0000 2DE9F74F 	 push {r0,r1,r2,r4,r5,r6,r7,r8,r9,r10,fp,lr}
 696 0004 A44F     	 ldr r7,.L247
 697 0006 3B68     	 ldr r3,[r7]
 698 0008 0133     	 adds r3,r3,#1
 699 000a 3B60     	 str r3,[r7]
 700 000c A34B     	 ldr r3,.L247+4
 701 000e 1A78     	 ldrb r2,[r3]
 702 0010 0132     	 adds r2,r2,#1
 703 0012 1A70     	 strb r2,[r3]
 704 0014 9846     	 mov r8,r3
 705              	.L173:
 706 0016 A24B     	 ldr r3,.L247+8
 707 0018 1C68     	 ldr r4,[r3]
 708 001a 4FF0000A 	 mov r10,#0
 709 001e 9946     	 mov r9,r3
 710              	.L174:
 711 0020 002C     	 cmp r4,#0
 712 0022 00F01981 	 beq .L244
 713 0026 98F80030 	 ldrb r3,[r8]
 714 002a A27F     	 ldrb r2,[r4,#30]
 715 002c 9A42     	 cmp r2,r3
 716 002e 01D1     	 bne .L175
 717 0030 E668     	 ldr r6,[r4,#12]
 718 0032 EEE0     	 b .L243
 719              	.L175:
 720 0034 217D     	 ldrb r1,[r4,#20]
 721 0036 A377     	 strb r3,[r4,#30]
 722 0038 0229     	 cmp r1,#2
 723 003a 94F84220 	 ldrb r2,[r4,#66]
 724 003e 01D1     	 bne .L177
 725 0040 052A     	 cmp r2,#5
 726 0042 59D8     	 bhi .L212
 727              	.L177:
 728 0044 0B2A     	 cmp r2,#11
 729 0046 57D8     	 bhi .L212
 730 0048 94F89530 	 ldrb r3,[r4,#149]
 731 004c EBB1     	 cbz r3,.L179
 732 004e 954A     	 ldr r2,.L247+12
 733 0050 1344     	 add r3,r3,r2
 734 0052 13F8012C 	 ldrb r2,[r3,#-1]
 735 0056 94F89430 	 ldrb r3,[r4,#148]
 736 005a 9342     	 cmp r3,r2
 737 005c 3CBF     	 itt cc
 738 005e 0133     	 addcc r3,r3,#1
 739 0060 84F89430 	 strbcc r3,[r4,#148]
 740 0064 94F89430 	 ldrb r3,[r4,#148]
 741 0068 9342     	 cmp r3,r2
 742 006a 43D3     	 bcc .L242
 743 006c 2046     	 mov r0,r4
 744 006e FFF7FEFF 	 bl tcp_zero_window_probe
 745 0072 0028     	 cmp r0,#0
 746 0074 3ED1     	 bne .L242
 747 0076 94F89530 	 ldrb r3,[r4,#149]
 748 007a 84F89400 	 strb r0,[r4,#148]
 749 007e 062B     	 cmp r3,#6
 750 0080 38D8     	 bhi .L242
 751 0082 0133     	 adds r3,r3,#1
 752 0084 84F89530 	 strb r3,[r4,#149]
 753 0088 34E0     	 b .L242
 754              	.L179:
 755 008a 238E     	 ldrh r3,[r4,#48]
 756 008c 1804     	 lsls r0,r3,#16
 757 008e 5CBF     	 itt pl
 758 0090 0133     	 addpl r3,r3,#1
 759 0092 2386     	 strhpl r3,[r4,#48]
 760 0094 E36E     	 ldr r3,[r4,#108]
 761 0096 6BB3     	 cbz r3,.L242
 762 0098 B4F93000 	 ldrsh r0,[r4,#48]
 763 009c B4F94030 	 ldrsh r3,[r4,#64]
 764 00a0 9842     	 cmp r0,r3
 765 00a2 27DB     	 blt .L242
 766 00a4 0229     	 cmp r1,#2
 767 00a6 0DD0     	 beq .L184
 768 00a8 B4F93C10 	 ldrsh r1,[r4,#60]
 769 00ac B4F93E30 	 ldrsh r3,[r4,#62]
 770 00b0 0C2A     	 cmp r2,#12
 771 00b2 03EBE103 	 add r3,r3,r1,asr#3
 772 00b6 28BF     	 it cs
 773 00b8 0C22     	 movcs r2,#12
 774 00ba 7B49     	 ldr r1,.L247+16
 775 00bc 8A5C     	 ldrb r2,[r1,r2]
 776 00be 9340     	 lsls r3,r3,r2
 777 00c0 A4F84030 	 strh r3,[r4,#64]
 778              	.L184:
 779 00c4 0023     	 movs r3,#0
 780 00c6 B4F84820 	 ldrh r2,[r4,#72]
 781 00ca 2386     	 strh r3,[r4,#48]
 782 00cc B4F85C30 	 ldrh r3,[r4,#92]
 783 00d0 618E     	 ldrh r1,[r4,#50]
 784 00d2 A4F84810 	 strh r1,[r4,#72]
 785 00d6 9342     	 cmp r3,r2
 786 00d8 28BF     	 it cs
 787 00da 1346     	 movcs r3,r2
 788 00dc 4A00     	 lsls r2,r1,#1
 789 00de 5B08     	 lsrs r3,r3,#1
 790 00e0 92B2     	 uxth r2,r2
 791 00e2 9342     	 cmp r3,r2
 792 00e4 A4F84A30 	 strh r3,[r4,#74]
 793 00e8 2046     	 mov r0,r4
 794 00ea 38BF     	 it cc
 795 00ec A4F84A20 	 strhcc r2,[r4,#74]
 796 00f0 FFF7FEFF 	 bl tcp_rexmit_rto
 797              	.L242:
 798 00f4 0025     	 movs r5,#0
 799 00f6 00E0     	 b .L178
 800              	.L212:
 801 00f8 0125     	 movs r5,#1
 802              	.L178:
 803 00fa 227D     	 ldrb r2,[r4,#20]
 804 00fc 062A     	 cmp r2,#6
 805 00fe 09D1     	 bne .L186
 806 0100 638B     	 ldrh r3,[r4,#26]
 807 0102 DB06     	 lsls r3,r3,#27
 808 0104 06D5     	 bpl .L186
 809 0106 3B68     	 ldr r3,[r7]
 810 0108 216A     	 ldr r1,[r4,#32]
 811 010a 5B1A     	 subs r3,r3,r1
 812 010c 282B     	 cmp r3,#40
 813 010e 84BF     	 itt hi
 814 0110 0135     	 addhi r5,r5,#1
 815 0112 EDB2     	 uxtbhi r5,r5
 816              	.L186:
 817 0114 237A     	 ldrb r3,[r4,#8]
 818 0116 03F00803 	 and r3,r3,#8
 819 011a 03F0FF06 	 and r6,r3,#255
 820 011e 4BB3     	 cbz r3,.L187
 821 0120 042A     	 cmp r2,#4
 822 0122 01D0     	 beq .L188
 823 0124 072A     	 cmp r2,#7
 824 0126 24D1     	 bne .L216
 825              	.L188:
 826 0128 236A     	 ldr r3,[r4,#32]
 827 012a 3968     	 ldr r1,[r7]
 828 012c C91A     	 subs r1,r1,r3
 829 012e D4F89030 	 ldr r3,[r4,#144]
 830 0132 03F52422 	 add r2,r3,#671744
 831 0136 02F6B842 	 addw r2,r2,#3256
 832 013a 4FF4FA70 	 mov r0,#500
 833 013e B2FBF0F2 	 udiv r2,r2,r0
 834 0142 9142     	 cmp r1,r2
 835 0144 03D9     	 bls .L189
 836 0146 0135     	 adds r5,r5,#1
 837 0148 EDB2     	 uxtb r5,r5
 838 014a 0126     	 movs r6,#1
 839 014c 12E0     	 b .L187
 840              	.L189:
 841 014e 94F89620 	 ldrb r2,[r4,#150]
 842 0152 564E     	 ldr r6,.L247+20
 843 0154 06FB0233 	 mla r3,r6,r2,r3
 844 0158 B3FBF0F3 	 udiv r3,r3,r0
 845 015c 9942     	 cmp r1,r3
 846 015e 08D9     	 bls .L216
 847 0160 2046     	 mov r0,r4
 848 0162 FFF7FEFF 	 bl tcp_keepalive
 849 0166 20B9     	 cbnz r0,.L216
 850 0168 94F89630 	 ldrb r3,[r4,#150]
 851 016c 0133     	 adds r3,r3,#1
 852 016e 84F89630 	 strb r3,[r4,#150]
 853              	.L216:
 854 0172 0026     	 movs r6,#0
 855              	.L187:
 856 0174 206F     	 ldr r0,[r4,#112]
 857 0176 68B1     	 cbz r0,.L190
 858 0178 3B68     	 ldr r3,[r7]
 859 017a 226A     	 ldr r2,[r4,#32]
 860 017c 9A1A     	 subs r2,r3,r2
 861 017e B4F94030 	 ldrsh r3,[r4,#64]
 862 0182 03EB4303 	 add r3,r3,r3,lsl#1
 863 0186 B2EB430F 	 cmp r2,r3,lsl#1
 864 018a 03D3     	 bcc .L190
 865 018c FFF7FEFF 	 bl tcp_segs_free
 866 0190 0023     	 movs r3,#0
 867 0192 2367     	 str r3,[r4,#112]
 868              	.L190:
 869 0194 237D     	 ldrb r3,[r4,#20]
 870 0196 032B     	 cmp r3,#3
 871 0198 07D1     	 bne .L191
 872 019a 3B68     	 ldr r3,[r7]
 873 019c 226A     	 ldr r2,[r4,#32]
 874 019e 9B1A     	 subs r3,r3,r2
 875 01a0 282B     	 cmp r3,#40
 876 01a2 09D9     	 bls .L193
 877 01a4 0135     	 adds r5,r5,#1
 878 01a6 EDB2     	 uxtb r5,r5
 879 01a8 06E0     	 b .L193
 880              	.L191:
 881 01aa 092B     	 cmp r3,#9
 882 01ac 04D1     	 bne .L193
 883 01ae 3B68     	 ldr r3,[r7]
 884 01b0 226A     	 ldr r2,[r4,#32]
 885 01b2 9B1A     	 subs r3,r3,r2
 886 01b4 F02B     	 cmp r3,#240
 887 01b6 00D8     	 bhi .L194
 888              	.L193:
 889 01b8 6DB3     	 cbz r5,.L195
 890              	.L194:
 891 01ba 2046     	 mov r0,r4
 892 01bc D4F88C50 	 ldr r5,[r4,#140]
 893 01c0 FFF7FEFF 	 bl tcp_pcb_purge
 894 01c4 E368     	 ldr r3,[r4,#12]
 895 01c6 BAF1000F 	 cmp r10,#0
 896 01ca 02D0     	 beq .L196
 897 01cc CAF80C30 	 str r3,[r10,#12]
 898 01d0 01E0     	 b .L197
 899              	.L196:
 900 01d2 C9F80030 	 str r3,[r9]
 901              	.L197:
 902 01d6 4EB1     	 cbz r6,.L198
 903 01d8 E38A     	 ldrh r3,[r4,#22]
 904 01da 0093     	 str r3,[sp]
 905 01dc 238B     	 ldrh r3,[r4,#24]
 906 01de 0193     	 str r3,[sp,#4]
 907 01e0 E06C     	 ldr r0,[r4,#76]
 908 01e2 616A     	 ldr r1,[r4,#36]
 909 01e4 2246     	 mov r2,r4
 910 01e6 231D     	 adds r3,r4,#4
 911 01e8 FFF7FEFF 	 bl tcp_rst
 912              	.L198:
 913 01ec D4F810B0 	 ldr fp,[r4,#16]
 914 01f0 E668     	 ldr r6,[r4,#12]
 915 01f2 2146     	 mov r1,r4
 916 01f4 0220     	 movs r0,#2
 917 01f6 2E4C     	 ldr r4,.L247+24
 918 01f8 FFF7FEFF 	 bl memp_free
 919 01fc 0023     	 movs r3,#0
 920 01fe 2370     	 strb r3,[r4]
 921 0200 1DB1     	 cbz r5,.L199
 922 0202 5846     	 mov r0,fp
 923 0204 6FF00C01 	 mvn r1,#12
 924 0208 A847     	 blx r5
 925              	.L199:
 926 020a 2378     	 ldrb r3,[r4]
 927 020c 002B     	 cmp r3,#0
 928 020e 7FF402AF 	 bne .L173
 929              	.L243:
 930 0212 5446     	 mov r4,r10
 931 0214 1DE0     	 b .L176
 932              	.L195:
 933 0216 237F     	 ldrb r3,[r4,#28]
 934 0218 627F     	 ldrb r2,[r4,#29]
 935 021a E668     	 ldr r6,[r4,#12]
 936 021c 0133     	 adds r3,r3,#1
 937 021e DBB2     	 uxtb r3,r3
 938 0220 9A42     	 cmp r2,r3
 939 0222 2377     	 strb r3,[r4,#28]
 940 0224 15D8     	 bhi .L176
 941 0226 DFF888A0 	 ldr r10,.L247+24
 942 022a D4F88830 	 ldr r3,[r4,#136]
 943 022e 2577     	 strb r5,[r4,#28]
 944 0230 8AF80050 	 strb r5,[r10]
 945 0234 1BB1     	 cbz r3,.L217
 946 0236 2069     	 ldr r0,[r4,#16]
 947 0238 2146     	 mov r1,r4
 948 023a 9847     	 blx r3
 949 023c 00E0     	 b .L201
 950              	.L217:
 951 023e 2846     	 mov r0,r5
 952              	.L201:
 953 0240 9AF80030 	 ldrb r3,[r10]
 954 0244 002B     	 cmp r3,#0
 955 0246 7FF4E6AE 	 bne .L173
 956 024a 10B9     	 cbnz r0,.L176
 957 024c 2046     	 mov r0,r4
 958 024e FFF7FEFF 	 bl tcp_output
 959              	.L176:
 960 0252 A246     	 mov r10,r4
 961 0254 3446     	 mov r4,r6
 962 0256 E3E6     	 b .L174
 963              	.L244:
 964 0258 164B     	 ldr r3,.L247+28
 965 025a 1D68     	 ldr r5,[r3]
 966 025c 9846     	 mov r8,r3
 967              	.L203:
 968 025e C5B1     	 cbz r5,.L245
 969 0260 3B68     	 ldr r3,[r7]
 970 0262 2A6A     	 ldr r2,[r5,#32]
 971 0264 9B1A     	 subs r3,r3,r2
 972 0266 F02B     	 cmp r3,#240
 973 0268 03D8     	 bhi .L204
 974 026a EE68     	 ldr r6,[r5,#12]
 975              	.L208:
 976 026c 2C46     	 mov r4,r5
 977 026e 3546     	 mov r5,r6
 978 0270 F5E7     	 b .L203
 979              	.L204:
 980 0272 2846     	 mov r0,r5
 981 0274 FFF7FEFF 	 bl tcp_pcb_purge
 982 0278 EB68     	 ldr r3,[r5,#12]
 983 027a 0CB1     	 cbz r4,.L246
 984 027c E360     	 str r3,[r4,#12]
 985 027e 01E0     	 b .L206
 986              	.L246:
 987 0280 C8F80030 	 str r3,[r8]
 988              	.L206:
 989 0284 2946     	 mov r1,r5
 990 0286 0220     	 movs r0,#2
 991 0288 EE68     	 ldr r6,[r5,#12]
 992 028a FFF7FEFF 	 bl memp_free
 993 028e 2546     	 mov r5,r4
 994 0290 ECE7     	 b .L208
 995              	.L245:
 996 0292 03B0     	 add sp,sp,#12
 997              	 
 998 0294 BDE8F08F 	 pop {r4,r5,r6,r7,r8,r9,r10,fp,pc}
 999              	.L248:
 1000              	 .align 2
 1001              	.L247:
 1002 0298 00000000 	 .word tcp_ticks
 1003 029c 00000000 	 .word .LANCHOR2
 1004 02a0 00000000 	 .word tcp_active_pcbs
 1005 02a4 00000000 	 .word .LANCHOR3
 1006 02a8 00000000 	 .word .LANCHOR4
 1007 02ac F8240100 	 .word 75000
 1008 02b0 00000000 	 .word tcp_active_pcbs_changed
 1009 02b4 00000000 	 .word tcp_tw_pcbs
 1011              	 .section .text.tcp_pcb_remove,"ax",%progbits
 1012              	 .align 1
 1013              	 .global tcp_pcb_remove
 1014              	 .thumb
 1015              	 .thumb_func
 1017              	tcp_pcb_remove:
 1018              	 
 1019              	 
 1020 0000 0368     	 ldr r3,[r0]
 1021 0002 8B42     	 cmp r3,r1
 1022 0004 10B5     	 push {r4,lr}
 1023 0006 0C46     	 mov r4,r1
 1024 0008 03D1     	 bne .L252
 1025 000a CB68     	 ldr r3,[r1,#12]
 1026 000c 0360     	 str r3,[r0]
 1027 000e 06E0     	 b .L251
 1028              	.L255:
 1029 0010 1346     	 mov r3,r2
 1030              	.L252:
 1031 0012 23B1     	 cbz r3,.L251
 1032 0014 DA68     	 ldr r2,[r3,#12]
 1033 0016 A242     	 cmp r2,r4
 1034 0018 FAD1     	 bne .L255
 1035 001a E268     	 ldr r2,[r4,#12]
 1036 001c DA60     	 str r2,[r3,#12]
 1037              	.L251:
 1038 001e 0023     	 movs r3,#0
 1039 0020 E360     	 str r3,[r4,#12]
 1040 0022 2046     	 mov r0,r4
 1041 0024 FFF7FEFF 	 bl tcp_pcb_purge
 1042 0028 237D     	 ldrb r3,[r4,#20]
 1043 002a 0A2B     	 cmp r3,#10
 1044 002c 0AD0     	 beq .L254
 1045 002e 012B     	 cmp r3,#1
 1046 0030 08D0     	 beq .L254
 1047 0032 638B     	 ldrh r3,[r4,#26]
 1048 0034 DA07     	 lsls r2,r3,#31
 1049 0036 05D5     	 bpl .L254
 1050 0038 43F00203 	 orr r3,r3,#2
 1051 003c 6383     	 strh r3,[r4,#26]
 1052 003e 2046     	 mov r0,r4
 1053 0040 FFF7FEFF 	 bl tcp_output
 1054              	.L254:
 1055 0044 0023     	 movs r3,#0
 1056 0046 2375     	 strb r3,[r4,#20]
 1057 0048 E382     	 strh r3,[r4,#22]
 1058 004a 10BD     	 pop {r4,pc}
 1060              	 .section .text.tcp_close_shutdown,"ax",%progbits
 1061              	 .align 1
 1062              	 .thumb
 1063              	 .thumb_func
 1065              	tcp_close_shutdown:
 1066              	 
 1067              	 
 1068 0000 37B5     	 push {r0,r1,r2,r4,r5,lr}
 1069 0002 0446     	 mov r4,r0
 1070 0004 057D     	 ldrb r5,[r0,#20]
 1071 0006 0029     	 cmp r1,#0
 1072 0008 3CD0     	 beq .L266
 1073 000a 042D     	 cmp r5,#4
 1074 000c 01D0     	 beq .L267
 1075 000e 072D     	 cmp r5,#7
 1076 0010 38D1     	 bne .L266
 1077              	.L267:
 1078 0012 636F     	 ldr r3,[r4,#116]
 1079 0014 1BB9     	 cbnz r3,.L268
 1080 0016 238D     	 ldrh r3,[r4,#40]
 1081 0018 B3F5066F 	 cmp r3,#2144
 1082 001c 32D0     	 beq .L266
 1083              	.L268:
 1084 001e E38A     	 ldrh r3,[r4,#22]
 1085 0020 0093     	 str r3,[sp]
 1086 0022 238B     	 ldrh r3,[r4,#24]
 1087 0024 0193     	 str r3,[sp,#4]
 1088 0026 2246     	 mov r2,r4
 1089 0028 231D     	 adds r3,r4,#4
 1090 002a E06C     	 ldr r0,[r4,#76]
 1091 002c 616A     	 ldr r1,[r4,#36]
 1092 002e FFF7FEFF 	 bl tcp_rst
 1093 0032 2046     	 mov r0,r4
 1094 0034 FFF7FEFF 	 bl tcp_pcb_purge
 1095 0038 344A     	 ldr r2,.L309
 1096 003a 1368     	 ldr r3,[r2]
 1097 003c A342     	 cmp r3,r4
 1098 003e 03D1     	 bne .L271
 1099 0040 E368     	 ldr r3,[r4,#12]
 1100 0042 1360     	 str r3,[r2]
 1101 0044 06E0     	 b .L270
 1102              	.L287:
 1103 0046 1346     	 mov r3,r2
 1104              	.L271:
 1105 0048 23B1     	 cbz r3,.L270
 1106 004a DA68     	 ldr r2,[r3,#12]
 1107 004c A242     	 cmp r2,r4
 1108 004e FAD1     	 bne .L287
 1109 0050 E268     	 ldr r2,[r4,#12]
 1110 0052 DA60     	 str r2,[r3,#12]
 1111              	.L270:
 1112 0054 0023     	 movs r3,#0
 1113 0056 E360     	 str r3,[r4,#12]
 1114 0058 2D4B     	 ldr r3,.L309+4
 1115 005a 0122     	 movs r2,#1
 1116 005c 1A70     	 strb r2,[r3]
 1117 005e 237D     	 ldrb r3,[r4,#20]
 1118 0060 042B     	 cmp r3,#4
 1119 0062 08D1     	 bne .L273
 1120 0064 0A23     	 movs r3,#10
 1121 0066 2375     	 strb r3,[r4,#20]
 1122 0068 2A4B     	 ldr r3,.L309+8
 1123 006a 1A68     	 ldr r2,[r3]
 1124 006c E260     	 str r2,[r4,#12]
 1125 006e 1C60     	 str r4,[r3]
 1126 0070 FFF7FEFF 	 bl tcp_timer_needed
 1127 0074 47E0     	 b .L274
 1128              	.L273:
 1129 0076 284B     	 ldr r3,.L309+12
 1130 0078 1B68     	 ldr r3,[r3]
 1131 007a A342     	 cmp r3,r4
 1132 007c 07D1     	 bne .L275
 1133 007e FFF7FEFF 	 bl tcp_trigger_input_pcb_close
 1134 0082 40E0     	 b .L274
 1135              	.L266:
 1136 0084 012D     	 cmp r5,#1
 1137 0086 20D0     	 beq .L277
 1138 0088 03D2     	 bcs .L305
 1139 008a E38A     	 ldrh r3,[r4,#22]
 1140 008c 63B9     	 cbnz r3,.L306
 1141              	.L275:
 1142 008e 0220     	 movs r0,#2
 1143 0090 2FE0     	 b .L304
 1144              	.L305:
 1145 0092 022D     	 cmp r5,#2
 1146 0094 31D1     	 bne .L307
 1147 0096 1D48     	 ldr r0,.L309
 1148 0098 2146     	 mov r1,r4
 1149 009a FFF7FEFF 	 bl tcp_pcb_remove
 1150 009e 1C4B     	 ldr r3,.L309+4
 1151 00a0 0122     	 movs r2,#1
 1152 00a2 1A70     	 strb r2,[r3]
 1153 00a4 2846     	 mov r0,r5
 1154 00a6 24E0     	 b .L304
 1155              	.L306:
 1156 00a8 1C4A     	 ldr r2,.L309+16
 1157 00aa 1368     	 ldr r3,[r2]
 1158 00ac A342     	 cmp r3,r4
 1159 00ae 03D1     	 bne .L282
 1160 00b0 E368     	 ldr r3,[r4,#12]
 1161 00b2 1360     	 str r3,[r2]
 1162 00b4 06E0     	 b .L281
 1163              	.L289:
 1164 00b6 1346     	 mov r3,r2
 1165              	.L282:
 1166 00b8 23B1     	 cbz r3,.L281
 1167 00ba DA68     	 ldr r2,[r3,#12]
 1168 00bc A242     	 cmp r2,r4
 1169 00be FAD1     	 bne .L289
 1170 00c0 E268     	 ldr r2,[r4,#12]
 1171 00c2 DA60     	 str r2,[r3,#12]
 1172              	.L281:
 1173 00c4 0023     	 movs r3,#0
 1174 00c6 E360     	 str r3,[r4,#12]
 1175 00c8 E1E7     	 b .L275
 1176              	.L277:
 1177 00ca 154B     	 ldr r3,.L309+20
 1178 00cc 53F82530 	 ldr r3,[r3,r5,lsl#2]
 1179 00d0 1B68     	 ldr r3,[r3]
 1180              	.L284:
 1181 00d2 33B1     	 cbz r3,.L308
 1182 00d4 9A6F     	 ldr r2,[r3,#120]
 1183 00d6 A242     	 cmp r2,r4
 1184 00d8 04BF     	 itt eq
 1185 00da 0022     	 moveq r2,#0
 1186 00dc 9A67     	 streq r2,[r3,#120]
 1187 00de DB68     	 ldr r3,[r3,#12]
 1188 00e0 F7E7     	 b .L284
 1189              	.L308:
 1190 00e2 0135     	 adds r5,r5,#1
 1191 00e4 042D     	 cmp r5,#4
 1192 00e6 F0D1     	 bne .L277
 1193 00e8 0E48     	 ldr r0,.L309+24
 1194 00ea 2146     	 mov r1,r4
 1195 00ec FFF7FEFF 	 bl tcp_pcb_remove
 1196 00f0 0320     	 movs r0,#3
 1197              	.L304:
 1198 00f2 2146     	 mov r1,r4
 1199 00f4 FFF7FEFF 	 bl memp_free
 1200 00f8 05E0     	 b .L274
 1201              	.L307:
 1202 00fa 2046     	 mov r0,r4
 1203 00fc 03B0     	 add sp,sp,#12
 1204              	 
 1205 00fe BDE83040 	 pop {r4,r5,lr}
 1206 0102 FFF7FEBF 	 b tcp_close_shutdown_fin
 1207              	.L274:
 1208 0106 0020     	 movs r0,#0
 1209 0108 03B0     	 add sp,sp,#12
 1210              	 
 1211 010a 30BD     	 pop {r4,r5,pc}
 1212              	.L310:
 1213              	 .align 2
 1214              	.L309:
 1215 010c 00000000 	 .word tcp_active_pcbs
 1216 0110 00000000 	 .word tcp_active_pcbs_changed
 1217 0114 00000000 	 .word tcp_tw_pcbs
 1218 0118 00000000 	 .word tcp_input_pcb
 1219 011c 00000000 	 .word tcp_bound_pcbs
 1220 0120 00000000 	 .word .LANCHOR1
 1221 0124 00000000 	 .word tcp_listen_pcbs
 1223              	 .section .text.tcp_close,"ax",%progbits
 1224              	 .align 1
 1225              	 .global tcp_close
 1226              	 .thumb
 1227              	 .thumb_func
 1229              	tcp_close:
 1230              	 
 1231              	 
 1232              	 
 1233 0000 037D     	 ldrb r3,[r0,#20]
 1234 0002 012B     	 cmp r3,#1
 1235 0004 1EBF     	 ittt ne
 1236 0006 438B     	 ldrhne r3,[r0,#26]
 1237 0008 43F01003 	 orrne r3,r3,#16
 1238 000c 4383     	 strhne r3,[r0,#26]
 1239 000e 0121     	 movs r1,#1
 1240 0010 FFF7FEBF 	 b tcp_close_shutdown
 1242              	 .section .text.tcp_recv_null,"ax",%progbits
 1243              	 .align 1
 1244              	 .global tcp_recv_null
 1245              	 .thumb
 1246              	 .thumb_func
 1248              	tcp_recv_null:
 1249              	 
 1250              	 
 1251 0000 10B5     	 push {r4,lr}
 1252 0002 0846     	 mov r0,r1
 1253 0004 1446     	 mov r4,r2
 1254 0006 32B1     	 cbz r2,.L317
 1255 0008 1189     	 ldrh r1,[r2,#8]
 1256 000a FFF7FEFF 	 bl tcp_recved
 1257 000e 2046     	 mov r0,r4
 1258 0010 FFF7FEFF 	 bl pbuf_free
 1259 0014 04E0     	 b .L318
 1260              	.L317:
 1261 0016 1BB9     	 cbnz r3,.L318
 1262 0018 BDE81040 	 pop {r4,lr}
 1263 001c FFF7FEBF 	 b tcp_close
 1264              	.L318:
 1265 0020 0020     	 movs r0,#0
 1266 0022 10BD     	 pop {r4,pc}
 1268              	 .section .text.tcp_process_refused_data,"ax",%progbits
 1269              	 .align 1
 1270              	 .global tcp_process_refused_data
 1271              	 .thumb
 1272              	 .thumb_func
 1274              	tcp_process_refused_data:
 1275              	 
 1276              	 
 1277 0000 F8B5     	 push {r3,r4,r5,r6,r7,lr}
 1278 0002 456F     	 ldr r5,[r0,#116]
 1279 0004 D0F88060 	 ldr r6,[r0,#128]
 1280 0008 6F7B     	 ldrb r7,[r5,#13]
 1281 000a 0023     	 movs r3,#0
 1282 000c 0446     	 mov r4,r0
 1283 000e 4367     	 str r3,[r0,#116]
 1284 0010 26B1     	 cbz r6,.L321
 1285 0012 2146     	 mov r1,r4
 1286 0014 2A46     	 mov r2,r5
 1287 0016 0069     	 ldr r0,[r0,#16]
 1288 0018 B047     	 blx r6
 1289 001a 05E0     	 b .L322
 1290              	.L321:
 1291 001c 3046     	 mov r0,r6
 1292 001e 2146     	 mov r1,r4
 1293 0020 2A46     	 mov r2,r5
 1294 0022 3346     	 mov r3,r6
 1295 0024 FFF7FEFF 	 bl tcp_recv_null
 1296              	.L322:
 1297 0028 98B9     	 cbnz r0,.L323
 1298 002a BB06     	 lsls r3,r7,#26
 1299 002c 17D5     	 bpl .L329
 1300 002e 238D     	 ldrh r3,[r4,#40]
 1301 0030 D4F88050 	 ldr r5,[r4,#128]
 1302 0034 B3F5066F 	 cmp r3,#2144
 1303 0038 1CBF     	 itt ne
 1304 003a 0133     	 addne r3,r3,#1
 1305 003c 2385     	 strhne r3,[r4,#40]
 1306 003e 75B1     	 cbz r5,.L329
 1307 0040 0022     	 movs r2,#0
 1308 0042 2069     	 ldr r0,[r4,#16]
 1309 0044 2146     	 mov r1,r4
 1310 0046 1346     	 mov r3,r2
 1311 0048 A847     	 blx r5
 1312 004a 0D30     	 adds r0,r0,#13
 1313 004c 07D1     	 bne .L329
 1314              	.L328:
 1315 004e F320     	 movs r0,#243
 1316 0050 06E0     	 b .L325
 1317              	.L323:
 1318 0052 40B2     	 sxtb r0,r0
 1319 0054 0D30     	 adds r0,r0,#13
 1320 0056 FAD0     	 beq .L328
 1321 0058 6567     	 str r5,[r4,#116]
 1322 005a FB20     	 movs r0,#251
 1323 005c 00E0     	 b .L325
 1324              	.L329:
 1325 005e 0020     	 movs r0,#0
 1326              	.L325:
 1327 0060 40B2     	 sxtb r0,r0
 1328 0062 F8BD     	 pop {r3,r4,r5,r6,r7,pc}
 1330              	 .section .text.tcp_fasttmr,"ax",%progbits
 1331              	 .align 1
 1332              	 .global tcp_fasttmr
 1333              	 .thumb
 1334              	 .thumb_func
 1336              	tcp_fasttmr:
 1337              	 
 1338              	 
 1339 0000 F8B5     	 push {r3,r4,r5,r6,r7,lr}
 1340 0002 194B     	 ldr r3,.L358
 1341 0004 1A78     	 ldrb r2,[r3]
 1342 0006 0132     	 adds r2,r2,#1
 1343 0008 1A70     	 strb r2,[r3]
 1344 000a 1D46     	 mov r5,r3
 1345              	.L340:
 1346 000c 174B     	 ldr r3,.L358+4
 1347 000e 1C68     	 ldr r4,[r3]
 1348              	.L341:
 1349 0010 4CB3     	 cbz r4,.L357
 1350 0012 2B78     	 ldrb r3,[r5]
 1351 0014 A27F     	 ldrb r2,[r4,#30]
 1352 0016 9A42     	 cmp r2,r3
 1353 0018 22D0     	 beq .L342
 1354 001a A377     	 strb r3,[r4,#30]
 1355 001c 638B     	 ldrh r3,[r4,#26]
 1356 001e D907     	 lsls r1,r3,#31
 1357 0020 09D5     	 bpl .L343
 1358 0022 43F00203 	 orr r3,r3,#2
 1359 0026 6383     	 strh r3,[r4,#26]
 1360 0028 2046     	 mov r0,r4
 1361 002a FFF7FEFF 	 bl tcp_output
 1362 002e 638B     	 ldrh r3,[r4,#26]
 1363 0030 23F00303 	 bic r3,r3,#3
 1364 0034 6383     	 strh r3,[r4,#26]
 1365              	.L343:
 1366 0036 638B     	 ldrh r3,[r4,#26]
 1367 0038 1A07     	 lsls r2,r3,#28
 1368 003a 05D5     	 bpl .L344
 1369 003c 23F00803 	 bic r3,r3,#8
 1370 0040 6383     	 strh r3,[r4,#26]
 1371 0042 2046     	 mov r0,r4
 1372 0044 FFF7FEFF 	 bl tcp_close_shutdown_fin
 1373              	.L344:
 1374 0048 636F     	 ldr r3,[r4,#116]
 1375 004a E668     	 ldr r6,[r4,#12]
 1376 004c 4BB1     	 cbz r3,.L345
 1377 004e 084F     	 ldr r7,.L358+8
 1378 0050 0023     	 movs r3,#0
 1379 0052 2046     	 mov r0,r4
 1380 0054 3B70     	 strb r3,[r7]
 1381 0056 FFF7FEFF 	 bl tcp_process_refused_data
 1382 005a 3B78     	 ldrb r3,[r7]
 1383 005c 0BB1     	 cbz r3,.L345
 1384 005e D5E7     	 b .L340
 1385              	.L342:
 1386 0060 E668     	 ldr r6,[r4,#12]
 1387              	.L345:
 1388 0062 3446     	 mov r4,r6
 1389 0064 D4E7     	 b .L341
 1390              	.L357:
 1391 0066 F8BD     	 pop {r3,r4,r5,r6,r7,pc}
 1392              	.L359:
 1393              	 .align 2
 1394              	.L358:
 1395 0068 00000000 	 .word .LANCHOR2
 1396 006c 00000000 	 .word tcp_active_pcbs
 1397 0070 00000000 	 .word tcp_active_pcbs_changed
 1399              	 .section .text.tcp_tmr,"ax",%progbits
 1400              	 .align 1
 1401              	 .global tcp_tmr
 1402              	 .thumb
 1403              	 .thumb_func
 1405              	tcp_tmr:
 1406              	 
 1407              	 
 1408 0000 08B5     	 push {r3,lr}
 1409 0002 FFF7FEFF 	 bl tcp_fasttmr
 1410 0006 064A     	 ldr r2,.L362
 1411 0008 1378     	 ldrb r3,[r2]
 1412 000a 0133     	 adds r3,r3,#1
 1413 000c DBB2     	 uxtb r3,r3
 1414 000e 1370     	 strb r3,[r2]
 1415 0010 DB07     	 lsls r3,r3,#31
 1416 0012 03D5     	 bpl .L360
 1417 0014 BDE80840 	 pop {r3,lr}
 1418 0018 FFF7FEBF 	 b tcp_slowtmr
 1419              	.L360:
 1420 001c 08BD     	 pop {r3,pc}
 1421              	.L363:
 1422 001e 00BF     	 .align 2
 1423              	.L362:
 1424 0020 00000000 	 .word .LANCHOR5
 1426              	 .section .text.tcp_shutdown,"ax",%progbits
 1427              	 .align 1
 1428              	 .global tcp_shutdown
 1429              	 .thumb
 1430              	 .thumb_func
 1432              	tcp_shutdown:
 1433              	 
 1434              	 
 1435 0000 037D     	 ldrb r3,[r0,#20]
 1436 0002 012B     	 cmp r3,#1
 1437 0004 70B5     	 push {r4,r5,r6,lr}
 1438 0006 0546     	 mov r5,r0
 1439 0008 1446     	 mov r4,r2
 1440 000a 1CD0     	 beq .L372
 1441 000c 61B1     	 cbz r1,.L366
 1442 000e 438B     	 ldrh r3,[r0,#26]
 1443 0010 43F01003 	 orr r3,r3,#16
 1444 0014 4383     	 strh r3,[r0,#26]
 1445 0016 0AB1     	 cbz r2,.L367
 1446 0018 0121     	 movs r1,#1
 1447 001a 10E0     	 b .L377
 1448              	.L367:
 1449 001c 406F     	 ldr r0,[r0,#116]
 1450 001e A0B1     	 cbz r0,.L368
 1451 0020 FFF7FEFF 	 bl pbuf_free
 1452 0024 6C67     	 str r4,[r5,#116]
 1453 0026 10E0     	 b .L368
 1454              	.L366:
 1455 0028 7AB1     	 cbz r2,.L368
 1456 002a 033B     	 subs r3,r3,#3
 1457 002c DBB2     	 uxtb r3,r3
 1458 002e 042B     	 cmp r3,#4
 1459 0030 09D8     	 bhi .L372
 1460 0032 0122     	 movs r2,#1
 1461 0034 02FA03F3 	 lsl r3,r2,r3
 1462 0038 13F0130F 	 tst r3,#19
 1463 003c 03D0     	 beq .L372
 1464              	.L377:
 1465 003e BDE87040 	 pop {r4,r5,r6,lr}
 1466 0042 FFF7FEBF 	 b tcp_close_shutdown
 1467              	.L372:
 1468 0046 F522     	 movs r2,#245
 1469 0048 00E0     	 b .L365
 1470              	.L368:
 1471 004a 0022     	 movs r2,#0
 1472              	.L365:
 1473 004c 50B2     	 sxtb r0,r2
 1474 004e 70BD     	 pop {r4,r5,r6,pc}
 1476              	 .section .text.tcp_abandon,"ax",%progbits
 1477              	 .align 1
 1478              	 .global tcp_abandon
 1479              	 .thumb
 1480              	 .thumb_func
 1482              	tcp_abandon:
 1483              	 
 1484              	 
 1485 0000 037D     	 ldrb r3,[r0,#20]
 1486 0002 0A2B     	 cmp r3,#10
 1487 0004 2DE9F347 	 push {r0,r1,r4,r5,r6,r7,r8,r9,r10,lr}
 1488 0008 0446     	 mov r4,r0
 1489 000a 8A46     	 mov r10,r1
 1490 000c 0AD1     	 bne .L379
 1491 000e 2146     	 mov r1,r4
 1492 0010 2C48     	 ldr r0,.L405
 1493 0012 FFF7FEFF 	 bl tcp_pcb_remove
 1494 0016 0220     	 movs r0,#2
 1495 0018 2146     	 mov r1,r4
 1496 001a 02B0     	 add sp,sp,#8
 1497              	 
 1498 001c BDE8F047 	 pop {r4,r5,r6,r7,r8,r9,r10,lr}
 1499 0020 FFF7FEBF 	 b memp_free
 1500              	.L379:
 1501 0024 D0F84C90 	 ldr r9,[r0,#76]
 1502 0028 D0F82480 	 ldr r8,[r0,#36]
 1503 002c D0F88C60 	 ldr r6,[r0,#140]
 1504 0030 0769     	 ldr r7,[r0,#16]
 1505 0032 C58A     	 ldrh r5,[r0,#22]
 1506 0034 8BB9     	 cbnz r3,.L380
 1507 0036 C5B1     	 cbz r5,.L391
 1508 0038 234A     	 ldr r2,.L405+4
 1509 003a 1368     	 ldr r3,[r2]
 1510 003c 8342     	 cmp r3,r0
 1511 003e 03D1     	 bne .L384
 1512 0040 C368     	 ldr r3,[r0,#12]
 1513 0042 1360     	 str r3,[r2]
 1514 0044 06E0     	 b .L383
 1515              	.L392:
 1516 0046 1346     	 mov r3,r2
 1517              	.L384:
 1518 0048 23B1     	 cbz r3,.L383
 1519 004a DA68     	 ldr r2,[r3,#12]
 1520 004c A242     	 cmp r2,r4
 1521 004e FAD1     	 bne .L392
 1522 0050 E268     	 ldr r2,[r4,#12]
 1523 0052 DA60     	 str r2,[r3,#12]
 1524              	.L383:
 1525 0054 0025     	 movs r5,#0
 1526 0056 E560     	 str r5,[r4,#12]
 1527 0058 07E0     	 b .L391
 1528              	.L380:
 1529 005a 1C48     	 ldr r0,.L405+8
 1530 005c 2146     	 mov r1,r4
 1531 005e FFF7FEFF 	 bl tcp_pcb_remove
 1532 0062 1B4B     	 ldr r3,.L405+12
 1533 0064 0122     	 movs r2,#1
 1534 0066 1A70     	 strb r2,[r3]
 1535 0068 00E0     	 b .L381
 1536              	.L391:
 1537 006a AA46     	 mov r10,r5
 1538              	.L381:
 1539 006c E06E     	 ldr r0,[r4,#108]
 1540 006e 08B1     	 cbz r0,.L386
 1541 0070 FFF7FEFF 	 bl tcp_segs_free
 1542              	.L386:
 1543 0074 A06E     	 ldr r0,[r4,#104]
 1544 0076 08B1     	 cbz r0,.L387
 1545 0078 FFF7FEFF 	 bl tcp_segs_free
 1546              	.L387:
 1547 007c 206F     	 ldr r0,[r4,#112]
 1548 007e 08B1     	 cbz r0,.L388
 1549 0080 FFF7FEFF 	 bl tcp_segs_free
 1550              	.L388:
 1551 0084 2046     	 mov r0,r4
 1552 0086 FFF7FEFF 	 bl tcp_backlog_accepted
 1553 008a BAF1000F 	 cmp r10,#0
 1554 008e 08D0     	 beq .L389
 1555 0090 238B     	 ldrh r3,[r4,#24]
 1556 0092 0193     	 str r3,[sp,#4]
 1557 0094 0095     	 str r5,[sp]
 1558 0096 4846     	 mov r0,r9
 1559 0098 4146     	 mov r1,r8
 1560 009a 2246     	 mov r2,r4
 1561 009c 231D     	 adds r3,r4,#4
 1562 009e FFF7FEFF 	 bl tcp_rst
 1563              	.L389:
 1564 00a2 0220     	 movs r0,#2
 1565 00a4 2146     	 mov r1,r4
 1566 00a6 FFF7FEFF 	 bl memp_free
 1567 00aa 3EB1     	 cbz r6,.L378
 1568 00ac 3846     	 mov r0,r7
 1569 00ae 6FF00C01 	 mvn r1,#12
 1570 00b2 3346     	 mov r3,r6
 1571 00b4 02B0     	 add sp,sp,#8
 1572              	 
 1573 00b6 BDE8F047 	 pop {r4,r5,r6,r7,r8,r9,r10,lr}
 1574 00ba 1847     	 bx r3
 1575              	.L378:
 1576 00bc 02B0     	 add sp,sp,#8
 1577              	 
 1578 00be BDE8F087 	 pop {r4,r5,r6,r7,r8,r9,r10,pc}
 1579              	.L406:
 1580 00c2 00BF     	 .align 2
 1581              	.L405:
 1582 00c4 00000000 	 .word tcp_tw_pcbs
 1583 00c8 00000000 	 .word tcp_bound_pcbs
 1584 00cc 00000000 	 .word tcp_active_pcbs
 1585 00d0 00000000 	 .word tcp_active_pcbs_changed
 1587              	 .section .text.tcp_abort,"ax",%progbits
 1588              	 .align 1
 1589              	 .global tcp_abort
 1590              	 .thumb
 1591              	 .thumb_func
 1593              	tcp_abort:
 1594              	 
 1595              	 
 1596              	 
 1597 0000 0121     	 movs r1,#1
 1598 0002 FFF7FEBF 	 b tcp_abandon
 1600              	 .section .text.tcp_accept_null,"ax",%progbits
 1601              	 .align 1
 1602              	 .thumb
 1603              	 .thumb_func
 1605              	tcp_accept_null:
 1606              	 
 1607              	 
 1608 0000 08B5     	 push {r3,lr}
 1609 0002 0846     	 mov r0,r1
 1610 0004 FFF7FEFF 	 bl tcp_abort
 1611 0008 6FF00C00 	 mvn r0,#12
 1612 000c 08BD     	 pop {r3,pc}
 1614              	 .section .text.tcp_netif_ip_addr_changed_pcblist,"ax",%progbits
 1615              	 .align 1
 1616              	 .thumb
 1617              	 .thumb_func
 1619              	tcp_netif_ip_addr_changed_pcblist:
 1620              	 
 1621              	 
 1622 0000 38B5     	 push {r3,r4,r5,lr}
 1623 0002 0546     	 mov r5,r0
 1624              	.L410:
 1625 0004 49B1     	 cbz r1,.L414
 1626 0006 0A68     	 ldr r2,[r1]
 1627 0008 2B68     	 ldr r3,[r5]
 1628 000a CC68     	 ldr r4,[r1,#12]
 1629 000c 9A42     	 cmp r2,r3
 1630 000e 02D1     	 bne .L411
 1631 0010 0846     	 mov r0,r1
 1632 0012 FFF7FEFF 	 bl tcp_abort
 1633              	.L411:
 1634 0016 2146     	 mov r1,r4
 1635 0018 F4E7     	 b .L410
 1636              	.L414:
 1637 001a 38BD     	 pop {r3,r4,r5,pc}
 1639              	 .section .text.tcp_kill_state,"ax",%progbits
 1640              	 .align 1
 1641              	 .thumb
 1642              	 .thumb_func
 1644              	tcp_kill_state:
 1645              	 
 1646              	 
 1647 0000 0C4B     	 ldr r3,.L421
 1648 0002 1968     	 ldr r1,[r3]
 1649 0004 0C4B     	 ldr r3,.L421+4
 1650 0006 30B5     	 push {r4,r5,lr}
 1651 0008 0024     	 movs r4,#0
 1652 000a 1D68     	 ldr r5,[r3]
 1653 000c 2246     	 mov r2,r4
 1654              	.L416:
 1655 000e 51B1     	 cbz r1,.L420
 1656 0010 0B7D     	 ldrb r3,[r1,#20]
 1657 0012 8342     	 cmp r3,r0
 1658 0014 05D1     	 bne .L417
 1659 0016 0B6A     	 ldr r3,[r1,#32]
 1660 0018 EB1A     	 subs r3,r5,r3
 1661 001a A342     	 cmp r3,r4
 1662 001c 24BF     	 itt cs
 1663 001e 1C46     	 movcs r4,r3
 1664 0020 0A46     	 movcs r2,r1
 1665              	.L417:
 1666 0022 C968     	 ldr r1,[r1,#12]
 1667 0024 F3E7     	 b .L416
 1668              	.L420:
 1669 0026 22B1     	 cbz r2,.L415
 1670 0028 1046     	 mov r0,r2
 1671 002a BDE83040 	 pop {r4,r5,lr}
 1672 002e FFF7FEBF 	 b tcp_abandon
 1673              	.L415:
 1674 0032 30BD     	 pop {r4,r5,pc}
 1675              	.L422:
 1676              	 .align 2
 1677              	.L421:
 1678 0034 00000000 	 .word tcp_active_pcbs
 1679 0038 00000000 	 .word tcp_ticks
 1681              	 .section .text.tcp_alloc,"ax",%progbits
 1682              	 .align 1
 1683              	 .global tcp_alloc
 1684              	 .thumb
 1685              	 .thumb_func
 1687              	tcp_alloc:
 1688              	 
 1689              	 
 1690 0000 F8B5     	 push {r3,r4,r5,r6,r7,lr}
 1691 0002 0646     	 mov r6,r0
 1692 0004 0220     	 movs r0,#2
 1693 0006 FFF7FEFF 	 bl memp_malloc
 1694 000a 394D     	 ldr r5,.L448
 1695 000c 0446     	 mov r4,r0
 1696 000e 0028     	 cmp r0,#0
 1697 0010 42D1     	 bne .L435
 1698 0012 384B     	 ldr r3,.L448+4
 1699 0014 2968     	 ldr r1,[r5]
 1700 0016 1B68     	 ldr r3,[r3]
 1701              	.L425:
 1702 0018 3BB1     	 cbz r3,.L446
 1703 001a 1A6A     	 ldr r2,[r3,#32]
 1704 001c 8A1A     	 subs r2,r1,r2
 1705 001e A242     	 cmp r2,r4
 1706 0020 24BF     	 itt cs
 1707 0022 1846     	 movcs r0,r3
 1708 0024 1446     	 movcs r4,r2
 1709 0026 DB68     	 ldr r3,[r3,#12]
 1710 0028 F6E7     	 b .L425
 1711              	.L446:
 1712 002a 08B1     	 cbz r0,.L428
 1713 002c FFF7FEFF 	 bl tcp_abort
 1714              	.L428:
 1715 0030 0220     	 movs r0,#2
 1716 0032 FFF7FEFF 	 bl memp_malloc
 1717 0036 0446     	 mov r4,r0
 1718 0038 70BB     	 cbnz r0,.L435
 1719 003a 0920     	 movs r0,#9
 1720 003c FFF7FEFF 	 bl tcp_kill_state
 1721 0040 0220     	 movs r0,#2
 1722 0042 FFF7FEFF 	 bl memp_malloc
 1723 0046 0446     	 mov r4,r0
 1724 0048 30BB     	 cbnz r0,.L435
 1725 004a 0820     	 movs r0,#8
 1726 004c FFF7FEFF 	 bl tcp_kill_state
 1727 0050 0220     	 movs r0,#2
 1728 0052 FFF7FEFF 	 bl memp_malloc
 1729 0056 0446     	 mov r4,r0
 1730 0058 F0B9     	 cbnz r0,.L435
 1731 005a 274B     	 ldr r3,.L448+8
 1732 005c D5F800E0 	 ldr lr,[r5]
 1733 0060 1B68     	 ldr r3,[r3]
 1734 0062 16F0800F 	 tst r6,#128
 1735 0066 0CBF     	 ite eq
 1736 0068 3146     	 moveq r1,r6
 1737 006a 7F21     	 movne r1,#127
 1738              	.L430:
 1739 006c 63B1     	 cbz r3,.L447
 1740 006e 5F7D     	 ldrb r7,[r3,#21]
 1741 0070 8F42     	 cmp r7,r1
 1742 0072 07D8     	 bhi .L431
 1743 0074 1A6A     	 ldr r2,[r3,#32]
 1744 0076 C2EB0E02 	 rsb r2,r2,lr
 1745 007a A242     	 cmp r2,r4
 1746 007c 22BF     	 ittt cs
 1747 007e 3946     	 movcs r1,r7
 1748 0080 1446     	 movcs r4,r2
 1749 0082 1846     	 movcs r0,r3
 1750              	.L431:
 1751 0084 DB68     	 ldr r3,[r3,#12]
 1752 0086 F1E7     	 b .L430
 1753              	.L447:
 1754 0088 08B1     	 cbz r0,.L433
 1755 008a FFF7FEFF 	 bl tcp_abort
 1756              	.L433:
 1757 008e 0220     	 movs r0,#2
 1758 0090 FFF7FEFF 	 bl memp_malloc
 1759 0094 0446     	 mov r4,r0
 1760 0096 48B3     	 cbz r0,.L434
 1761              	.L435:
 1762 0098 9822     	 movs r2,#152
 1763 009a 2046     	 mov r0,r4
 1764 009c 0021     	 movs r1,#0
 1765 009e FFF7FEFF 	 bl memset
 1766 00a2 4FF40662 	 mov r2,#2144
 1767 00a6 6285     	 strh r2,[r4,#42]
 1768 00a8 2285     	 strh r2,[r4,#40]
 1769 00aa FF22     	 movs r2,#255
 1770 00ac A272     	 strb r2,[r4,#10]
 1771 00ae 4FF40672 	 mov r2,#536
 1772 00b2 6286     	 strh r2,[r4,#50]
 1773 00b4 0622     	 movs r2,#6
 1774 00b6 A4F84020 	 strh r2,[r4,#64]
 1775 00ba E287     	 strh r2,[r4,#62]
 1776 00bc 4FF6FF72 	 movw r2,#65535
 1777 00c0 2286     	 strh r2,[r4,#48]
 1778 00c2 0122     	 movs r2,#1
 1779 00c4 A4F84820 	 strh r2,[r4,#72]
 1780 00c8 2A68     	 ldr r2,[r5]
 1781 00ca 2262     	 str r2,[r4,#32]
 1782 00cc 4FF48663 	 mov r3,#1072
 1783 00d0 0A4A     	 ldr r2,.L448+12
 1784 00d2 A4F86030 	 strh r3,[r4,#96]
 1785 00d6 A4F84A30 	 strh r3,[r4,#74]
 1786 00da 094B     	 ldr r3,.L448+16
 1787 00dc 1278     	 ldrb r2,[r2]
 1788 00de C4F88030 	 str r3,[r4,#128]
 1789 00e2 084B     	 ldr r3,.L448+20
 1790 00e4 6675     	 strb r6,[r4,#21]
 1791 00e6 A277     	 strb r2,[r4,#30]
 1792 00e8 C4F89030 	 str r3,[r4,#144]
 1793              	.L434:
 1794 00ec 2046     	 mov r0,r4
 1795 00ee F8BD     	 pop {r3,r4,r5,r6,r7,pc}
 1796              	.L449:
 1797              	 .align 2
 1798              	.L448:
 1799 00f0 00000000 	 .word tcp_ticks
 1800 00f4 00000000 	 .word tcp_tw_pcbs
 1801 00f8 00000000 	 .word tcp_active_pcbs
 1802 00fc 00000000 	 .word .LANCHOR2
 1803 0100 00000000 	 .word tcp_recv_null
 1804 0104 00DD6D00 	 .word 7200000
 1806              	 .section .text.tcp_new,"ax",%progbits
 1807              	 .align 1
 1808              	 .global tcp_new
 1809              	 .thumb
 1810              	 .thumb_func
 1812              	tcp_new:
 1813              	 
 1814              	 
 1815              	 
 1816 0000 4020     	 movs r0,#64
 1817 0002 FFF7FEBF 	 b tcp_alloc
 1819              	 .section .text.tcp_new_ip_type,"ax",%progbits
 1820              	 .align 1
 1821              	 .global tcp_new_ip_type
 1822              	 .thumb
 1823              	 .thumb_func
 1825              	tcp_new_ip_type:
 1826              	 
 1827              	 
 1828              	 
 1829 0000 4020     	 movs r0,#64
 1830 0002 FFF7FEBF 	 b tcp_alloc
 1832              	 .section .text.tcp_next_iss,"ax",%progbits
 1833              	 .align 1
 1834              	 .global tcp_next_iss
 1835              	 .thumb
 1836              	 .thumb_func
 1838              	tcp_next_iss:
 1839              	 
 1840              	 
 1841              	 
 1842 0000 034A     	 ldr r2,.L453
 1843 0002 044B     	 ldr r3,.L453+4
 1844 0004 1868     	 ldr r0,[r3]
 1845 0006 1368     	 ldr r3,[r2]
 1846 0008 1844     	 add r0,r0,r3
 1847 000a 1060     	 str r0,[r2]
 1848 000c 7047     	 bx lr
 1849              	.L454:
 1850 000e 00BF     	 .align 2
 1851              	.L453:
 1852 0010 00000000 	 .word .LANCHOR6
 1853 0014 00000000 	 .word tcp_ticks
 1855              	 .section .text.tcp_eff_send_mss_impl,"ax",%progbits
 1856              	 .align 1
 1857              	 .global tcp_eff_send_mss_impl
 1858              	 .thumb
 1859              	 .thumb_func
 1861              	tcp_eff_send_mss_impl:
 1862              	 
 1863              	 
 1864 0000 10B5     	 push {r4,lr}
 1865 0002 0446     	 mov r4,r0
 1866 0004 0846     	 mov r0,r1
 1867 0006 FFF7FEFF 	 bl ip4_route
 1868 000a 30B1     	 cbz r0,.L456
 1869 000c 438D     	 ldrh r3,[r0,#42]
 1870 000e 23B1     	 cbz r3,.L456
 1871 0010 283B     	 subs r3,r3,#40
 1872 0012 9BB2     	 uxth r3,r3
 1873 0014 9C42     	 cmp r4,r3
 1874 0016 28BF     	 it cs
 1875 0018 1C46     	 movcs r4,r3
 1876              	.L456:
 1877 001a 2046     	 mov r0,r4
 1878 001c 10BD     	 pop {r4,pc}
 1880              	 .section .text.tcp_connect,"ax",%progbits
 1881              	 .align 1
 1882              	 .global tcp_connect
 1883              	 .thumb
 1884              	 .thumb_func
 1886              	tcp_connect:
 1887              	 
 1888              	 
 1889 0000 70B5     	 push {r4,r5,r6,lr}
 1890 0002 1E46     	 mov r6,r3
 1891 0004 0446     	 mov r4,r0
 1892 0006 0028     	 cmp r0,#0
 1893 0008 5BD0     	 beq .L475
 1894 000a 0029     	 cmp r1,#0
 1895 000c 59D0     	 beq .L475
 1896 000e 037D     	 ldrb r3,[r0,#20]
 1897 0010 002B     	 cmp r3,#0
 1898 0012 58D1     	 bne .L476
 1899 0014 0B68     	 ldr r3,[r1]
 1900 0016 4360     	 str r3,[r0,#4]
 1901 0018 0368     	 ldr r3,[r0]
 1902 001a 0283     	 strh r2,[r0,#24]
 1903 001c 33B9     	 cbnz r3,.L465
 1904 001e 0430     	 adds r0,r0,#4
 1905 0020 FFF7FEFF 	 bl ip4_route
 1906 0024 0028     	 cmp r0,#0
 1907 0026 50D0     	 beq .L477
 1908 0028 4368     	 ldr r3,[r0,#4]
 1909 002a 2360     	 str r3,[r4]
 1910              	.L465:
 1911 002c E58A     	 ldrh r5,[r4,#22]
 1912 002e 15B3     	 cbz r5,.L466
 1913              	.L468:
 1914 0030 2046     	 mov r0,r4
 1915 0032 FFF7FEFF 	 bl tcp_next_iss
 1916 0036 E064     	 str r0,[r4,#76]
 1917 0038 0138     	 subs r0,r0,#1
 1918 003a 4FF40663 	 mov r3,#2144
 1919 003e 0022     	 movs r2,#0
 1920 0040 6064     	 str r0,[r4,#68]
 1921 0042 6065     	 str r0,[r4,#84]
 1922 0044 A065     	 str r0,[r4,#88]
 1923 0046 4FF40670 	 mov r0,#536
 1924 004a 6385     	 strh r3,[r4,#42]
 1925 004c 2385     	 strh r3,[r4,#40]
 1926 004e A4F85C30 	 strh r3,[r4,#92]
 1927 0052 211D     	 adds r1,r4,#4
 1928 0054 6262     	 str r2,[r4,#36]
 1929 0056 E262     	 str r2,[r4,#44]
 1930 0058 6086     	 strh r0,[r4,#50]
 1931 005a FFF7FEFF 	 bl tcp_eff_send_mss_impl
 1932 005e 0123     	 movs r3,#1
 1933 0060 6086     	 strh r0,[r4,#50]
 1934 0062 A4F84830 	 strh r3,[r4,#72]
 1935 0066 C4F88460 	 str r6,[r4,#132]
 1936 006a 2046     	 mov r0,r4
 1937 006c 0221     	 movs r1,#2
 1938 006e FFF7FEFF 	 bl tcp_enqueue_flags
 1939 0072 38B1     	 cbz r0,.L467
 1940 0074 2AE0     	 b .L464
 1941              	.L466:
 1942 0076 FFF7FEFF 	 bl tcp_new_port
 1943 007a E082     	 strh r0,[r4,#22]
 1944 007c 0028     	 cmp r0,#0
 1945 007e D7D1     	 bne .L468
 1946 0080 FE20     	 movs r0,#254
 1947 0082 23E0     	 b .L464
 1948              	.L467:
 1949 0084 0223     	 movs r3,#2
 1950 0086 2375     	 strb r3,[r4,#20]
 1951 0088 6DB1     	 cbz r5,.L469
 1952 008a 114A     	 ldr r2,.L483
 1953 008c 1368     	 ldr r3,[r2]
 1954 008e A342     	 cmp r3,r4
 1955 0090 03D1     	 bne .L472
 1956 0092 E368     	 ldr r3,[r4,#12]
 1957 0094 1360     	 str r3,[r2]
 1958 0096 06E0     	 b .L469
 1959              	.L479:
 1960 0098 1346     	 mov r3,r2
 1961              	.L472:
 1962 009a 23B1     	 cbz r3,.L469
 1963 009c DA68     	 ldr r2,[r3,#12]
 1964 009e A242     	 cmp r2,r4
 1965 00a0 FAD1     	 bne .L479
 1966 00a2 E268     	 ldr r2,[r4,#12]
 1967 00a4 DA60     	 str r2,[r3,#12]
 1968              	.L469:
 1969 00a6 0B4B     	 ldr r3,.L483+4
 1970 00a8 1A68     	 ldr r2,[r3]
 1971 00aa E260     	 str r2,[r4,#12]
 1972 00ac 1C60     	 str r4,[r3]
 1973 00ae FFF7FEFF 	 bl tcp_timer_needed
 1974 00b2 094B     	 ldr r3,.L483+8
 1975 00b4 0122     	 movs r2,#1
 1976 00b6 2046     	 mov r0,r4
 1977 00b8 1A70     	 strb r2,[r3]
 1978 00ba FFF7FEFF 	 bl tcp_output
 1979 00be 0020     	 movs r0,#0
 1980 00c0 04E0     	 b .L464
 1981              	.L475:
 1982 00c2 FA20     	 movs r0,#250
 1983 00c4 02E0     	 b .L464
 1984              	.L476:
 1985 00c6 F620     	 movs r0,#246
 1986 00c8 00E0     	 b .L464
 1987              	.L477:
 1988 00ca FC20     	 movs r0,#252
 1989              	.L464:
 1990 00cc 40B2     	 sxtb r0,r0
 1991 00ce 70BD     	 pop {r4,r5,r6,pc}
 1992              	.L484:
 1993              	 .align 2
 1994              	.L483:
 1995 00d0 00000000 	 .word tcp_bound_pcbs
 1996 00d4 00000000 	 .word tcp_active_pcbs
 1997 00d8 00000000 	 .word tcp_active_pcbs_changed
 1999              	 .section .text.tcp_netif_ip_addr_changed,"ax",%progbits
 2000              	 .align 1
 2001              	 .global tcp_netif_ip_addr_changed
 2002              	 .thumb
 2003              	 .thumb_func
 2005              	tcp_netif_ip_addr_changed:
 2006              	 
 2007              	 
 2008 0000 38B5     	 push {r3,r4,r5,lr}
 2009 0002 0D46     	 mov r5,r1
 2010 0004 0446     	 mov r4,r0
 2011 0006 C8B1     	 cbz r0,.L485
 2012 0008 0368     	 ldr r3,[r0]
 2013 000a BBB1     	 cbz r3,.L485
 2014 000c 0C4B     	 ldr r3,.L500
 2015 000e 1968     	 ldr r1,[r3]
 2016 0010 FFF7FEFF 	 bl tcp_netif_ip_addr_changed_pcblist
 2017 0014 0B4B     	 ldr r3,.L500+4
 2018 0016 2046     	 mov r0,r4
 2019 0018 1968     	 ldr r1,[r3]
 2020 001a FFF7FEFF 	 bl tcp_netif_ip_addr_changed_pcblist
 2021 001e 6DB1     	 cbz r5,.L485
 2022 0020 2B68     	 ldr r3,[r5]
 2023 0022 5BB1     	 cbz r3,.L485
 2024 0024 084B     	 ldr r3,.L500+8
 2025 0026 1B68     	 ldr r3,[r3]
 2026              	.L488:
 2027 0028 43B1     	 cbz r3,.L485
 2028 002a 1868     	 ldr r0,[r3]
 2029 002c 2168     	 ldr r1,[r4]
 2030 002e DA68     	 ldr r2,[r3,#12]
 2031 0030 8842     	 cmp r0,r1
 2032 0032 04BF     	 itt eq
 2033 0034 2968     	 ldreq r1,[r5]
 2034 0036 1960     	 streq r1,[r3]
 2035 0038 1346     	 mov r3,r2
 2036 003a F5E7     	 b .L488
 2037              	.L485:
 2038 003c 38BD     	 pop {r3,r4,r5,pc}
 2039              	.L501:
 2040 003e 00BF     	 .align 2
 2041              	.L500:
 2042 0040 00000000 	 .word tcp_active_pcbs
 2043 0044 00000000 	 .word tcp_bound_pcbs
 2044 0048 00000000 	 .word tcp_listen_pcbs
 2046              	 .section .text.tcp_debug_state_str,"ax",%progbits
 2047              	 .align 1
 2048              	 .global tcp_debug_state_str
 2049              	 .thumb
 2050              	 .thumb_func
 2052              	tcp_debug_state_str:
 2053              	 
 2054              	 
 2055              	 
 2056 0000 014B     	 ldr r3,.L503
 2057 0002 53F82000 	 ldr r0,[r3,r0,lsl#2]
 2058 0006 7047     	 bx lr
 2059              	.L504:
 2060              	 .align 2
 2061              	.L503:
 2062 0008 00000000 	 .word .LANCHOR7
 2064              	 .comm tcp_active_pcbs_changed,1,1
 2065              	 .global tcp_pcb_lists
 2066              	 .comm tcp_tw_pcbs,4,4
 2067              	 .comm tcp_active_pcbs,4,4
 2068              	 .comm tcp_listen_pcbs,4,4
 2069              	 .comm tcp_bound_pcbs,4,4
 2070              	 .comm tcp_ticks,4,4
 2071              	 .section .rodata.tcp_state_str,"a",%progbits
 2072              	 .align 2
 2073              	 .set .LANCHOR7,.+0
 2076              	tcp_state_str:
 2077 0000 00000000 	 .word .LC0
 2078 0004 07000000 	 .word .LC1
 2079 0008 0E000000 	 .word .LC2
 2080 000c 17000000 	 .word .LC3
 2081 0010 20000000 	 .word .LC4
 2082 0014 2C000000 	 .word .LC5
 2083 0018 37000000 	 .word .LC6
 2084 001c 42000000 	 .word .LC7
 2085 0020 4D000000 	 .word .LC8
 2086 0024 55000000 	 .word .LC9
 2087 0028 5E000000 	 .word .LC10
 2088              	 .section .rodata.tcp_pcb_lists,"a",%progbits
 2089              	 .align 2
 2090              	 .set .LANCHOR1,.+0
 2093              	tcp_pcb_lists:
 2094 0000 00000000 	 .word tcp_listen_pcbs
 2095 0004 00000000 	 .word tcp_bound_pcbs
 2096 0008 00000000 	 .word tcp_active_pcbs
 2097 000c 00000000 	 .word tcp_tw_pcbs
 2098              	 .section .bss.tcp_timer,"aw",%nobits
 2099              	 .set .LANCHOR5,.+0
 2102              	tcp_timer:
 2103 0000 00       	 .space 1
 2104              	 .section .rodata.tcp_backoff,"a",%progbits
 2105              	 .set .LANCHOR4,.+0
 2108              	tcp_backoff:
 2109 0000 01       	 .byte 1
 2110 0001 02       	 .byte 2
 2111 0002 03       	 .byte 3
 2112 0003 04       	 .byte 4
 2113 0004 05       	 .byte 5
 2114 0005 06       	 .byte 6
 2115 0006 07       	 .byte 7
 2116 0007 07       	 .byte 7
 2117 0008 07       	 .byte 7
 2118 0009 07       	 .byte 7
 2119 000a 07       	 .byte 7
 2120 000b 07       	 .byte 7
 2121 000c 07       	 .byte 7
 2122              	 .section .data.tcp_port,"aw",%progbits
 2123              	 .align 1
 2124              	 .set .LANCHOR0,.+0
 2127              	tcp_port:
 2128 0000 00C0     	 .short -16384
 2129              	 .section .data.iss.8278,"aw",%progbits
 2130              	 .align 2
 2131              	 .set .LANCHOR6,.+0
 2134              	iss.8278:
 2135 0000 6E190000 	 .word 6510
 2136              	 .section .rodata.str1.1,"aMS",%progbits,1
 2137              	.LC0:
 2138 0000 434C4F53 	 .ascii "CLOSED\000"
 2138      454400
 2139              	.LC1:
 2140 0007 4C495354 	 .ascii "LISTEN\000"
 2140      454E00
 2141              	.LC2:
 2142 000e 53594E5F 	 .ascii "SYN_SENT\000"
 2142      53454E54 
 2142      00
 2143              	.LC3:
 2144 0017 53594E5F 	 .ascii "SYN_RCVD\000"
 2144      52435644 
 2144      00
 2145              	.LC4:
 2146 0020 45535441 	 .ascii "ESTABLISHED\000"
 2146      424C4953 
 2146      48454400 
 2147              	.LC5:
 2148 002c 46494E5F 	 .ascii "FIN_WAIT_1\000"
 2148      57414954 
 2148      5F3100
 2149              	.LC6:
 2150 0037 46494E5F 	 .ascii "FIN_WAIT_2\000"
 2150      57414954 
 2150      5F3200
 2151              	.LC7:
 2152 0042 434C4F53 	 .ascii "CLOSE_WAIT\000"
 2152      455F5741 
 2152      495400
 2153              	.LC8:
 2154 004d 434C4F53 	 .ascii "CLOSING\000"
 2154      494E4700 
 2155              	.LC9:
 2156 0055 4C415354 	 .ascii "LAST_ACK\000"
 2156      5F41434B 
 2156      00
 2157              	.LC10:
 2158 005e 54494D45 	 .ascii "TIME_WAIT\000"
 2158      5F574149 
 2158      5400
 2159              	 .section .bss.tcp_timer_ctr,"aw",%nobits
 2160              	 .set .LANCHOR2,.+0
 2163              	tcp_timer_ctr:
 2164 0000 00       	 .space 1
 2165              	 .section .rodata.tcp_persist_backoff,"a",%progbits
 2166              	 .set .LANCHOR3,.+0
 2169              	tcp_persist_backoff:
 2170 0000 03       	 .byte 3
 2171 0001 06       	 .byte 6
 2172 0002 0C       	 .byte 12
 2173 0003 18       	 .byte 24
 2174 0004 30       	 .byte 48
 2175 0005 60       	 .byte 96
 2176 0006 78       	 .byte 120
 2177              	 .ident "GCC: (GNU Tools for ARM Embedded Processors) 4.9.3 20141119 (release) [ARM/embedded-4_9-branch revision 218278]"
DEFINED SYMBOLS
                            *ABS*:00000000 tcp.c
    {standard input}:17     .text.tcp_new_port:00000000 $t
    {standard input}:21     .text.tcp_new_port:00000000 tcp_new_port
    {standard input}:64     .text.tcp_new_port:00000048 $d
    {standard input}:68     .text.tcp_init:00000000 $t
    {standard input}:73     .text.tcp_init:00000000 tcp_init
    {standard input}:80     .text.tcp_backlog_delayed:00000000 $t
    {standard input}:85     .text.tcp_backlog_delayed:00000000 tcp_backlog_delayed
    {standard input}:104    .text.tcp_backlog_accepted:00000000 $t
    {standard input}:109    .text.tcp_backlog_accepted:00000000 tcp_backlog_accepted
    {standard input}:128    .text.tcp_close_shutdown_fin:00000000 $t
    {standard input}:132    .text.tcp_close_shutdown_fin:00000000 tcp_close_shutdown_fin
    {standard input}:178    .text.tcp_bind:00000000 $t
    {standard input}:183    .text.tcp_bind:00000000 tcp_bind
    {standard input}:252    .text.tcp_bind:00000070 $d
                            *COM*:00000004 tcp_bound_pcbs
    {standard input}:257    .text.tcp_listen_with_backlog_and_err:00000000 $t
    {standard input}:262    .text.tcp_listen_with_backlog_and_err:00000000 tcp_listen_with_backlog_and_err
    {standard input}:348    .text.tcp_listen_with_backlog_and_err:00000098 $d
    {standard input}:1605   .text.tcp_accept_null:00000000 tcp_accept_null
                            *COM*:00000004 tcp_listen_pcbs
    {standard input}:353    .text.tcp_listen_with_backlog:00000000 $t
    {standard input}:358    .text.tcp_listen_with_backlog:00000000 tcp_listen_with_backlog
    {standard input}:366    .text.tcp_update_rcv_ann_wnd:00000000 $t
    {standard input}:371    .text.tcp_update_rcv_ann_wnd:00000000 tcp_update_rcv_ann_wnd
    {standard input}:401    .text.tcp_recved:00000000 $t
    {standard input}:406    .text.tcp_recved:00000000 tcp_recved
    {standard input}:443    .text.tcp_txnow:00000000 $t
    {standard input}:448    .text.tcp_txnow:00000000 tcp_txnow
    {standard input}:469    .text.tcp_txnow:0000001c $d
                            *COM*:00000004 tcp_active_pcbs
    {standard input}:472    .text.tcp_seg_free:00000000 $t
    {standard input}:477    .text.tcp_seg_free:00000000 tcp_seg_free
    {standard input}:495    .text.tcp_segs_free:00000000 $t
    {standard input}:500    .text.tcp_segs_free:00000000 tcp_segs_free
    {standard input}:514    .text.tcp_setprio:00000000 $t
    {standard input}:519    .text.tcp_setprio:00000000 tcp_setprio
    {standard input}:527    .text.tcp_seg_copy:00000000 $t
    {standard input}:532    .text.tcp_seg_copy:00000000 tcp_seg_copy
    {standard input}:556    .text.tcp_arg:00000000 $t
    {standard input}:561    .text.tcp_arg:00000000 tcp_arg
    {standard input}:571    .text.tcp_recv:00000000 $t
    {standard input}:576    .text.tcp_recv:00000000 tcp_recv
    {standard input}:586    .text.tcp_sent:00000000 $t
    {standard input}:591    .text.tcp_sent:00000000 tcp_sent
    {standard input}:601    .text.tcp_err:00000000 $t
    {standard input}:606    .text.tcp_err:00000000 tcp_err
    {standard input}:616    .text.tcp_accept:00000000 $t
    {standard input}:621    .text.tcp_accept:00000000 tcp_accept
    {standard input}:634    .text.tcp_poll:00000000 $t
    {standard input}:639    .text.tcp_poll:00000000 tcp_poll
    {standard input}:648    .text.tcp_pcb_purge:00000000 $t
    {standard input}:653    .text.tcp_pcb_purge:00000000 tcp_pcb_purge
    {standard input}:687    .text.tcp_slowtmr:00000000 $t
    {standard input}:692    .text.tcp_slowtmr:00000000 tcp_slowtmr
    {standard input}:1002   .text.tcp_slowtmr:00000298 $d
                            *COM*:00000004 tcp_ticks
                            *COM*:00000001 tcp_active_pcbs_changed
                            *COM*:00000004 tcp_tw_pcbs
    {standard input}:1012   .text.tcp_pcb_remove:00000000 $t
    {standard input}:1017   .text.tcp_pcb_remove:00000000 tcp_pcb_remove
    {standard input}:1061   .text.tcp_close_shutdown:00000000 $t
    {standard input}:1065   .text.tcp_close_shutdown:00000000 tcp_close_shutdown
    {standard input}:1215   .text.tcp_close_shutdown:0000010c $d
    {standard input}:1224   .text.tcp_close:00000000 $t
    {standard input}:1229   .text.tcp_close:00000000 tcp_close
    {standard input}:1243   .text.tcp_recv_null:00000000 $t
    {standard input}:1248   .text.tcp_recv_null:00000000 tcp_recv_null
    {standard input}:1269   .text.tcp_process_refused_data:00000000 $t
    {standard input}:1274   .text.tcp_process_refused_data:00000000 tcp_process_refused_data
    {standard input}:1331   .text.tcp_fasttmr:00000000 $t
    {standard input}:1336   .text.tcp_fasttmr:00000000 tcp_fasttmr
    {standard input}:1395   .text.tcp_fasttmr:00000068 $d
    {standard input}:1400   .text.tcp_tmr:00000000 $t
    {standard input}:1405   .text.tcp_tmr:00000000 tcp_tmr
    {standard input}:1424   .text.tcp_tmr:00000020 $d
    {standard input}:1427   .text.tcp_shutdown:00000000 $t
    {standard input}:1432   .text.tcp_shutdown:00000000 tcp_shutdown
    {standard input}:1477   .text.tcp_abandon:00000000 $t
    {standard input}:1482   .text.tcp_abandon:00000000 tcp_abandon
    {standard input}:1582   .text.tcp_abandon:000000c4 $d
    {standard input}:1588   .text.tcp_abort:00000000 $t
    {standard input}:1593   .text.tcp_abort:00000000 tcp_abort
    {standard input}:1601   .text.tcp_accept_null:00000000 $t
    {standard input}:1615   .text.tcp_netif_ip_addr_changed_pcblist:00000000 $t
    {standard input}:1619   .text.tcp_netif_ip_addr_changed_pcblist:00000000 tcp_netif_ip_addr_changed_pcblist
    {standard input}:1640   .text.tcp_kill_state:00000000 $t
    {standard input}:1644   .text.tcp_kill_state:00000000 tcp_kill_state
    {standard input}:1678   .text.tcp_kill_state:00000034 $d
    {standard input}:1682   .text.tcp_alloc:00000000 $t
    {standard input}:1687   .text.tcp_alloc:00000000 tcp_alloc
    {standard input}:1799   .text.tcp_alloc:000000f0 $d
    {standard input}:1807   .text.tcp_new:00000000 $t
    {standard input}:1812   .text.tcp_new:00000000 tcp_new
    {standard input}:1820   .text.tcp_new_ip_type:00000000 $t
    {standard input}:1825   .text.tcp_new_ip_type:00000000 tcp_new_ip_type
    {standard input}:1833   .text.tcp_next_iss:00000000 $t
    {standard input}:1838   .text.tcp_next_iss:00000000 tcp_next_iss
    {standard input}:1852   .text.tcp_next_iss:00000010 $d
    {standard input}:1856   .text.tcp_eff_send_mss_impl:00000000 $t
    {standard input}:1861   .text.tcp_eff_send_mss_impl:00000000 tcp_eff_send_mss_impl
    {standard input}:1881   .text.tcp_connect:00000000 $t
    {standard input}:1886   .text.tcp_connect:00000000 tcp_connect
    {standard input}:1995   .text.tcp_connect:000000d0 $d
    {standard input}:2000   .text.tcp_netif_ip_addr_changed:00000000 $t
    {standard input}:2005   .text.tcp_netif_ip_addr_changed:00000000 tcp_netif_ip_addr_changed
    {standard input}:2042   .text.tcp_netif_ip_addr_changed:00000040 $d
    {standard input}:2047   .text.tcp_debug_state_str:00000000 $t
    {standard input}:2052   .text.tcp_debug_state_str:00000000 tcp_debug_state_str
    {standard input}:2062   .text.tcp_debug_state_str:00000008 $d
    {standard input}:2093   .rodata.tcp_pcb_lists:00000000 tcp_pcb_lists
    {standard input}:2072   .rodata.tcp_state_str:00000000 $d
    {standard input}:2076   .rodata.tcp_state_str:00000000 tcp_state_str
    {standard input}:2089   .rodata.tcp_pcb_lists:00000000 $d
    {standard input}:2102   .bss.tcp_timer:00000000 tcp_timer
    {standard input}:2103   .bss.tcp_timer:00000000 $d
    {standard input}:2108   .rodata.tcp_backoff:00000000 tcp_backoff
    {standard input}:2123   .data.tcp_port:00000000 $d
    {standard input}:2127   .data.tcp_port:00000000 tcp_port
    {standard input}:2130   .data.iss.8278:00000000 $d
    {standard input}:2134   .data.iss.8278:00000000 iss.8278
    {standard input}:2163   .bss.tcp_timer_ctr:00000000 tcp_timer_ctr
    {standard input}:2164   .bss.tcp_timer_ctr:00000000 $d
    {standard input}:2169   .rodata.tcp_persist_backoff:00000000 tcp_persist_backoff

UNDEFINED SYMBOLS
tcp_send_fin
tcp_output
tcp_timer_needed
ip_addr_any
memp_malloc
memp_free
pbuf_free
pbuf_ref
tcp_zero_window_probe
tcp_rexmit_rto
tcp_keepalive
tcp_rst
tcp_trigger_input_pcb_close
tcp_input_pcb
memset
ip4_route
tcp_enqueue_flags
