   1              	 .syntax unified
   2              	 .cpu cortex-m4
   3              	 .eabi_attribute 27,3
   4              	 .fpu fpv4-sp-d16
   5              	 .eabi_attribute 20,1
   6              	 .eabi_attribute 21,1
   7              	 .eabi_attribute 23,3
   8              	 .eabi_attribute 24,1
   9              	 .eabi_attribute 25,1
  10              	 .eabi_attribute 26,1
  11              	 .eabi_attribute 30,4
  12              	 .eabi_attribute 34,1
  13              	 .eabi_attribute 18,4
  14              	 .thumb
  15              	 .file "tcp_in.c"
  16              	 .section .text.tcp_oos_insert_segment,"ax",%progbits
  17              	 .align 1
  18              	 .thumb
  19              	 .thumb_func
  21              	tcp_oos_insert_segment:
  22              	 
  23              	 
  24 0000 F8B5     	 push {r3,r4,r5,r6,r7,lr}
  25 0002 C368     	 ldr r3,[r0,#12]
  26 0004 0546     	 mov r5,r0
  27 0006 9889     	 ldrh r0,[r3,#12]
  28 0008 0C46     	 mov r4,r1
  29 000a FFF7FEFF 	 bl lwip_htons
  30 000e C207     	 lsls r2,r0,#31
  31 0010 20D5     	 bpl .L3
  32 0012 2046     	 mov r0,r4
  33 0014 FFF7FEFF 	 bl tcp_segs_free
  34 0018 0024     	 movs r4,#0
  35 001a 28E0     	 b .L4
  36              	.L19:
  37 001c 154B     	 ldr r3,.L20
  38 001e E668     	 ldr r6,[r4,#12]
  39 0020 1968     	 ldr r1,[r3]
  40 0022 2A89     	 ldrh r2,[r5,#8]
  41 0024 7368     	 ldr r3,[r6,#4]
  42 0026 2789     	 ldrh r7,[r4,#8]
  43 0028 D01A     	 subs r0,r2,r3
  44 002a 0844     	 add r0,r0,r1
  45 002c C01B     	 subs r0,r0,r7
  46 002e 0028     	 cmp r0,#0
  47 0030 13DB     	 blt .L18
  48 0032 B089     	 ldrh r0,[r6,#12]
  49 0034 FFF7FEFF 	 bl lwip_htons
  50 0038 C307     	 lsls r3,r0,#31
  51 003a 06D5     	 bpl .L5
  52 003c EF68     	 ldr r7,[r5,#12]
  53 003e 0120     	 movs r0,#1
  54 0040 BE89     	 ldrh r6,[r7,#12]
  55 0042 FFF7FEFF 	 bl lwip_htons
  56 0046 3043     	 orrs r0,r0,r6
  57 0048 B881     	 strh r0,[r7,#12]
  58              	.L5:
  59 004a 2046     	 mov r0,r4
  60 004c 2668     	 ldr r6,[r4]
  61 004e FFF7FEFF 	 bl tcp_seg_free
  62 0052 3446     	 mov r4,r6
  63              	.L3:
  64 0054 002C     	 cmp r4,#0
  65 0056 E1D1     	 bne .L19
  66 0058 09E0     	 b .L4
  67              	.L18:
  68 005a 0A44     	 add r2,r2,r1
  69 005c D21A     	 subs r2,r2,r3
  70 005e 002A     	 cmp r2,#0
  71 0060 05DD     	 ble .L4
  72 0062 591A     	 subs r1,r3,r1
  73 0064 89B2     	 uxth r1,r1
  74 0066 2981     	 strh r1,[r5,#8]
  75 0068 6868     	 ldr r0,[r5,#4]
  76 006a FFF7FEFF 	 bl pbuf_realloc
  77              	.L4:
  78 006e 2C60     	 str r4,[r5]
  79 0070 F8BD     	 pop {r3,r4,r5,r6,r7,pc}
  80              	.L21:
  81 0072 00BF     	 .align 2
  82              	.L20:
  83 0074 00000000 	 .word .LANCHOR0
  85              	 .section .text.tcp_receive,"ax",%progbits
  86              	 .align 1
  87              	 .thumb
  88              	 .thumb_func
  90              	tcp_receive:
  91              	 
  92              	 
  93 0000 2DE9F84F 	 push {r3,r4,r5,r6,r7,r8,r9,r10,fp,lr}
  94 0004 B54B     	 ldr r3,.L177
  95 0006 B64E     	 ldr r6,.L177+4
  96 0008 1B78     	 ldrb r3,[r3]
  97 000a 13F0100F 	 tst r3,#16
  98 000e 0446     	 mov r4,r0
  99 0010 00F03E81 	 beq .L24
 100 0014 026D     	 ldr r2,[r0,#80]
 101 0016 3168     	 ldr r1,[r6]
 102 0018 B0F85CE0 	 ldrh lr,[r0,#92]
 103 001c 436D     	 ldr r3,[r0,#84]
 104 001e B14F     	 ldr r7,.L177+8
 105 0020 501A     	 subs r0,r2,r1
 106 0022 0028     	 cmp r0,#0
 107 0024 0DDB     	 blt .L25
 108 0026 8A42     	 cmp r2,r1
 109 0028 03D1     	 bne .L26
 110 002a 3A68     	 ldr r2,[r7]
 111 002c 9A1A     	 subs r2,r3,r2
 112 002e 002A     	 cmp r2,#0
 113 0030 07DB     	 blt .L25
 114              	.L26:
 115 0032 3A68     	 ldr r2,[r7]
 116 0034 9342     	 cmp r3,r2
 117 0036 1ED1     	 bne .L28
 118 0038 AB4A     	 ldr r2,.L177+12
 119 003a 1268     	 ldr r2,[r2]
 120 003c D289     	 ldrh r2,[r2,#14]
 121 003e 7245     	 cmp r2,lr
 122 0040 19D9     	 bls .L28
 123              	.L25:
 124 0042 A94A     	 ldr r2,.L177+12
 125 0044 B4F85E50 	 ldrh r5,[r4,#94]
 126 0048 1268     	 ldr r2,[r2]
 127 004a D089     	 ldrh r0,[r2,#14]
 128 004c 2165     	 str r1,[r4,#80]
 129 004e 8542     	 cmp r5,r0
 130 0050 3968     	 ldr r1,[r7]
 131 0052 6165     	 str r1,[r4,#84]
 132 0054 A4F85C00 	 strh r0,[r4,#92]
 133 0058 38BF     	 it cc
 134 005a A4F85E00 	 strhcc r0,[r4,#94]
 135 005e 94F89510 	 ldrb r1,[r4,#149]
 136 0062 20B9     	 cbnz r0,.L31
 137 0064 39B9     	 cbnz r1,.L28
 138 0066 84F89400 	 strb r0,[r4,#148]
 139 006a 0122     	 movs r2,#1
 140 006c 01E0     	 b .L163
 141              	.L31:
 142 006e 11B1     	 cbz r1,.L28
 143 0070 0022     	 movs r2,#0
 144              	.L163:
 145 0072 84F89520 	 strb r2,[r4,#149]
 146              	.L28:
 147 0076 3A68     	 ldr r2,[r7]
 148 0078 606C     	 ldr r0,[r4,#68]
 149 007a 9C4D     	 ldr r5,.L177+16
 150 007c 111A     	 subs r1,r2,r0
 151 007e 0029     	 cmp r1,#0
 152 0080 31DC     	 bgt .L32
 153 0082 9B49     	 ldr r1,.L177+20
 154 0084 0988     	 ldrh r1,[r1]
 155 0086 0029     	 cmp r1,#0
 156 0088 40F06F83 	 bne .L33
 157 008c B4F85CC0 	 ldrh ip,[r4,#92]
 158 0090 616D     	 ldr r1,[r4,#84]
 159 0092 7344     	 add r3,r3,lr
 160 0094 6144     	 add r1,r1,ip
 161 0096 9942     	 cmp r1,r3
 162 0098 40F06783 	 bne .L33
 163 009c B4F93030 	 ldrsh r3,[r4,#48]
 164 00a0 002B     	 cmp r3,#0
 165 00a2 C0F26283 	 blt .L33
 166 00a6 9042     	 cmp r0,r2
 167 00a8 40F05F83 	 bne .L33
 168 00ac 94F84320 	 ldrb r2,[r4,#67]
 169 00b0 531C     	 adds r3,r2,#1
 170 00b2 DBB2     	 uxtb r3,r3
 171 00b4 9342     	 cmp r3,r2
 172 00b6 88BF     	 it hi
 173 00b8 84F84330 	 strbhi r3,[r4,#67]
 174 00bc 94F84330 	 ldrb r3,[r4,#67]
 175 00c0 032B     	 cmp r3,#3
 176 00c2 0AD9     	 bls .L35
 177 00c4 B4F84820 	 ldrh r2,[r4,#72]
 178 00c8 638E     	 ldrh r3,[r4,#50]
 179 00ca 1344     	 add r3,r3,r2
 180 00cc 9BB2     	 uxth r3,r3
 181 00ce 9342     	 cmp r3,r2
 182 00d0 40F2B080 	 bls .L37
 183 00d4 A4F84830 	 strh r3,[r4,#72]
 184 00d8 ACE0     	 b .L37
 185              	.L35:
 186 00da 40F0AB80 	 bne .L37
 187 00de 2046     	 mov r0,r4
 188 00e0 FFF7FEFF 	 bl tcp_rexmit_fast
 189 00e4 A6E0     	 b .L37
 190              	.L32:
 191 00e6 E36C     	 ldr r3,[r4,#76]
 192 00e8 D31A     	 subs r3,r2,r3
 193 00ea 002B     	 cmp r3,#0
 194 00ec 64DC     	 bgt .L38
 195 00ee 638B     	 ldrh r3,[r4,#26]
 196 00f0 B4F93C00 	 ldrsh r0,[r4,#60]
 197 00f4 6264     	 str r2,[r4,#68]
 198 00f6 5907     	 lsls r1,r3,#29
 199 00f8 41BF     	 itttt mi
 200 00fa 23F00403 	 bicmi r3,r3,#4
 201 00fe 6383     	 strhmi r3,[r4,#26]
 202 0100 B4F84A30 	 ldrhmi r3,[r4,#74]
 203 0104 A4F84830 	 strhmi r3,[r4,#72]
 204 0108 E38F     	 ldrh r3,[r4,#62]
 205 010a 03EBE003 	 add r3,r3,r0,asr#3
 206 010e A4F84030 	 strh r3,[r4,#64]
 207 0112 237D     	 ldrb r3,[r4,#20]
 208 0114 0021     	 movs r1,#0
 209 0116 032B     	 cmp r3,#3
 210 0118 84F84210 	 strb r1,[r4,#66]
 211 011c 84F84310 	 strb r1,[r4,#67]
 212 0120 3DD9     	 bls .L42
 213 0122 B4F84820 	 ldrh r2,[r4,#72]
 214 0126 B4F84A30 	 ldrh r3,[r4,#74]
 215 012a 9342     	 cmp r3,r2
 216 012c 638E     	 ldrh r3,[r4,#50]
 217 012e 9CBF     	 itt ls
 218 0130 5B43     	 mulls r3,r3,r3
 219 0132 93FBF2F3 	 sdivls r3,r3,r2
 220 0136 1344     	 add r3,r3,r2
 221 0138 9BB2     	 uxth r3,r3
 222 013a 9342     	 cmp r3,r2
 223 013c 2FD9     	 bls .L42
 224 013e A4F84830 	 strh r3,[r4,#72]
 225 0142 2CE0     	 b .L42
 226              	.L43:
 227 0144 DB68     	 ldr r3,[r3,#12]
 228 0146 5868     	 ldr r0,[r3,#4]
 229 0148 FFF7FEFF 	 bl lwip_htonl
 230 014c E36E     	 ldr r3,[r4,#108]
 231 014e B3F80890 	 ldrh r9,[r3,#8]
 232 0152 DB68     	 ldr r3,[r3,#12]
 233 0154 8046     	 mov r8,r0
 234 0156 9889     	 ldrh r0,[r3,#12]
 235 0158 FFF7FEFF 	 bl lwip_htons
 236 015c 3B68     	 ldr r3,[r7]
 237 015e 10F00300 	 ands r0,r0,#3
 238 0162 C3EB0909 	 rsb r9,r3,r9
 239 0166 18BF     	 it ne
 240 0168 0120     	 movne r0,#1
 241 016a C844     	 add r8,r8,r9
 242 016c 4044     	 add r0,r0,r8
 243 016e 0028     	 cmp r0,#0
 244 0170 18DC     	 bgt .L47
 245 0172 D4F86C80 	 ldr r8,[r4,#108]
 246 0176 D8F80030 	 ldr r3,[r8]
 247 017a E366     	 str r3,[r4,#108]
 248 017c D8F80400 	 ldr r0,[r8,#4]
 249 0180 FFF7FEFF 	 bl pbuf_clen
 250 0184 B4F86230 	 ldrh r3,[r4,#98]
 251 0188 B8F80820 	 ldrh r2,[r8,#8]
 252 018c 181A     	 subs r0,r3,r0
 253 018e 2B88     	 ldrh r3,[r5]
 254 0190 A4F86200 	 strh r0,[r4,#98]
 255 0194 1344     	 add r3,r3,r2
 256 0196 4046     	 mov r0,r8
 257 0198 2B80     	 strh r3,[r5]
 258 019a FFF7FEFF 	 bl tcp_seg_free
 259              	.L42:
 260 019e E36E     	 ldr r3,[r4,#108]
 261 01a0 002B     	 cmp r3,#0
 262 01a2 CFD1     	 bne .L43
 263              	.L47:
 264 01a4 E26E     	 ldr r2,[r4,#108]
 265 01a6 0023     	 movs r3,#0
 266 01a8 1AB9     	 cbnz r2,.L160
 267 01aa 4FF6FF72 	 movw r2,#65535
 268 01ae 2286     	 strh r2,[r4,#48]
 269 01b0 00E0     	 b .L48
 270              	.L160:
 271 01b2 2386     	 strh r3,[r4,#48]
 272              	.L48:
 273 01b4 2377     	 strb r3,[r4,#28]
 274 01b6 3DE0     	 b .L37
 275              	.L38:
 276 01b8 2046     	 mov r0,r4
 277 01ba FFF7FEFF 	 bl tcp_send_empty_ack
 278 01be 39E0     	 b .L37
 279              	.L51:
 280 01c0 DB68     	 ldr r3,[r3,#12]
 281 01c2 D7F80080 	 ldr r8,[r7]
 282 01c6 5868     	 ldr r0,[r3,#4]
 283 01c8 FFF7FEFF 	 bl lwip_htonl
 284 01cc A36E     	 ldr r3,[r4,#104]
 285 01ce B3F808A0 	 ldrh r10,[r3,#8]
 286 01d2 DB68     	 ldr r3,[r3,#12]
 287 01d4 8146     	 mov r9,r0
 288 01d6 9889     	 ldrh r0,[r3,#12]
 289 01d8 FFF7FEFF 	 bl lwip_htons
 290 01dc CAEB0808 	 rsb r8,r10,r8
 291 01e0 10F00300 	 ands r0,r0,#3
 292 01e4 18BF     	 it ne
 293 01e6 0120     	 movne r0,#1
 294 01e8 C9EB0808 	 rsb r8,r9,r8
 295 01ec C0EB0808 	 rsb r8,r0,r8
 296 01f0 B8F1000F 	 cmp r8,#0
 297 01f4 21DB     	 blt .L54
 298 01f6 3B4B     	 ldr r3,.L177+8
 299 01f8 E26C     	 ldr r2,[r4,#76]
 300 01fa 1B68     	 ldr r3,[r3]
 301 01fc 9B1A     	 subs r3,r3,r2
 302 01fe 002B     	 cmp r3,#0
 303 0200 1BDC     	 bgt .L54
 304 0202 D4F86880 	 ldr r8,[r4,#104]
 305 0206 D8F80030 	 ldr r3,[r8]
 306 020a A366     	 str r3,[r4,#104]
 307 020c 0BB9     	 cbnz r3,.L50
 308 020e A4F86430 	 strh r3,[r4,#100]
 309              	.L50:
 310 0212 D8F80400 	 ldr r0,[r8,#4]
 311 0216 FFF7FEFF 	 bl pbuf_clen
 312 021a B4F86230 	 ldrh r3,[r4,#98]
 313 021e B8F80820 	 ldrh r2,[r8,#8]
 314 0222 181A     	 subs r0,r3,r0
 315 0224 2B88     	 ldrh r3,[r5]
 316 0226 A4F86200 	 strh r0,[r4,#98]
 317 022a 1344     	 add r3,r3,r2
 318 022c 4046     	 mov r0,r8
 319 022e 2B80     	 strh r3,[r5]
 320 0230 FFF7FEFF 	 bl tcp_seg_free
 321              	.L37:
 322 0234 A36E     	 ldr r3,[r4,#104]
 323 0236 002B     	 cmp r3,#0
 324 0238 C2D1     	 bne .L51
 325              	.L54:
 326 023a B4F86030 	 ldrh r3,[r4,#96]
 327 023e 2A88     	 ldrh r2,[r5]
 328 0240 616B     	 ldr r1,[r4,#52]
 329 0242 1344     	 add r3,r3,r2
 330 0244 A4F86030 	 strh r3,[r4,#96]
 331 0248 11B3     	 cbz r1,.L24
 332 024a A36B     	 ldr r3,[r4,#56]
 333 024c 3A68     	 ldr r2,[r7]
 334 024e 9B1A     	 subs r3,r3,r2
 335 0250 002B     	 cmp r3,#0
 336 0252 1DDA     	 bge .L24
 337 0254 274A     	 ldr r2,.L177+24
 338 0256 A38F     	 ldrh r3,[r4,#60]
 339 0258 1268     	 ldr r2,[r2]
 340 025a 521A     	 subs r2,r2,r1
 341 025c 43F3CC01 	 sbfx r1,r3,#3,#13
 342 0260 521A     	 subs r2,r2,r1
 343 0262 92B2     	 uxth r2,r2
 344 0264 91B2     	 uxth r1,r2
 345 0266 0804     	 lsls r0,r1,#16
 346 0268 1344     	 add r3,r3,r2
 347 026a 44BF     	 itt mi
 348 026c 5242     	 rsbmi r2,r2,#0
 349 026e 91B2     	 uxthmi r1,r2
 350 0270 E28F     	 ldrh r2,[r4,#62]
 351 0272 42F38D00 	 sbfx r0,r2,#2,#14
 352 0276 121A     	 subs r2,r2,r0
 353 0278 9BB2     	 uxth r3,r3
 354 027a 0A44     	 add r2,r2,r1
 355 027c 92B2     	 uxth r2,r2
 356 027e A387     	 strh r3,[r4,#60]
 357 0280 43F3CC03 	 sbfx r3,r3,#3,#13
 358 0284 1344     	 add r3,r3,r2
 359 0286 A4F84030 	 strh r3,[r4,#64]
 360 028a 0023     	 movs r3,#0
 361 028c E287     	 strh r2,[r4,#62]
 362 028e 6363     	 str r3,[r4,#52]
 363              	.L24:
 364 0290 174F     	 ldr r7,.L177+20
 365 0292 626A     	 ldr r2,[r4,#36]
 366 0294 3D88     	 ldrh r5,[r7]
 367 0296 002D     	 cmp r5,#0
 368 0298 00F05782 	 beq .L57
 369 029c 237D     	 ldrb r3,[r4,#20]
 370 029e 062B     	 cmp r3,#6
 371 02a0 00F25382 	 bhi .L57
 372 02a4 3368     	 ldr r3,[r6]
 373 02a6 D11A     	 subs r1,r2,r3
 374 02a8 0129     	 cmp r1,#1
 375 02aa 37D4     	 bmi .L58
 376 02ac 501C     	 adds r0,r2,#1
 377 02ae C01A     	 subs r0,r0,r3
 378 02b0 401B     	 subs r0,r0,r5
 379 02b2 0028     	 cmp r0,#0
 380 02b4 32DC     	 bgt .L58
 381 02b6 104D     	 ldr r5,.L177+28
 382 02b8 6868     	 ldr r0,[r5,#4]
 383 02ba 4289     	 ldrh r2,[r0,#10]
 384 02bc 8A42     	 cmp r2,r1
 385 02be 0B46     	 mov r3,r1
 386 02c0 1EDA     	 bge .L59
 387 02c2 0289     	 ldrh r2,[r0,#8]
 388 02c4 521A     	 subs r2,r2,r1
 389 02c6 92B2     	 uxth r2,r2
 390              	.L60:
 391 02c8 4189     	 ldrh r1,[r0,#10]
 392 02ca 9942     	 cmp r1,r3
 393 02cc 16DA     	 bge .L171
 394 02ce 5B1A     	 subs r3,r3,r1
 395 02d0 0021     	 movs r1,#0
 396 02d2 0281     	 strh r2,[r0,#8]
 397 02d4 4181     	 strh r1,[r0,#10]
 398 02d6 0068     	 ldr r0,[r0]
 399 02d8 F6E7     	 b .L60
 400              	.L178:
 401 02da 00BF     	 .align 2
 402              	.L177:
 403 02dc 00000000 	 .word .LANCHOR1
 404 02e0 00000000 	 .word .LANCHOR0
 405 02e4 00000000 	 .word .LANCHOR2
 406 02e8 00000000 	 .word .LANCHOR3
 407 02ec 00000000 	 .word .LANCHOR5
 408 02f0 00000000 	 .word .LANCHOR4
 409 02f4 00000000 	 .word tcp_ticks
 410 02f8 00000000 	 .word .LANCHOR6
 411              	.L171:
 412 02fc 5942     	 negs r1,r3
 413 02fe 00E0     	 b .L165
 414              	.L59:
 415 0300 4942     	 negs r1,r1
 416              	.L165:
 417 0302 09B2     	 sxth r1,r1
 418 0304 FFF7FEFF 	 bl pbuf_header
 419 0308 2B89     	 ldrh r3,[r5,#8]
 420 030a 3168     	 ldr r1,[r6]
 421 030c 626A     	 ldr r2,[r4,#36]
 422 030e 3260     	 str r2,[r6]
 423 0310 0B44     	 add r3,r3,r1
 424 0312 9B1A     	 subs r3,r3,r2
 425 0314 2B81     	 strh r3,[r5,#8]
 426 0316 EB68     	 ldr r3,[r5,#12]
 427 0318 5A60     	 str r2,[r3,#4]
 428 031a 06E0     	 b .L63
 429              	.L58:
 430 031c 9B1A     	 subs r3,r3,r2
 431 031e 002B     	 cmp r3,#0
 432 0320 BEBF     	 ittt lt
 433 0322 638B     	 ldrhlt r3,[r4,#26]
 434 0324 43F00203 	 orrlt r3,r3,#2
 435 0328 6383     	 strhlt r3,[r4,#26]
 436              	.L63:
 437 032a 3268     	 ldr r2,[r6]
 438 032c 616A     	 ldr r1,[r4,#36]
 439 032e 531A     	 subs r3,r2,r1
 440 0330 002B     	 cmp r3,#0
 441 0332 C0F20582 	 blt .L64
 442 0336 531C     	 adds r3,r2,#1
 443 0338 208D     	 ldrh r0,[r4,#40]
 444 033a 5B1A     	 subs r3,r3,r1
 445 033c 1B1A     	 subs r3,r3,r0
 446 033e 002B     	 cmp r3,#0
 447 0340 00F3FE81 	 bgt .L64
 448 0344 9142     	 cmp r1,r2
 449 0346 40F03181 	 bne .L65
 450 034a AD4D     	 ldr r5,.L179
 451 034c EB68     	 ldr r3,[r5,#12]
 452 034e B5F80880 	 ldrh r8,[r5,#8]
 453 0352 9889     	 ldrh r0,[r3,#12]
 454 0354 FFF7FEFF 	 bl lwip_htons
 455 0358 10F00300 	 ands r0,r0,#3
 456 035c 18BF     	 it ne
 457 035e 0120     	 movne r0,#1
 458 0360 4044     	 add r0,r0,r8
 459 0362 238D     	 ldrh r3,[r4,#40]
 460 0364 80B2     	 uxth r0,r0
 461 0366 8342     	 cmp r3,r0
 462 0368 3880     	 strh r0,[r7]
 463 036a 37D2     	 bcs .L66
 464 036c EB68     	 ldr r3,[r5,#12]
 465 036e 9889     	 ldrh r0,[r3,#12]
 466 0370 FFF7FEFF 	 bl lwip_htons
 467 0374 C207     	 lsls r2,r0,#31
 468 0376 10D5     	 bpl .L67
 469 0378 D5F80C90 	 ldr r9,[r5,#12]
 470 037c B9F80C80 	 ldrh r8,[r9,#12]
 471 0380 4046     	 mov r0,r8
 472 0382 FFF7FEFF 	 bl lwip_htons
 473 0386 00F03E00 	 and r0,r0,#62
 474 038a FFF7FEFF 	 bl lwip_htons
 475 038e 28F47C58 	 bic r8,r8,#16128
 476 0392 40EA0800 	 orr r0,r0,r8
 477 0396 A9F80C00 	 strh r0,[r9,#12]
 478              	.L67:
 479 039a 238D     	 ldrh r3,[r4,#40]
 480 039c 2B81     	 strh r3,[r5,#8]
 481 039e EB68     	 ldr r3,[r5,#12]
 482 03a0 DFF85C82 	 ldr r8,.L179
 483 03a4 9889     	 ldrh r0,[r3,#12]
 484 03a6 FFF7FEFF 	 bl lwip_htons
 485 03aa 8307     	 lsls r3,r0,#30
 486 03ac 48BF     	 it mi
 487 03ae B8F80830 	 ldrhmi r3,[r8,#8]
 488 03b2 6868     	 ldr r0,[r5,#4]
 489 03b4 44BF     	 itt mi
 490 03b6 03F1FF33 	 addmi r3,r3,#-1
 491 03ba A8F80830 	 strhmi r3,[r8,#8]
 492 03be 2989     	 ldrh r1,[r5,#8]
 493 03c0 FFF7FEFF 	 bl pbuf_realloc
 494 03c4 EB68     	 ldr r3,[r5,#12]
 495 03c6 B5F80880 	 ldrh r8,[r5,#8]
 496 03ca 9889     	 ldrh r0,[r3,#12]
 497 03cc FFF7FEFF 	 bl lwip_htons
 498 03d0 10F00300 	 ands r0,r0,#3
 499 03d4 18BF     	 it ne
 500 03d6 0120     	 movne r0,#1
 501 03d8 4044     	 add r0,r0,r8
 502 03da 3880     	 strh r0,[r7]
 503              	.L66:
 504 03dc 236F     	 ldr r3,[r4,#112]
 505 03de 002B     	 cmp r3,#0
 506 03e0 75D0     	 beq .L70
 507 03e2 EB68     	 ldr r3,[r5,#12]
 508 03e4 9889     	 ldrh r0,[r3,#12]
 509 03e6 FFF7FEFF 	 bl lwip_htons
 510 03ea C007     	 lsls r0,r0,#31
 511 03ec 07D5     	 bpl .L172
 512              	.L143:
 513 03ee 206F     	 ldr r0,[r4,#112]
 514 03f0 0028     	 cmp r0,#0
 515 03f2 6CD0     	 beq .L70
 516 03f4 0368     	 ldr r3,[r0]
 517 03f6 2367     	 str r3,[r4,#112]
 518 03f8 FFF7FEFF 	 bl tcp_seg_free
 519 03fc F7E7     	 b .L143
 520              	.L172:
 521 03fe D4F87080 	 ldr r8,[r4,#112]
 522              	.L75:
 523 0402 B8F1000F 	 cmp r8,#0
 524 0406 60D0     	 beq .L79
 525 0408 D8F80CE0 	 ldr lr,[r8,#12]
 526 040c 3B88     	 ldrh r3,[r7]
 527 040e DEF80420 	 ldr r2,[lr,#4]
 528 0412 3068     	 ldr r0,[r6]
 529 0414 B8F808C0 	 ldrh ip,[r8,#8]
 530 0418 991A     	 subs r1,r3,r2
 531 041a 0144     	 add r1,r1,r0
 532 041c CCEB0101 	 rsb r1,ip,r1
 533 0420 0029     	 cmp r1,#0
 534 0422 2DDB     	 blt .L173
 535 0424 BEF80C00 	 ldrh r0,[lr,#12]
 536 0428 FFF7FEFF 	 bl lwip_htons
 537 042c C107     	 lsls r1,r0,#31
 538 042e 20D5     	 bpl .L77
 539 0430 EB68     	 ldr r3,[r5,#12]
 540 0432 DFF8CC91 	 ldr r9,.L179
 541 0436 9889     	 ldrh r0,[r3,#12]
 542 0438 FFF7FEFF 	 bl lwip_htons
 543 043c 8207     	 lsls r2,r0,#30
 544 043e 18D4     	 bmi .L77
 545 0440 D9F80CB0 	 ldr fp,[r9,#12]
 546 0444 0120     	 movs r0,#1
 547 0446 BBF80CA0 	 ldrh r10,[fp,#12]
 548 044a FFF7FEFF 	 bl lwip_htons
 549 044e D9F80C30 	 ldr r3,[r9,#12]
 550 0452 40EA0A00 	 orr r0,r0,r10
 551 0456 ABF80C00 	 strh r0,[fp,#12]
 552 045a 9889     	 ldrh r0,[r3,#12]
 553 045c B9F808A0 	 ldrh r10,[r9,#8]
 554 0460 FFF7FEFF 	 bl lwip_htons
 555 0464 10F00300 	 ands r0,r0,#3
 556 0468 18BF     	 it ne
 557 046a 0120     	 movne r0,#1
 558 046c 654B     	 ldr r3,.L179+4
 559 046e 5044     	 add r0,r0,r10
 560 0470 1880     	 strh r0,[r3]
 561              	.L77:
 562 0472 D8F80090 	 ldr r9,[r8]
 563 0476 4046     	 mov r0,r8
 564 0478 FFF7FEFF 	 bl tcp_seg_free
 565 047c C846     	 mov r8,r9
 566 047e C0E7     	 b .L75
 567              	.L173:
 568 0480 0344     	 add r3,r3,r0
 569 0482 9B1A     	 subs r3,r3,r2
 570 0484 002B     	 cmp r3,#0
 571 0486 20DD     	 ble .L79
 572 0488 EB68     	 ldr r3,[r5,#12]
 573 048a DFF87491 	 ldr r9,.L179
 574 048e 121A     	 subs r2,r2,r0
 575 0490 2A81     	 strh r2,[r5,#8]
 576 0492 9889     	 ldrh r0,[r3,#12]
 577 0494 FFF7FEFF 	 bl lwip_htons
 578 0498 8307     	 lsls r3,r0,#30
 579 049a 48BF     	 it mi
 580 049c B9F80830 	 ldrhmi r3,[r9,#8]
 581 04a0 6868     	 ldr r0,[r5,#4]
 582 04a2 44BF     	 itt mi
 583 04a4 03F1FF33 	 addmi r3,r3,#-1
 584 04a8 A9F80830 	 strhmi r3,[r9,#8]
 585 04ac 2989     	 ldrh r1,[r5,#8]
 586 04ae FFF7FEFF 	 bl pbuf_realloc
 587 04b2 EB68     	 ldr r3,[r5,#12]
 588 04b4 B5F80890 	 ldrh r9,[r5,#8]
 589 04b8 9889     	 ldrh r0,[r3,#12]
 590 04ba FFF7FEFF 	 bl lwip_htons
 591 04be 10F00300 	 ands r0,r0,#3
 592 04c2 18BF     	 it ne
 593 04c4 0120     	 movne r0,#1
 594 04c6 4844     	 add r0,r0,r9
 595 04c8 3880     	 strh r0,[r7]
 596              	.L79:
 597 04ca C4F87080 	 str r8,[r4,#112]
 598              	.L70:
 599 04ce 3988     	 ldrh r1,[r7]
 600 04d0 238D     	 ldrh r3,[r4,#40]
 601 04d2 3268     	 ldr r2,[r6]
 602 04d4 5B1A     	 subs r3,r3,r1
 603 04d6 0A44     	 add r2,r2,r1
 604 04d8 6262     	 str r2,[r4,#36]
 605 04da 2385     	 strh r3,[r4,#40]
 606 04dc 2046     	 mov r0,r4
 607 04de FFF7FEFF 	 bl tcp_update_rcv_ann_wnd
 608 04e2 6B68     	 ldr r3,[r5,#4]
 609 04e4 1A89     	 ldrh r2,[r3,#8]
 610 04e6 22B1     	 cbz r2,.L83
 611 04e8 474A     	 ldr r2,.L179+8
 612 04ea 1360     	 str r3,[r2]
 613 04ec 444B     	 ldr r3,.L179
 614 04ee 0022     	 movs r2,#0
 615 04f0 5A60     	 str r2,[r3,#4]
 616              	.L83:
 617 04f2 EB68     	 ldr r3,[r5,#12]
 618 04f4 9889     	 ldrh r0,[r3,#12]
 619 04f6 FFF7FEFF 	 bl lwip_htons
 620 04fa C507     	 lsls r5,r0,#31
 621 04fc 3FD5     	 bpl .L85
 622 04fe 434A     	 ldr r2,.L179+12
 623 0500 1378     	 ldrb r3,[r2]
 624 0502 43F02003 	 orr r3,r3,#32
 625 0506 1370     	 strb r3,[r2]
 626 0508 39E0     	 b .L85
 627              	.L175:
 628 050a EA68     	 ldr r2,[r5,#12]
 629 050c 616A     	 ldr r1,[r4,#36]
 630 050e 5368     	 ldr r3,[r2,#4]
 631 0510 8B42     	 cmp r3,r1
 632 0512 42D1     	 bne .L92
 633 0514 3360     	 str r3,[r6]
 634 0516 9089     	 ldrh r0,[r2,#12]
 635 0518 2F89     	 ldrh r7,[r5,#8]
 636 051a FFF7FEFF 	 bl lwip_htons
 637 051e 636A     	 ldr r3,[r4,#36]
 638 0520 10F00300 	 ands r0,r0,#3
 639 0524 3B44     	 add r3,r3,r7
 640 0526 18BF     	 it ne
 641 0528 0120     	 movne r0,#1
 642 052a 1844     	 add r0,r0,r3
 643 052c EB68     	 ldr r3,[r5,#12]
 644 052e 6062     	 str r0,[r4,#36]
 645 0530 9889     	 ldrh r0,[r3,#12]
 646 0532 2F89     	 ldrh r7,[r5,#8]
 647 0534 FFF7FEFF 	 bl lwip_htons
 648 0538 10F00300 	 ands r0,r0,#3
 649 053c 238D     	 ldrh r3,[r4,#40]
 650 053e 18BF     	 it ne
 651 0540 0120     	 movne r0,#1
 652 0542 3844     	 add r0,r0,r7
 653 0544 181A     	 subs r0,r3,r0
 654 0546 2085     	 strh r0,[r4,#40]
 655 0548 2046     	 mov r0,r4
 656 054a FFF7FEFF 	 bl tcp_update_rcv_ann_wnd
 657 054e 6968     	 ldr r1,[r5,#4]
 658 0550 0B89     	 ldrh r3,[r1,#8]
 659 0552 C3B9     	 cbnz r3,.L174
 660              	.L86:
 661 0554 EB68     	 ldr r3,[r5,#12]
 662 0556 9889     	 ldrh r0,[r3,#12]
 663 0558 FFF7FEFF 	 bl lwip_htons
 664 055c C007     	 lsls r0,r0,#31
 665 055e 09D5     	 bpl .L90
 666 0560 2A4A     	 ldr r2,.L179+12
 667 0562 1378     	 ldrb r3,[r2]
 668 0564 43F02003 	 orr r3,r3,#32
 669 0568 1370     	 strb r3,[r2]
 670 056a 237D     	 ldrb r3,[r4,#20]
 671 056c 042B     	 cmp r3,#4
 672 056e 04BF     	 itt eq
 673 0570 0723     	 moveq r3,#7
 674 0572 2375     	 strbeq r3,[r4,#20]
 675              	.L90:
 676 0574 2B68     	 ldr r3,[r5]
 677 0576 2367     	 str r3,[r4,#112]
 678 0578 2846     	 mov r0,r5
 679 057a FFF7FEFF 	 bl tcp_seg_free
 680              	.L85:
 681 057e 256F     	 ldr r5,[r4,#112]
 682 0580 002D     	 cmp r5,#0
 683 0582 C2D1     	 bne .L175
 684 0584 09E0     	 b .L92
 685              	.L174:
 686 0586 204B     	 ldr r3,.L179+8
 687 0588 1868     	 ldr r0,[r3]
 688 058a 10B1     	 cbz r0,.L87
 689 058c FFF7FEFF 	 bl pbuf_cat
 690 0590 00E0     	 b .L88
 691              	.L87:
 692 0592 1960     	 str r1,[r3]
 693              	.L88:
 694 0594 0023     	 movs r3,#0
 695 0596 6B60     	 str r3,[r5,#4]
 696 0598 DCE7     	 b .L86
 697              	.L92:
 698 059a 638B     	 ldrh r3,[r4,#26]
 699 059c D907     	 lsls r1,r3,#31
 700 059e 02D5     	 bpl .L94
 701 05a0 23F00103 	 bic r3,r3,#1
 702 05a4 DCE0     	 b .L167
 703              	.L94:
 704 05a6 43F00103 	 orr r3,r3,#1
 705 05aa DBE0     	 b .L168
 706              	.L65:
 707 05ac 2046     	 mov r0,r4
 708 05ae FFF7FEFF 	 bl tcp_send_empty_ack
 709 05b2 256F     	 ldr r5,[r4,#112]
 710 05b4 2DB9     	 cbnz r5,.L96
 711 05b6 1248     	 ldr r0,.L179
 712 05b8 FFF7FEFF 	 bl tcp_seg_copy
 713 05bc 2067     	 str r0,[r4,#112]
 714 05be BDE8F88F 	 pop {r3,r4,r5,r6,r7,r8,r9,r10,fp,pc}
 715              	.L96:
 716 05c2 134B     	 ldr r3,.L179+16
 717 05c4 1B68     	 ldr r3,[r3]
 718 05c6 4FF00008 	 mov r8,#0
 719 05ca 03F1FF3E 	 add lr,r3,#-1
 720 05ce 03F1010C 	 add ip,r3,#1
 721              	.L105:
 722 05d2 E868     	 ldr r0,[r5,#12]
 723 05d4 4268     	 ldr r2,[r0,#4]
 724 05d6 9342     	 cmp r3,r2
 725 05d8 1CD1     	 bne .L97
 726 05da 0948     	 ldr r0,.L179
 727 05dc 2B89     	 ldrh r3,[r5,#8]
 728 05de 0289     	 ldrh r2,[r0,#8]
 729 05e0 9A42     	 cmp r2,r3
 730 05e2 40F2C680 	 bls .L22
 731 05e6 FFF7FEFF 	 bl tcp_seg_copy
 732 05ea 0028     	 cmp r0,#0
 733 05ec 00F0C180 	 beq .L22
 734 05f0 B8F1000F 	 cmp r8,#0
 735 05f4 02D0     	 beq .L100
 736 05f6 C8F80000 	 str r0,[r8]
 737 05fa 18E0     	 b .L166
 738              	.L100:
 739 05fc 2067     	 str r0,[r4,#112]
 740 05fe 16E0     	 b .L166
 741              	.L180:
 742              	 .align 2
 743              	.L179:
 744 0600 00000000 	 .word .LANCHOR6
 745 0604 00000000 	 .word .LANCHOR4
 746 0608 00000000 	 .word .LANCHOR7
 747 060c 00000000 	 .word .LANCHOR8
 748 0610 00000000 	 .word .LANCHOR0
 749              	.L97:
 750 0614 B8F1000F 	 cmp r8,#0
 751 0618 0ED1     	 bne .L102
 752 061a 991A     	 subs r1,r3,r2
 753 061c 0029     	 cmp r1,#0
 754 061e 33DA     	 bge .L103
 755 0620 5548     	 ldr r0,.L181
 756 0622 FFF7FEFF 	 bl tcp_seg_copy
 757 0626 0028     	 cmp r0,#0
 758 0628 00F0A380 	 beq .L22
 759 062c 2067     	 str r0,[r4,#112]
 760              	.L166:
 761 062e 2946     	 mov r1,r5
 762 0630 BDE8F84F 	 pop {r3,r4,r5,r6,r7,r8,r9,r10,fp,lr}
 763 0634 FFF7FEBF 	 b tcp_oos_insert_segment
 764              	.L102:
 765 0638 D8F80C10 	 ldr r1,[r8,#12]
 766 063c 4968     	 ldr r1,[r1,#4]
 767 063e C1EB0E01 	 rsb r1,r1,lr
 768 0642 0029     	 cmp r1,#0
 769 0644 20DB     	 blt .L103
 770 0646 C2EB0C01 	 rsb r1,r2,ip
 771 064a 0029     	 cmp r1,#0
 772 064c 1CDC     	 bgt .L103
 773 064e 4A48     	 ldr r0,.L181
 774 0650 FFF7FEFF 	 bl tcp_seg_copy
 775 0654 0446     	 mov r4,r0
 776 0656 0028     	 cmp r0,#0
 777 0658 00F08B80 	 beq .L22
 778 065c D8F80C30 	 ldr r3,[r8,#12]
 779 0660 B8F80820 	 ldrh r2,[r8,#8]
 780 0664 5968     	 ldr r1,[r3,#4]
 781 0666 3368     	 ldr r3,[r6]
 782 0668 D21A     	 subs r2,r2,r3
 783 066a 0A44     	 add r2,r2,r1
 784 066c 002A     	 cmp r2,#0
 785 066e 07DD     	 ble .L104
 786 0670 591A     	 subs r1,r3,r1
 787 0672 89B2     	 uxth r1,r1
 788 0674 A8F80810 	 strh r1,[r8,#8]
 789 0678 D8F80400 	 ldr r0,[r8,#4]
 790 067c FFF7FEFF 	 bl pbuf_realloc
 791              	.L104:
 792 0680 C8F80040 	 str r4,[r8]
 793 0684 2046     	 mov r0,r4
 794 0686 D2E7     	 b .L166
 795              	.L103:
 796 0688 2968     	 ldr r1,[r5]
 797 068a A846     	 mov r8,r5
 798 068c 09B1     	 cbz r1,.L176
 799 068e 0D46     	 mov r5,r1
 800 0690 9FE7     	 b .L105
 801              	.L176:
 802 0692 9B1A     	 subs r3,r3,r2
 803 0694 002B     	 cmp r3,#0
 804 0696 6CDD     	 ble .L22
 805 0698 8089     	 ldrh r0,[r0,#12]
 806 069a FFF7FEFF 	 bl lwip_htons
 807 069e C207     	 lsls r2,r0,#31
 808 06a0 67D4     	 bmi .L22
 809 06a2 3548     	 ldr r0,.L181
 810 06a4 FFF7FEFF 	 bl tcp_seg_copy
 811 06a8 2860     	 str r0,[r5]
 812 06aa 0028     	 cmp r0,#0
 813 06ac 61D0     	 beq .L22
 814 06ae EB68     	 ldr r3,[r5,#12]
 815 06b0 2A89     	 ldrh r2,[r5,#8]
 816 06b2 5968     	 ldr r1,[r3,#4]
 817 06b4 3368     	 ldr r3,[r6]
 818 06b6 D21A     	 subs r2,r2,r3
 819 06b8 0A44     	 add r2,r2,r1
 820 06ba 002A     	 cmp r2,#0
 821 06bc 05DD     	 ble .L106
 822 06be 591A     	 subs r1,r3,r1
 823 06c0 89B2     	 uxth r1,r1
 824 06c2 2981     	 strh r1,[r5,#8]
 825 06c4 6868     	 ldr r0,[r5,#4]
 826 06c6 FFF7FEFF 	 bl pbuf_realloc
 827              	.L106:
 828 06ca 3B88     	 ldrh r3,[r7]
 829 06cc 626A     	 ldr r2,[r4,#36]
 830 06ce 9A1A     	 subs r2,r3,r2
 831 06d0 3368     	 ldr r3,[r6]
 832 06d2 1344     	 add r3,r3,r2
 833 06d4 228D     	 ldrh r2,[r4,#40]
 834 06d6 9B1A     	 subs r3,r3,r2
 835 06d8 002B     	 cmp r3,#0
 836 06da 4ADD     	 ble .L22
 837 06dc 2B68     	 ldr r3,[r5]
 838 06de DB68     	 ldr r3,[r3,#12]
 839 06e0 9889     	 ldrh r0,[r3,#12]
 840 06e2 FFF7FEFF 	 bl lwip_htons
 841 06e6 C307     	 lsls r3,r0,#31
 842 06e8 11D5     	 bpl .L107
 843 06ea 2B68     	 ldr r3,[r5]
 844 06ec D3F80C90 	 ldr r9,[r3,#12]
 845 06f0 B9F80C80 	 ldrh r8,[r9,#12]
 846 06f4 4046     	 mov r0,r8
 847 06f6 FFF7FEFF 	 bl lwip_htons
 848 06fa 00F03E00 	 and r0,r0,#62
 849 06fe FFF7FEFF 	 bl lwip_htons
 850 0702 28F47C58 	 bic r8,r8,#16128
 851 0706 40EA0800 	 orr r0,r0,r8
 852 070a A9F80C00 	 strh r0,[r9,#12]
 853              	.L107:
 854 070e 238D     	 ldrh r3,[r4,#40]
 855 0710 616A     	 ldr r1,[r4,#36]
 856 0712 2A68     	 ldr r2,[r5]
 857 0714 1944     	 add r1,r1,r3
 858 0716 3368     	 ldr r3,[r6]
 859 0718 5068     	 ldr r0,[r2,#4]
 860 071a C91A     	 subs r1,r1,r3
 861 071c 89B2     	 uxth r1,r1
 862 071e 1181     	 strh r1,[r2,#8]
 863 0720 FFF7FEFF 	 bl pbuf_realloc
 864 0724 2B68     	 ldr r3,[r5]
 865 0726 1C89     	 ldrh r4,[r3,#8]
 866 0728 DB68     	 ldr r3,[r3,#12]
 867 072a 9889     	 ldrh r0,[r3,#12]
 868 072c FFF7FEFF 	 bl lwip_htons
 869 0730 10F00300 	 ands r0,r0,#3
 870 0734 18BF     	 it ne
 871 0736 0120     	 movne r0,#1
 872 0738 2044     	 add r0,r0,r4
 873 073a 3880     	 strh r0,[r7]
 874 073c BDE8F88F 	 pop {r3,r4,r5,r6,r7,r8,r9,r10,fp,pc}
 875              	.L64:
 876 0740 2046     	 mov r0,r4
 877 0742 BDE8F84F 	 pop {r3,r4,r5,r6,r7,r8,r9,r10,fp,lr}
 878 0746 FFF7FEBF 	 b tcp_send_empty_ack
 879              	.L57:
 880 074a 3368     	 ldr r3,[r6]
 881 074c 991A     	 subs r1,r3,r2
 882 074e 0029     	 cmp r1,#0
 883 0750 05DB     	 blt .L108
 884 0752 0133     	 adds r3,r3,#1
 885 0754 9B1A     	 subs r3,r3,r2
 886 0756 228D     	 ldrh r2,[r4,#40]
 887 0758 9B1A     	 subs r3,r3,r2
 888 075a 002B     	 cmp r3,#0
 889 075c 09DD     	 ble .L22
 890              	.L108:
 891 075e 638B     	 ldrh r3,[r4,#26]
 892              	.L167:
 893 0760 43F00203 	 orr r3,r3,#2
 894              	.L168:
 895 0764 6383     	 strh r3,[r4,#26]
 896 0766 BDE8F88F 	 pop {r3,r4,r5,r6,r7,r8,r9,r10,fp,pc}
 897              	.L33:
 898 076a 0023     	 movs r3,#0
 899 076c 84F84330 	 strb r3,[r4,#67]
 900 0770 60E5     	 b .L37
 901              	.L22:
 902 0772 BDE8F88F 	 pop {r3,r4,r5,r6,r7,r8,r9,r10,fp,pc}
 903              	.L182:
 904 0776 00BF     	 .align 2
 905              	.L181:
 906 0778 00000000 	 .word .LANCHOR6
 908              	 .section .text.tcp_getoptbyte,"ax",%progbits
 909              	 .align 1
 910              	 .thumb
 911              	 .thumb_func
 913              	tcp_getoptbyte:
 914              	 
 915              	 
 916 0000 0B4B     	 ldr r3,.L190
 917 0002 0C4A     	 ldr r2,.L190+4
 918 0004 1968     	 ldr r1,[r3]
 919 0006 10B5     	 push {r4,lr}
 920 0008 21B1     	 cbz r1,.L184
 921 000a 0B48     	 ldr r0,.L190+8
 922 000c 1388     	 ldrh r3,[r2]
 923 000e 0088     	 ldrh r0,[r0]
 924 0010 8342     	 cmp r3,r0
 925 0012 07D2     	 bcs .L185
 926              	.L184:
 927 0014 094B     	 ldr r3,.L190+12
 928 0016 1968     	 ldr r1,[r3]
 929 0018 1388     	 ldrh r3,[r2]
 930 001a 581C     	 adds r0,r3,#1
 931 001c 0B44     	 add r3,r3,r1
 932 001e 1080     	 strh r0,[r2]
 933 0020 187D     	 ldrb r0,[r3,#20]
 934 0022 10BD     	 pop {r4,pc}
 935              	.L185:
 936 0024 5C1C     	 adds r4,r3,#1
 937 0026 1B1A     	 subs r3,r3,r0
 938 0028 DBB2     	 uxtb r3,r3
 939 002a 1480     	 strh r4,[r2]
 940 002c C85C     	 ldrb r0,[r1,r3]
 941 002e 10BD     	 pop {r4,pc}
 942              	.L191:
 943              	 .align 2
 944              	.L190:
 945 0030 00000000 	 .word .LANCHOR9
 946 0034 00000000 	 .word .LANCHOR10
 947 0038 00000000 	 .word .LANCHOR11
 948 003c 00000000 	 .word .LANCHOR3
 950              	 .section .text.tcp_parseopt.isra.1.part.2,"ax",%progbits
 951              	 .align 1
 952              	 .thumb
 953              	 .thumb_func
 955              	tcp_parseopt.isra.1.part.2:
 956              	 
 957              	 
 958 0000 F8B5     	 push {r3,r4,r5,r6,r7,lr}
 959 0002 194D     	 ldr r5,.L207
 960 0004 0023     	 movs r3,#0
 961 0006 0646     	 mov r6,r0
 962 0008 2B80     	 strh r3,[r5]
 963              	.L195:
 964 000a 184B     	 ldr r3,.L207+4
 965 000c 164C     	 ldr r4,.L207
 966 000e 1F88     	 ldrh r7,[r3]
 967 0010 2B88     	 ldrh r3,[r5]
 968 0012 BB42     	 cmp r3,r7
 969 0014 27D2     	 bcs .L192
 970 0016 FFF7FEFF 	 bl tcp_getoptbyte
 971 001a 0128     	 cmp r0,#1
 972 001c F5D0     	 beq .L195
 973 001e 22D3     	 bcc .L192
 974 0020 0228     	 cmp r0,#2
 975 0022 17D1     	 bne .L206
 976 0024 FFF7FEFF 	 bl tcp_getoptbyte
 977 0028 0428     	 cmp r0,#4
 978 002a 1CD1     	 bne .L192
 979 002c 2388     	 ldrh r3,[r4]
 980 002e 0133     	 adds r3,r3,#1
 981 0030 BB42     	 cmp r3,r7
 982 0032 18DA     	 bge .L192
 983 0034 FFF7FEFF 	 bl tcp_getoptbyte
 984 0038 0002     	 lsls r0,r0,#8
 985 003a 84B2     	 uxth r4,r0
 986 003c FFF7FEFF 	 bl tcp_getoptbyte
 987 0040 2043     	 orrs r0,r0,r4
 988 0042 80B2     	 uxth r0,r0
 989 0044 431E     	 subs r3,r0,#1
 990 0046 B3F5067F 	 cmp r3,#536
 991 004a 28BF     	 it cs
 992 004c 4FF40670 	 movcs r0,#536
 993 0050 3080     	 strh r0,[r6]
 994 0052 DAE7     	 b .L195
 995              	.L206:
 996 0054 FFF7FEFF 	 bl tcp_getoptbyte
 997 0058 0128     	 cmp r0,#1
 998 005a 04D9     	 bls .L192
 999 005c 2388     	 ldrh r3,[r4]
 1000 005e 023B     	 subs r3,r3,#2
 1001 0060 1844     	 add r0,r0,r3
 1002 0062 2080     	 strh r0,[r4]
 1003 0064 D1E7     	 b .L195
 1004              	.L192:
 1005 0066 F8BD     	 pop {r3,r4,r5,r6,r7,pc}
 1006              	.L208:
 1007              	 .align 2
 1008              	.L207:
 1009 0068 00000000 	 .word .LANCHOR10
 1010 006c 00000000 	 .word .LANCHOR12
 1012              	 .section .text.tcp_input_delayed_close,"ax",%progbits
 1013              	 .align 1
 1014              	 .thumb
 1015              	 .thumb_func
 1017              	tcp_input_delayed_close:
 1018              	 
 1019              	 
 1020 0000 10B5     	 push {r4,lr}
 1021 0002 0E4B     	 ldr r3,.L216
 1022 0004 1B78     	 ldrb r3,[r3]
 1023 0006 03F01003 	 and r3,r3,#16
 1024 000a 0446     	 mov r4,r0
 1025 000c 03F0FF00 	 and r0,r3,#255
 1026 0010 93B1     	 cbz r3,.L210
 1027 0012 638B     	 ldrh r3,[r4,#26]
 1028 0014 DB06     	 lsls r3,r3,#27
 1029 0016 06D4     	 bmi .L211
 1030 0018 D4F88C30 	 ldr r3,[r4,#140]
 1031 001c 1BB1     	 cbz r3,.L211
 1032 001e 2069     	 ldr r0,[r4,#16]
 1033 0020 6FF00E01 	 mvn r1,#14
 1034 0024 9847     	 blx r3
 1035              	.L211:
 1036 0026 0648     	 ldr r0,.L216+4
 1037 0028 2146     	 mov r1,r4
 1038 002a FFF7FEFF 	 bl tcp_pcb_remove
 1039 002e 0220     	 movs r0,#2
 1040 0030 2146     	 mov r1,r4
 1041 0032 FFF7FEFF 	 bl memp_free
 1042 0036 0120     	 movs r0,#1
 1043              	.L210:
 1044 0038 10BD     	 pop {r4,pc}
 1045              	.L217:
 1046 003a 00BF     	 .align 2
 1047              	.L216:
 1048 003c 00000000 	 .word .LANCHOR8
 1049 0040 00000000 	 .word tcp_active_pcbs
 1051              	 .section .text.tcp_input,"ax",%progbits
 1052              	 .align 1
 1053              	 .global tcp_input
 1054              	 .thumb
 1055              	 .thumb_func
 1057              	tcp_input:
 1058              	 
 1059              	 
 1060 0000 2DE9F04F 	 push {r4,r5,r6,r7,r8,r9,r10,fp,lr}
 1061 0004 994C     	 ldr r4,.L443
 1062 0006 4368     	 ldr r3,[r0,#4]
 1063 0008 2360     	 str r3,[r4]
 1064 000a 4389     	 ldrh r3,[r0,#10]
 1065 000c 132B     	 cmp r3,#19
 1066 000e 89B0     	 sub sp,sp,#36
 1067 0010 8046     	 mov r8,r0
 1068 0012 40F2D280 	 bls .L219
 1069 0016 964D     	 ldr r5,.L443+4
 1070 0018 6869     	 ldr r0,[r5,#20]
 1071 001a 2968     	 ldr r1,[r5]
 1072 001c FFF7FEFF 	 bl ip4_addr_isbroadcast_u32
 1073 0020 0646     	 mov r6,r0
 1074 0022 0028     	 cmp r0,#0
 1075 0024 40F0C980 	 bne .L219
 1076 0028 6B69     	 ldr r3,[r5,#20]
 1077 002a 03F0F003 	 and r3,r3,#240
 1078 002e E02B     	 cmp r3,#224
 1079 0030 00F0C380 	 beq .L219
 1080 0034 2368     	 ldr r3,[r4]
 1081 0036 9889     	 ldrh r0,[r3,#12]
 1082 0038 FFF7FEFF 	 bl lwip_htons
 1083 003c 800A     	 lsrs r0,r0,#10
 1084 003e 00F0FC01 	 and r1,r0,#252
 1085 0042 1329     	 cmp r1,#19
 1086 0044 40F2B980 	 bls .L219
 1087 0048 B8F80830 	 ldrh r3,[r8,#8]
 1088 004c 89B2     	 uxth r1,r1
 1089 004e 8B42     	 cmp r3,r1
 1090 0050 C0F0B380 	 bcc .L219
 1091 0054 B8F80A20 	 ldrh r2,[r8,#10]
 1092 0058 DFF83C92 	 ldr r9,.L443+44
 1093 005c 854F     	 ldr r7,.L443+8
 1094 005e A1F11403 	 sub r3,r1,#20
 1095 0062 9BB2     	 uxth r3,r3
 1096 0064 8A42     	 cmp r2,r1
 1097 0066 3E60     	 str r6,[r7]
 1098 0068 A9F80030 	 strh r3,[r9]
 1099 006c 824E     	 ldr r6,.L443+12
 1100 006e 05D3     	 bcc .L220
 1101 0070 4046     	 mov r0,r8
 1102 0072 4942     	 negs r1,r1
 1103 0074 3380     	 strh r3,[r6]
 1104 0076 FFF7FEFF 	 bl pbuf_header
 1105 007a 21E0     	 b .L221
 1106              	.L220:
 1107 007c 6FF01301 	 mvn r1,#19
 1108 0080 4046     	 mov r0,r8
 1109 0082 FFF7FEFF 	 bl pbuf_header
 1110 0086 B8F80A10 	 ldrh r1,[r8,#10]
 1111 008a 3180     	 strh r1,[r6]
 1112 008c B9F80060 	 ldrh r6,[r9]
 1113 0090 761A     	 subs r6,r6,r1
 1114 0092 4942     	 negs r1,r1
 1115 0094 4046     	 mov r0,r8
 1116 0096 09B2     	 sxth r1,r1
 1117 0098 FFF7FEFF 	 bl pbuf_header
 1118 009c D8F80000 	 ldr r0,[r8]
 1119 00a0 4389     	 ldrh r3,[r0,#10]
 1120 00a2 B6B2     	 uxth r6,r6
 1121 00a4 B342     	 cmp r3,r6
 1122 00a6 C0F08880 	 bcc .L219
 1123 00aa 7142     	 negs r1,r6
 1124 00ac 4368     	 ldr r3,[r0,#4]
 1125 00ae 3B60     	 str r3,[r7]
 1126 00b0 09B2     	 sxth r1,r1
 1127 00b2 FFF7FEFF 	 bl pbuf_header
 1128 00b6 B8F80830 	 ldrh r3,[r8,#8]
 1129 00ba 9E1B     	 subs r6,r3,r6
 1130 00bc A8F80860 	 strh r6,[r8,#8]
 1131              	.L221:
 1132 00c0 2668     	 ldr r6,[r4]
 1133 00c2 DFF8D891 	 ldr r9,.L443+48
 1134 00c6 3088     	 ldrh r0,[r6]
 1135 00c8 DFF8D4A1 	 ldr r10,.L443+52
 1136 00cc FFF7FEFF 	 bl lwip_htons
 1137 00d0 3080     	 strh r0,[r6]
 1138 00d2 2668     	 ldr r6,[r4]
 1139 00d4 7088     	 ldrh r0,[r6,#2]
 1140 00d6 FFF7FEFF 	 bl lwip_htons
 1141 00da 7080     	 strh r0,[r6,#2]
 1142 00dc 2668     	 ldr r6,[r4]
 1143 00de 7068     	 ldr r0,[r6,#4]
 1144 00e0 FFF7FEFF 	 bl lwip_htonl
 1145 00e4 7060     	 str r0,[r6,#4]
 1146 00e6 2668     	 ldr r6,[r4]
 1147 00e8 C9F80000 	 str r0,[r9]
 1148 00ec B068     	 ldr r0,[r6,#8]
 1149 00ee FFF7FEFF 	 bl lwip_htonl
 1150 00f2 B060     	 str r0,[r6,#8]
 1151 00f4 2668     	 ldr r6,[r4]
 1152 00f6 CAF80000 	 str r0,[r10]
 1153 00fa F089     	 ldrh r0,[r6,#14]
 1154 00fc FFF7FEFF 	 bl lwip_htons
 1155 0100 2368     	 ldr r3,[r4]
 1156 0102 F081     	 strh r0,[r6,#14]
 1157 0104 9889     	 ldrh r0,[r3,#12]
 1158 0106 FFF7FEFF 	 bl lwip_htons
 1159 010a 5C4B     	 ldr r3,.L443+16
 1160 010c B8F808C0 	 ldrh ip,[r8,#8]
 1161 0110 6E69     	 ldr r6,[r5,#20]
 1162 0112 D4F800E0 	 ldr lr,[r4]
 1163 0116 0596     	 str r6,[sp,#20]
 1164 0118 C2B2     	 uxtb r2,r0
 1165 011a 02F03F01 	 and r1,r2,#63
 1166 011e 1970     	 strb r1,[r3]
 1167 0120 12F00301 	 ands r1,r2,#3
 1168 0124 18BF     	 it ne
 1169 0126 0121     	 movne r1,#1
 1170 0128 6144     	 add r1,r1,ip
 1171 012a 8BB2     	 uxth r3,r1
 1172 012c 5448     	 ldr r0,.L443+20
 1173 012e 0393     	 str r3,[sp,#12]
 1174 0130 BDF80C30 	 ldrh r3,[sp,#12]
 1175 0134 0380     	 strh r3,[r0]
 1176 0136 534B     	 ldr r3,.L443+24
 1177 0138 CDF810A0 	 str r10,[sp,#16]
 1178 013c 1B68     	 ldr r3,[r3]
 1179 013e 0793     	 str r3,[sp,#28]
 1180 0140 079F     	 ldr r7,[sp,#28]
 1181 0142 2B69     	 ldr r3,[r5,#16]
 1182 0144 0690     	 str r0,[sp,#24]
 1183 0146 0026     	 movs r6,#0
 1184 0148 CB46     	 mov fp,r9
 1185              	.L222:
 1186 014a 002F     	 cmp r7,#0
 1187 014c 3BD0     	 beq .L439
 1188 014e B7F81890 	 ldrh r9,[r7,#24]
 1189 0152 BEF80000 	 ldrh r0,[lr]
 1190 0156 8145     	 cmp r9,r0
 1191 0158 16D1     	 bne .L223
 1192 015a B7F81690 	 ldrh r9,[r7,#22]
 1193 015e BEF80200 	 ldrh r0,[lr,#2]
 1194 0162 8145     	 cmp r9,r0
 1195 0164 10D1     	 bne .L223
 1196 0166 7868     	 ldr r0,[r7,#4]
 1197 0168 9842     	 cmp r0,r3
 1198 016a 0DD1     	 bne .L223
 1199 016c 3868     	 ldr r0,[r7]
 1200 016e 0599     	 ldr r1,[sp,#20]
 1201 0170 8842     	 cmp r0,r1
 1202 0172 09D1     	 bne .L223
 1203 0174 002E     	 cmp r6,#0
 1204 0176 00F09580 	 beq .L224
 1205 017a F968     	 ldr r1,[r7,#12]
 1206 017c F160     	 str r1,[r6,#12]
 1207 017e 4149     	 ldr r1,.L443+24
 1208 0180 079B     	 ldr r3,[sp,#28]
 1209 0182 FB60     	 str r3,[r7,#12]
 1210 0184 0F60     	 str r7,[r1]
 1211 0186 8DE0     	 b .L224
 1212              	.L223:
 1213 0188 3E46     	 mov r6,r7
 1214 018a FF68     	 ldr r7,[r7,#12]
 1215 018c DDE7     	 b .L222
 1216              	.L227:
 1217 018e C068     	 ldr r0,[r0,#12]
 1218              	.L312:
 1219 0190 0028     	 cmp r0,#0
 1220 0192 3ED0     	 beq .L440
 1221 0194 068B     	 ldrh r6,[r0,#24]
 1222 0196 BEF80070 	 ldrh r7,[lr]
 1223 019a B742     	 cmp r7,r6
 1224 019c F7D1     	 bne .L227
 1225 019e C68A     	 ldrh r6,[r0,#22]
 1226 01a0 BEF80290 	 ldrh r9,[lr,#2]
 1227 01a4 B145     	 cmp r9,r6
 1228 01a6 F2D1     	 bne .L227
 1229 01a8 4668     	 ldr r6,[r0,#4]
 1230 01aa 9E42     	 cmp r6,r3
 1231 01ac EFD1     	 bne .L227
 1232 01ae 0668     	 ldr r6,[r0]
 1233 01b0 0599     	 ldr r1,[sp,#20]
 1234 01b2 8E42     	 cmp r6,r1
 1235 01b4 EBD1     	 bne .L227
 1236 01b6 5607     	 lsls r6,r2,#29
 1237 01b8 08D5     	 bpl .L441
 1238              	.L219:
 1239 01ba 4046     	 mov r0,r8
 1240 01bc 09B0     	 add sp,sp,#36
 1241              	 
 1242 01be BDE8F04F 	 pop {r4,r5,r6,r7,r8,r9,r10,fp,lr}
 1243 01c2 FFF7FEBF 	 b pbuf_free
 1244              	.L439:
 1245 01c6 3048     	 ldr r0,.L443+28
 1246 01c8 0068     	 ldr r0,[r0]
 1247 01ca E1E7     	 b .L312
 1248              	.L441:
 1249 01cc 9507     	 lsls r5,r2,#30
 1250 01ce 11D5     	 bpl .L230
 1251 01d0 DBF80020 	 ldr r2,[fp]
 1252 01d4 436A     	 ldr r3,[r0,#36]
 1253 01d6 D31A     	 subs r3,r2,r3
 1254 01d8 11D4     	 bmi .L231
 1255 01da 048D     	 ldrh r4,[r0,#40]
 1256 01dc 1B1B     	 subs r3,r3,r4
 1257 01de 002B     	 cmp r3,#0
 1258 01e0 0DDC     	 bgt .L231
 1259 01e2 049B     	 ldr r3,[sp,#16]
 1260 01e4 CDF80090 	 str r9,[sp]
 1261 01e8 0197     	 str r7,[sp,#4]
 1262 01ea 1868     	 ldr r0,[r3]
 1263 01ec 039B     	 ldr r3,[sp,#12]
 1264 01ee 1344     	 add r3,r3,r2
 1265 01f0 1946     	 mov r1,r3
 1266 01f2 36E0     	 b .L429
 1267              	.L230:
 1268 01f4 D407     	 lsls r4,r2,#31
 1269 01f6 42BF     	 ittt mi
 1270 01f8 244B     	 ldrmi r3,.L443+32
 1271 01fa 1B68     	 ldrmi r3,[r3]
 1272 01fc 0362     	 strmi r3,[r0,#32]
 1273              	.L231:
 1274 01fe 039B     	 ldr r3,[sp,#12]
 1275 0200 002B     	 cmp r3,#0
 1276 0202 DAD0     	 beq .L219
 1277 0204 438B     	 ldrh r3,[r0,#26]
 1278 0206 43F00203 	 orr r3,r3,#2
 1279 020a 4383     	 strh r3,[r0,#26]
 1280              	.L428:
 1281 020c FFF7FEFF 	 bl tcp_output
 1282 0210 D3E7     	 b .L219
 1283              	.L440:
 1284 0212 1F4E     	 ldr r6,.L443+36
 1285 0214 3368     	 ldr r3,[r6]
 1286 0216 1E46     	 mov r6,r3
 1287              	.L234:
 1288 0218 8EB1     	 cbz r6,.L442
 1289 021a F78A     	 ldrh r7,[r6,#22]
 1290 021c BEF802A0 	 ldrh r10,[lr,#2]
 1291 0220 BA45     	 cmp r10,r7
 1292 0222 09D1     	 bne .L235
 1293 0224 D6F800A0 	 ldr r10,[r6]
 1294 0228 0599     	 ldr r1,[sp,#20]
 1295 022a 8A45     	 cmp r10,r1
 1296 022c 00F0AA82 	 beq .L236
 1297 0230 BAF1000F 	 cmp r10,#0
 1298 0234 00F0A682 	 beq .L236
 1299              	.L235:
 1300 0238 3046     	 mov r0,r6
 1301 023a F668     	 ldr r6,[r6,#12]
 1302 023c ECE7     	 b .L234
 1303              	.L442:
 1304 023e BEF80C00 	 ldrh r0,[lr,#12]
 1305 0242 FFF7FEFF 	 bl lwip_htons
 1306 0246 4507     	 lsls r5,r0,#29
 1307 0248 B7D4     	 bmi .L219
 1308 024a 2268     	 ldr r2,[r4]
 1309 024c 069B     	 ldr r3,[sp,#24]
 1310 024e 5088     	 ldrh r0,[r2,#2]
 1311 0250 1988     	 ldrh r1,[r3]
 1312 0252 DBF80030 	 ldr r3,[fp]
 1313 0256 0090     	 str r0,[sp]
 1314 0258 1288     	 ldrh r2,[r2]
 1315 025a 0192     	 str r2,[sp,#4]
 1316 025c 049A     	 ldr r2,[sp,#16]
 1317 025e 1068     	 ldr r0,[r2]
 1318 0260 1944     	 add r1,r1,r3
 1319              	.L429:
 1320 0262 0C4A     	 ldr r2,.L443+40
 1321 0264 131F     	 subs r3,r2,#4
 1322 0266 FFF7FEFF 	 bl tcp_rst
 1323 026a A6E7     	 b .L219
 1324              	.L444:
 1325              	 .align 2
 1326              	.L443:
 1327 026c 00000000 	 .word .LANCHOR3
 1328 0270 00000000 	 .word ip_data
 1329 0274 00000000 	 .word .LANCHOR9
 1330 0278 00000000 	 .word .LANCHOR11
 1331 027c 00000000 	 .word .LANCHOR1
 1332 0280 00000000 	 .word .LANCHOR4
 1333 0284 00000000 	 .word tcp_active_pcbs
 1334 0288 00000000 	 .word tcp_tw_pcbs
 1335 028c 00000000 	 .word tcp_ticks
 1336 0290 00000000 	 .word tcp_listen_pcbs
 1337 0294 14000000 	 .word ip_data+20
 1338 0298 00000000 	 .word .LANCHOR12
 1339 029c 00000000 	 .word .LANCHOR0
 1340 02a0 00000000 	 .word .LANCHOR2
 1341              	.L224:
 1342 02a4 A84E     	 ldr r6,.L445
 1343 02a6 A948     	 ldr r0,.L445+4
 1344 02a8 A94B     	 ldr r3,.L445+8
 1345 02aa AA4D     	 ldr r5,.L445+12
 1346 02ac A6F808C0 	 strh ip,[r6,#8]
 1347 02b0 0021     	 movs r1,#0
 1348 02b2 12F0080F 	 tst r2,#8
 1349 02b6 3160     	 str r1,[r6]
 1350 02b8 C6F80480 	 str r8,[r6,#4]
 1351 02bc C6F80CE0 	 str lr,[r6,#12]
 1352 02c0 0160     	 str r1,[r0]
 1353 02c2 2970     	 strb r1,[r5]
 1354 02c4 1980     	 strh r1,[r3]
 1355 02c6 9A46     	 mov r10,r3
 1356 02c8 8146     	 mov r9,r0
 1357 02ca 05D0     	 beq .L314
 1358 02cc 98F80D20 	 ldrb r2,[r8,#13]
 1359 02d0 42F00102 	 orr r2,r2,#1
 1360 02d4 88F80D20 	 strb r2,[r8,#13]
 1361              	.L314:
 1362 02d8 7A6F     	 ldr r2,[r7,#116]
 1363 02da 8AB1     	 cbz r2,.L244
 1364 02dc 3846     	 mov r0,r7
 1365 02de FFF7FEFF 	 bl tcp_process_refused_data
 1366 02e2 0D30     	 adds r0,r0,#13
 1367 02e4 04D0     	 beq .L245
 1368 02e6 7A6F     	 ldr r2,[r7,#116]
 1369 02e8 52B1     	 cbz r2,.L244
 1370 02ea 9B4A     	 ldr r2,.L445+16
 1371 02ec 1288     	 ldrh r2,[r2]
 1372 02ee 3AB1     	 cbz r2,.L244
 1373              	.L245:
 1374 02f0 7B8D     	 ldrh r3,[r7,#42]
 1375 02f2 002B     	 cmp r3,#0
 1376 02f4 40F03882 	 bne .L247
 1377 02f8 3846     	 mov r0,r7
 1378 02fa FFF7FEFF 	 bl tcp_send_empty_ack
 1379 02fe 33E2     	 b .L247
 1380              	.L244:
 1381 0300 9649     	 ldr r1,.L445+20
 1382 0302 974B     	 ldr r3,.L445+24
 1383 0304 0A78     	 ldrb r2,[r1]
 1384 0306 1F60     	 str r7,[r3]
 1385 0308 12F0040F 	 tst r2,#4
 1386 030c 8846     	 mov r8,r1
 1387 030e 18D0     	 beq .L248
 1388 0310 3A7D     	 ldrb r2,[r7,#20]
 1389 0312 022A     	 cmp r2,#2
 1390 0314 06D1     	 bne .L249
 1391 0316 934B     	 ldr r3,.L445+28
 1392 0318 1A68     	 ldr r2,[r3]
 1393 031a FB6C     	 ldr r3,[r7,#76]
 1394 031c 9A42     	 cmp r2,r3
 1395 031e 40F0B781 	 bne .L317
 1396 0322 BDE2     	 b .L250
 1397              	.L249:
 1398 0324 DBF80030 	 ldr r3,[fp]
 1399 0328 7A6A     	 ldr r2,[r7,#36]
 1400 032a 9342     	 cmp r3,r2
 1401 032c 00F0B882 	 beq .L250
 1402 0330 9B1A     	 subs r3,r3,r2
 1403 0332 00F1AD81 	 bmi .L317
 1404 0336 3A8D     	 ldrh r2,[r7,#40]
 1405 0338 9B1A     	 subs r3,r3,r2
 1406 033a 002B     	 cmp r3,#0
 1407 033c 00F3A881 	 bgt .L317
 1408 0340 72E0     	 b .L271
 1409              	.L248:
 1410 0342 02F00200 	 and r0,r2,#2
 1411 0346 00F0FF01 	 and r1,r0,#255
 1412 034a 18B1     	 cbz r0,.L252
 1413 034c 387D     	 ldrb r0,[r7,#20]
 1414 034e 0238     	 subs r0,r0,#2
 1415 0350 0128     	 cmp r0,#1
 1416 0352 69D8     	 bhi .L271
 1417              	.L252:
 1418 0354 788B     	 ldrh r0,[r7,#26]
 1419 0356 C006     	 lsls r0,r0,#27
 1420 0358 5EBF     	 ittt pl
 1421 035a 8348     	 ldrpl r0,.L445+32
 1422 035c 0068     	 ldrpl r0,[r0]
 1423 035e 3862     	 strpl r0,[r7,#32]
 1424 0360 0020     	 movs r0,#0
 1425 0362 87F89600 	 strb r0,[r7,#150]
 1426 0366 8148     	 ldr r0,.L445+36
 1427 0368 0088     	 ldrh r0,[r0]
 1428 036a 38B1     	 cbz r0,.L255
 1429 036c 07F13200 	 add r0,r7,#50
 1430 0370 0591     	 str r1,[sp,#20]
 1431 0372 0392     	 str r2,[sp,#12]
 1432 0374 FFF7FEFF 	 bl tcp_parseopt.isra.1.part.2
 1433 0378 0599     	 ldr r1,[sp,#20]
 1434 037a 039A     	 ldr r2,[sp,#12]
 1435              	.L255:
 1436 037c 387D     	 ldrb r0,[r7,#20]
 1437 037e 0238     	 subs r0,r0,#2
 1438 0380 0728     	 cmp r0,#7
 1439 0382 00F28581 	 bhi .L317
 1440 0386 DFE810F0 	 tbh [pc,r0,lsl#1]
 1441              	.L257:
 1442 038a 0800     	 .2byte (.L256-.L257)/2
 1443 038c 7800     	 .2byte (.L258-.L257)/2
 1444 038e D100     	 .2byte (.L259-.L257)/2
 1445 0390 F500     	 .2byte (.L260-.L257)/2
 1446 0392 2C01     	 .2byte (.L261-.L257)/2
 1447 0394 D100     	 .2byte (.L259-.L257)/2
 1448 0396 4301     	 .2byte (.L262-.L257)/2
 1449 0398 7101     	 .2byte (.L263-.L257)/2
 1450              	 .p2align 1
 1451              	.L256:
 1452 039a 02F01201 	 and r1,r2,#18
 1453 039e 1229     	 cmp r1,#18
 1454 03a0 4DD1     	 bne .L264
 1455 03a2 7049     	 ldr r1,.L445+28
 1456 03a4 0868     	 ldr r0,[r1]
 1457 03a6 796C     	 ldr r1,[r7,#68]
 1458 03a8 0131     	 adds r1,r1,#1
 1459 03aa 8842     	 cmp r0,r1
 1460 03ac 47D1     	 bne .L264
 1461 03ae DBF80030 	 ldr r3,[fp]
 1462 03b2 7864     	 str r0,[r7,#68]
 1463 03b4 5A1C     	 adds r2,r3,#1
 1464 03b6 7A62     	 str r2,[r7,#36]
 1465 03b8 FA62     	 str r2,[r7,#44]
 1466 03ba 2268     	 ldr r2,[r4]
 1467 03bc 788E     	 ldrh r0,[r7,#50]
 1468 03be D289     	 ldrh r2,[r2,#14]
 1469 03c0 A7F85C20 	 strh r2,[r7,#92]
 1470 03c4 013B     	 subs r3,r3,#1
 1471 03c6 3B65     	 str r3,[r7,#80]
 1472 03c8 0423     	 movs r3,#4
 1473 03ca A7F85E20 	 strh r2,[r7,#94]
 1474 03ce 3B75     	 strb r3,[r7,#20]
 1475 03d0 F918     	 adds r1,r7,r3
 1476 03d2 FFF7FEFF 	 bl tcp_eff_send_mss_impl
 1477 03d6 41F21C12 	 movw r2,#4380
 1478 03da 4300     	 lsls r3,r0,#1
 1479 03dc 9342     	 cmp r3,r2
 1480 03de 38BF     	 it cc
 1481 03e0 1346     	 movcc r3,r2
 1482 03e2 7886     	 strh r0,[r7,#50]
 1483 03e4 8000     	 lsls r0,r0,#2
 1484 03e6 9842     	 cmp r0,r3
 1485 03e8 28BF     	 it cs
 1486 03ea 1846     	 movcs r0,r3
 1487 03ec B7F86230 	 ldrh r3,[r7,#98]
 1488 03f0 A7F84800 	 strh r0,[r7,#72]
 1489 03f4 F86E     	 ldr r0,[r7,#108]
 1490 03f6 013B     	 subs r3,r3,#1
 1491 03f8 A7F86230 	 strh r3,[r7,#98]
 1492 03fc 18B9     	 cbnz r0,.L265
 1493 03fe B86E     	 ldr r0,[r7,#104]
 1494 0400 0368     	 ldr r3,[r0]
 1495 0402 BB66     	 str r3,[r7,#104]
 1496 0404 01E0     	 b .L266
 1497              	.L265:
 1498 0406 0368     	 ldr r3,[r0]
 1499 0408 FB66     	 str r3,[r7,#108]
 1500              	.L266:
 1501 040a FFF7FEFF 	 bl tcp_seg_free
 1502 040e FB6E     	 ldr r3,[r7,#108]
 1503 0410 1BB9     	 cbnz r3,.L267
 1504 0412 4FF6FF73 	 movw r3,#65535
 1505 0416 3B86     	 strh r3,[r7,#48]
 1506 0418 03E0     	 b .L268
 1507              	.L267:
 1508 041a 0023     	 movs r3,#0
 1509 041c 3B86     	 strh r3,[r7,#48]
 1510 041e 87F84230 	 strb r3,[r7,#66]
 1511              	.L268:
 1512 0422 D7F88430 	 ldr r3,[r7,#132]
 1513 0426 1BB9     	 cbnz r3,.L269
 1514              	.L271:
 1515 0428 7B8B     	 ldrh r3,[r7,#26]
 1516 042a 43F00203 	 orr r3,r3,#2
 1517 042e 3EE2     	 b .L431
 1518              	.L269:
 1519 0430 3869     	 ldr r0,[r7,#16]
 1520 0432 3946     	 mov r1,r7
 1521 0434 0022     	 movs r2,#0
 1522 0436 9847     	 blx r3
 1523 0438 0D30     	 adds r0,r0,#13
 1524 043a F5D1     	 bne .L271
 1525 043c 94E1     	 b .L247
 1526              	.L264:
 1527 043e D306     	 lsls r3,r2,#27
 1528 0440 40F12681 	 bpl .L317
 1529 0444 2268     	 ldr r2,[r4]
 1530 0446 069B     	 ldr r3,[sp,#24]
 1531 0448 5088     	 ldrh r0,[r2,#2]
 1532 044a 1988     	 ldrh r1,[r3]
 1533 044c DBF80030 	 ldr r3,[fp]
 1534 0450 0090     	 str r0,[sp]
 1535 0452 1288     	 ldrh r2,[r2]
 1536 0454 0192     	 str r2,[sp,#4]
 1537 0456 049A     	 ldr r2,[sp,#16]
 1538 0458 1068     	 ldr r0,[r2]
 1539 045a 454A     	 ldr r2,.L445+40
 1540 045c 1944     	 add r1,r1,r3
 1541 045e 131F     	 subs r3,r2,#4
 1542 0460 FFF7FEFF 	 bl tcp_rst
 1543 0464 97F84230 	 ldrb r3,[r7,#66]
 1544 0468 052B     	 cmp r3,#5
 1545 046a 00F21181 	 bhi .L317
 1546 046e 0023     	 movs r3,#0
 1547 0470 3B86     	 strh r3,[r7,#48]
 1548 0472 3846     	 mov r0,r7
 1549 0474 FFF7FEFF 	 bl tcp_rexmit_rto
 1550 0478 0AE1     	 b .L317
 1551              	.L258:
 1552 047a D006     	 lsls r0,r2,#27
 1553 047c 48D5     	 bpl .L274
 1554 047e 394A     	 ldr r2,.L445+28
 1555 0480 1068     	 ldr r0,[r2]
 1556 0482 7A6C     	 ldr r2,[r7,#68]
 1557 0484 D243     	 mvns r2,r2
 1558 0486 C242     	 cmn r2,r0
 1559 0488 33D4     	 bmi .L275
 1560 048a FA6C     	 ldr r2,[r7,#76]
 1561 048c 821A     	 subs r2,r0,r2
 1562 048e 002A     	 cmp r2,#0
 1563 0490 2FDC     	 bgt .L275
 1564 0492 0423     	 movs r3,#4
 1565 0494 3B75     	 strb r3,[r7,#20]
 1566 0496 BB6F     	 ldr r3,[r7,#120]
 1567 0498 002B     	 cmp r3,#0
 1568 049a 00F00A82 	 beq .L319
 1569 049e 3846     	 mov r0,r7
 1570 04a0 FFF7FEFF 	 bl tcp_backlog_accepted
 1571 04a4 BB6F     	 ldr r3,[r7,#120]
 1572 04a6 9B69     	 ldr r3,[r3,#24]
 1573 04a8 002B     	 cmp r3,#0
 1574 04aa 00F00482 	 beq .L320
 1575 04ae 3869     	 ldr r0,[r7,#16]
 1576 04b0 3946     	 mov r1,r7
 1577 04b2 0022     	 movs r2,#0
 1578 04b4 9847     	 blx r3
 1579 04b6 20B1     	 cbz r0,.L277
 1580              	.L318:
 1581 04b8 40B2     	 sxtb r0,r0
 1582 04ba 0D30     	 adds r0,r0,#13
 1583 04bc 40F01A81 	 bne .L434
 1584 04c0 52E1     	 b .L247
 1585              	.L277:
 1586 04c2 3846     	 mov r0,r7
 1587 04c4 FFF7FEFF 	 bl tcp_receive
 1588 04c8 BAF80030 	 ldrh r3,[r10]
 1589 04cc 13B1     	 cbz r3,.L279
 1590 04ce 204A     	 ldr r2,.L445+8
 1591 04d0 013B     	 subs r3,r3,#1
 1592 04d2 1380     	 strh r3,[r2]
 1593              	.L279:
 1594 04d4 7B8E     	 ldrh r3,[r7,#50]
 1595 04d6 41F21C11 	 movw r1,#4380
 1596 04da 5A00     	 lsls r2,r3,#1
 1597 04dc 8A42     	 cmp r2,r1
 1598 04de 4FEA8303 	 lsl r3,r3,#2
 1599 04e2 38BF     	 it cc
 1600 04e4 0A46     	 movcc r2,r1
 1601 04e6 9342     	 cmp r3,r2
 1602 04e8 28BF     	 it cs
 1603 04ea 1346     	 movcs r3,r2
 1604 04ec A7F84830 	 strh r3,[r7,#72]
 1605 04f0 1FE0     	 b .L436
 1606              	.L275:
 1607 04f2 2268     	 ldr r2,[r4]
 1608 04f4 069B     	 ldr r3,[sp,#24]
 1609 04f6 5488     	 ldrh r4,[r2,#2]
 1610 04f8 1988     	 ldrh r1,[r3]
 1611 04fa DBF80030 	 ldr r3,[fp]
 1612 04fe 0094     	 str r4,[sp]
 1613 0500 1288     	 ldrh r2,[r2]
 1614 0502 0192     	 str r2,[sp,#4]
 1615 0504 1A4A     	 ldr r2,.L445+40
 1616 0506 1944     	 add r1,r1,r3
 1617 0508 131F     	 subs r3,r2,#4
 1618 050a FFF7FEFF 	 bl tcp_rst
 1619 050e BFE0     	 b .L317
 1620              	.L274:
 1621 0510 0029     	 cmp r1,#0
 1622 0512 00F0BD80 	 beq .L317
 1623 0516 7A6A     	 ldr r2,[r7,#36]
 1624 0518 DBF80030 	 ldr r3,[fp]
 1625 051c 013A     	 subs r2,r2,#1
 1626 051e 9342     	 cmp r3,r2
 1627 0520 40F0B680 	 bne .L317
 1628 0524 3846     	 mov r0,r7
 1629 0526 FFF7FEFF 	 bl tcp_rexmit
 1630 052a B1E0     	 b .L317
 1631              	.L259:
 1632 052c 3846     	 mov r0,r7
 1633 052e FFF7FEFF 	 bl tcp_receive
 1634              	.L436:
 1635 0532 2B78     	 ldrb r3,[r5]
 1636 0534 9A06     	 lsls r2,r3,#26
 1637 0536 40F1AB80 	 bpl .L317
 1638 053a 7B8B     	 ldrh r3,[r7,#26]
 1639 053c 43F00203 	 orr r3,r3,#2
 1640 0540 7B83     	 strh r3,[r7,#26]
 1641 0542 0723     	 movs r3,#7
 1642 0544 3FE0     	 b .L433
 1643              	.L446:
 1644 0546 00BF     	 .align 2
 1645              	.L445:
 1646 0548 00000000 	 .word .LANCHOR6
 1647 054c 00000000 	 .word .LANCHOR7
 1648 0550 00000000 	 .word .LANCHOR5
 1649 0554 00000000 	 .word .LANCHOR8
 1650 0558 00000000 	 .word .LANCHOR4
 1651 055c 00000000 	 .word .LANCHOR1
 1652 0560 00000000 	 .word tcp_input_pcb
 1653 0564 00000000 	 .word .LANCHOR2
 1654 0568 00000000 	 .word tcp_ticks
 1655 056c 00000000 	 .word .LANCHOR12
 1656 0570 14000000 	 .word ip_data+20
 1657              	.L260:
 1658 0574 3846     	 mov r0,r7
 1659 0576 FFF7FEFF 	 bl tcp_receive
 1660 057a 2B78     	 ldrb r3,[r5]
 1661 057c 13F0200F 	 tst r3,#32
 1662 0580 98F80030 	 ldrb r3,[r8]
 1663 0584 21D0     	 beq .L280
 1664 0586 13F0100F 	 tst r3,#16
 1665 058a 7B8B     	 ldrh r3,[r7,#26]
 1666 058c 17D0     	 beq .L281
 1667 058e 944A     	 ldr r2,.L447
 1668 0590 1168     	 ldr r1,[r2]
 1669 0592 FA6C     	 ldr r2,[r7,#76]
 1670 0594 9142     	 cmp r1,r2
 1671 0596 12D1     	 bne .L281
 1672 0598 BA6E     	 ldr r2,[r7,#104]
 1673 059a 82B9     	 cbnz r2,.L281
 1674 059c 43F00203 	 orr r3,r3,#2
 1675 05a0 7B83     	 strh r3,[r7,#26]
 1676 05a2 3846     	 mov r0,r7
 1677 05a4 FFF7FEFF 	 bl tcp_pcb_purge
 1678 05a8 8E4A     	 ldr r2,.L447+4
 1679 05aa 1368     	 ldr r3,[r2]
 1680 05ac BB42     	 cmp r3,r7
 1681 05ae 45D0     	 beq .L437
 1682              	.L284:
 1683 05b0 002B     	 cmp r3,#0
 1684 05b2 4FD0     	 beq .L291
 1685 05b4 DA68     	 ldr r2,[r3,#12]
 1686 05b6 BA42     	 cmp r2,r7
 1687 05b8 43D0     	 beq .L438
 1688 05ba 1346     	 mov r3,r2
 1689 05bc F8E7     	 b .L284
 1690              	.L281:
 1691 05be 43F00203 	 orr r3,r3,#2
 1692 05c2 7B83     	 strh r3,[r7,#26]
 1693 05c4 0823     	 movs r3,#8
 1694              	.L433:
 1695 05c6 3B75     	 strb r3,[r7,#20]
 1696 05c8 62E0     	 b .L317
 1697              	.L280:
 1698 05ca DB06     	 lsls r3,r3,#27
 1699 05cc 60D5     	 bpl .L317
 1700 05ce 844B     	 ldr r3,.L447
 1701 05d0 1A68     	 ldr r2,[r3]
 1702 05d2 FB6C     	 ldr r3,[r7,#76]
 1703 05d4 9A42     	 cmp r2,r3
 1704 05d6 5BD1     	 bne .L317
 1705 05d8 BB6E     	 ldr r3,[r7,#104]
 1706 05da 002B     	 cmp r3,#0
 1707 05dc 58D1     	 bne .L317
 1708 05de 0623     	 movs r3,#6
 1709 05e0 F1E7     	 b .L433
 1710              	.L261:
 1711 05e2 3846     	 mov r0,r7
 1712 05e4 FFF7FEFF 	 bl tcp_receive
 1713 05e8 2B78     	 ldrb r3,[r5]
 1714 05ea 9C06     	 lsls r4,r3,#26
 1715 05ec 50D5     	 bpl .L317
 1716 05ee 7B8B     	 ldrh r3,[r7,#26]
 1717 05f0 43F00203 	 orr r3,r3,#2
 1718 05f4 7B83     	 strh r3,[r7,#26]
 1719 05f6 3846     	 mov r0,r7
 1720 05f8 FFF7FEFF 	 bl tcp_pcb_purge
 1721 05fc 794A     	 ldr r2,.L447+4
 1722 05fe 1368     	 ldr r3,[r2]
 1723 0600 BB42     	 cmp r3,r7
 1724 0602 1BD0     	 beq .L437
 1725              	.L288:
 1726 0604 33B3     	 cbz r3,.L291
 1727 0606 DA68     	 ldr r2,[r3,#12]
 1728 0608 BA42     	 cmp r2,r7
 1729 060a 1AD0     	 beq .L438
 1730 060c 1346     	 mov r3,r2
 1731 060e F9E7     	 b .L288
 1732              	.L262:
 1733 0610 3846     	 mov r0,r7
 1734 0612 FFF7FEFF 	 bl tcp_receive
 1735 0616 98F80030 	 ldrb r3,[r8]
 1736 061a D806     	 lsls r0,r3,#27
 1737 061c 38D5     	 bpl .L317
 1738 061e 704B     	 ldr r3,.L447
 1739 0620 1A68     	 ldr r2,[r3]
 1740 0622 FB6C     	 ldr r3,[r7,#76]
 1741 0624 9A42     	 cmp r2,r3
 1742 0626 33D1     	 bne .L317
 1743 0628 BB6E     	 ldr r3,[r7,#104]
 1744 062a 002B     	 cmp r3,#0
 1745 062c 30D1     	 bne .L317
 1746 062e 3846     	 mov r0,r7
 1747 0630 FFF7FEFF 	 bl tcp_pcb_purge
 1748 0634 6B4A     	 ldr r2,.L447+4
 1749 0636 1368     	 ldr r3,[r2]
 1750 0638 BB42     	 cmp r3,r7
 1751 063a 09D1     	 bne .L292
 1752              	.L437:
 1753 063c FB68     	 ldr r3,[r7,#12]
 1754 063e 1360     	 str r3,[r2]
 1755 0640 08E0     	 b .L291
 1756              	.L438:
 1757 0642 FA68     	 ldr r2,[r7,#12]
 1758 0644 DA60     	 str r2,[r3,#12]
 1759 0646 05E0     	 b .L291
 1760              	.L293:
 1761 0648 DA68     	 ldr r2,[r3,#12]
 1762 064a BA42     	 cmp r2,r7
 1763 064c F9D0     	 beq .L438
 1764 064e 1346     	 mov r3,r2
 1765              	.L292:
 1766 0650 002B     	 cmp r3,#0
 1767 0652 F9D1     	 bne .L293
 1768              	.L291:
 1769 0654 644B     	 ldr r3,.L447+8
 1770 0656 0122     	 movs r2,#1
 1771 0658 1A70     	 strb r2,[r3]
 1772 065a 0A23     	 movs r3,#10
 1773 065c 3B75     	 strb r3,[r7,#20]
 1774 065e 634B     	 ldr r3,.L447+12
 1775 0660 1A68     	 ldr r2,[r3]
 1776 0662 FA60     	 str r2,[r7,#12]
 1777 0664 1F60     	 str r7,[r3]
 1778 0666 FFF7FEFF 	 bl tcp_timer_needed
 1779 066a 11E0     	 b .L317
 1780              	.L263:
 1781 066c 3846     	 mov r0,r7
 1782 066e FFF7FEFF 	 bl tcp_receive
 1783 0672 98F80030 	 ldrb r3,[r8]
 1784 0676 D906     	 lsls r1,r3,#27
 1785 0678 0AD5     	 bpl .L317
 1786 067a 594B     	 ldr r3,.L447
 1787 067c 1A68     	 ldr r2,[r3]
 1788 067e FB6C     	 ldr r3,[r7,#76]
 1789 0680 9A42     	 cmp r2,r3
 1790 0682 05D1     	 bne .L317
 1791 0684 BB6E     	 ldr r3,[r7,#104]
 1792 0686 1BB9     	 cbnz r3,.L317
 1793 0688 2B78     	 ldrb r3,[r5]
 1794 068a 43F01003 	 orr r3,r3,#16
 1795 068e 2B70     	 strb r3,[r5]
 1796              	.L317:
 1797 0690 2B78     	 ldrb r3,[r5]
 1798 0692 1A07     	 lsls r2,r3,#28
 1799 0694 0FD5     	 bpl .L294
 1800 0696 D7F88C30 	 ldr r3,[r7,#140]
 1801 069a 1BB1     	 cbz r3,.L295
 1802 069c 3869     	 ldr r0,[r7,#16]
 1803 069e 6FF00D01 	 mvn r1,#13
 1804 06a2 9847     	 blx r3
 1805              	.L295:
 1806 06a4 3946     	 mov r1,r7
 1807 06a6 4F48     	 ldr r0,.L447+4
 1808 06a8 FFF7FEFF 	 bl tcp_pcb_remove
 1809 06ac 0220     	 movs r0,#2
 1810 06ae 3946     	 mov r1,r7
 1811 06b0 FFF7FEFF 	 bl memp_free
 1812 06b4 58E0     	 b .L247
 1813              	.L294:
 1814 06b6 BAF80020 	 ldrh r2,[r10]
 1815 06ba 5AB1     	 cbz r2,.L296
 1816 06bc FB6F     	 ldr r3,[r7,#124]
 1817 06be 1BB9     	 cbnz r3,.L297
 1818              	.L299:
 1819 06c0 0023     	 movs r3,#0
 1820 06c2 AAF80030 	 strh r3,[r10]
 1821 06c6 05E0     	 b .L296
 1822              	.L297:
 1823 06c8 3869     	 ldr r0,[r7,#16]
 1824 06ca 3946     	 mov r1,r7
 1825 06cc 9847     	 blx r3
 1826 06ce 0D30     	 adds r0,r0,#13
 1827 06d0 F6D1     	 bne .L299
 1828 06d2 49E0     	 b .L247
 1829              	.L296:
 1830 06d4 3846     	 mov r0,r7
 1831 06d6 FFF7FEFF 	 bl tcp_input_delayed_close
 1832 06da 0028     	 cmp r0,#0
 1833 06dc 44D1     	 bne .L247
 1834 06de D9F80020 	 ldr r2,[r9]
 1835 06e2 EAB1     	 cbz r2,.L301
 1836 06e4 7B8B     	 ldrh r3,[r7,#26]
 1837 06e6 03F01003 	 and r3,r3,#16
 1838 06ea 9BB2     	 uxth r3,r3
 1839 06ec 33B1     	 cbz r3,.L302
 1840 06ee 1046     	 mov r0,r2
 1841 06f0 FFF7FEFF 	 bl pbuf_free
 1842              	.L434:
 1843 06f4 3846     	 mov r0,r7
 1844 06f6 FFF7FEFF 	 bl tcp_abort
 1845 06fa 35E0     	 b .L247
 1846              	.L302:
 1847 06fc D7F88040 	 ldr r4,[r7,#128]
 1848 0700 1CB1     	 cbz r4,.L303
 1849 0702 3869     	 ldr r0,[r7,#16]
 1850 0704 3946     	 mov r1,r7
 1851 0706 A047     	 blx r4
 1852 0708 03E0     	 b .L304
 1853              	.L303:
 1854 070a 3946     	 mov r1,r7
 1855 070c 2346     	 mov r3,r4
 1856 070e FFF7FEFF 	 bl tcp_recv_null
 1857              	.L304:
 1858 0712 43B2     	 sxtb r3,r0
 1859 0714 0D33     	 adds r3,r3,#13
 1860 0716 27D0     	 beq .L247
 1861 0718 10B1     	 cbz r0,.L301
 1862 071a D9F80030 	 ldr r3,[r9]
 1863 071e 7B67     	 str r3,[r7,#116]
 1864              	.L301:
 1865 0720 2B78     	 ldrb r3,[r5]
 1866 0722 9B06     	 lsls r3,r3,#26
 1867 0724 16D5     	 bpl .L307
 1868 0726 7B6F     	 ldr r3,[r7,#116]
 1869 0728 23B1     	 cbz r3,.L308
 1870 072a 5A7B     	 ldrb r2,[r3,#13]
 1871 072c 42F02002 	 orr r2,r2,#32
 1872 0730 5A73     	 strb r2,[r3,#13]
 1873 0732 0FE0     	 b .L307
 1874              	.L308:
 1875 0734 3B8D     	 ldrh r3,[r7,#40]
 1876 0736 D7F88040 	 ldr r4,[r7,#128]
 1877 073a B3F5066F 	 cmp r3,#2144
 1878 073e 1CBF     	 itt ne
 1879 0740 0133     	 addne r3,r3,#1
 1880 0742 3B85     	 strhne r3,[r7,#40]
 1881 0744 34B1     	 cbz r4,.L307
 1882 0746 0022     	 movs r2,#0
 1883 0748 3869     	 ldr r0,[r7,#16]
 1884 074a 3946     	 mov r1,r7
 1885 074c 1346     	 mov r3,r2
 1886 074e A047     	 blx r4
 1887 0750 0D30     	 adds r0,r0,#13
 1888 0752 09D0     	 beq .L247
 1889              	.L307:
 1890 0754 264A     	 ldr r2,.L447+16
 1891 0756 0023     	 movs r3,#0
 1892 0758 3846     	 mov r0,r7
 1893 075a 1360     	 str r3,[r2]
 1894 075c FFF7FEFF 	 bl tcp_input_delayed_close
 1895 0760 10B9     	 cbnz r0,.L247
 1896 0762 3846     	 mov r0,r7
 1897 0764 FFF7FEFF 	 bl tcp_output
 1898              	.L247:
 1899 0768 214B     	 ldr r3,.L447+16
 1900 076a 7068     	 ldr r0,[r6,#4]
 1901 076c 0024     	 movs r4,#0
 1902 076e 1C60     	 str r4,[r3]
 1903 0770 C9F80040 	 str r4,[r9]
 1904 0774 0028     	 cmp r0,#0
 1905 0776 00F0A080 	 beq .L218
 1906 077a FFF7FEFF 	 bl pbuf_free
 1907 077e 1D4B     	 ldr r3,.L447+20
 1908 0780 5C60     	 str r4,[r3,#4]
 1909 0782 9AE0     	 b .L218
 1910              	.L236:
 1911 0784 20B1     	 cbz r0,.L316
 1912 0786 F168     	 ldr r1,[r6,#12]
 1913 0788 C160     	 str r1,[r0,#12]
 1914 078a 1B48     	 ldr r0,.L447+24
 1915 078c F360     	 str r3,[r6,#12]
 1916 078e 0660     	 str r6,[r0]
 1917              	.L316:
 1918 0790 5107     	 lsls r1,r2,#29
 1919 0792 3FF512AD 	 bmi .L219
 1920 0796 D306     	 lsls r3,r2,#27
 1921 0798 0BD5     	 bpl .L239
 1922 079a DBF80030 	 ldr r3,[fp]
 1923 079e 0097     	 str r7,[sp]
 1924 07a0 BEF80020 	 ldrh r2,[lr]
 1925 07a4 0192     	 str r2,[sp,#4]
 1926 07a6 049A     	 ldr r2,[sp,#16]
 1927 07a8 1068     	 ldr r0,[r2]
 1928 07aa 039A     	 ldr r2,[sp,#12]
 1929 07ac 1A44     	 add r2,r2,r3
 1930 07ae 1146     	 mov r1,r2
 1931 07b0 57E5     	 b .L429
 1932              	.L239:
 1933 07b2 9707     	 lsls r7,r2,#30
 1934 07b4 7FF501AD 	 bpl .L219
 1935 07b8 717F     	 ldrb r1,[r6,#29]
 1936 07ba 327F     	 ldrb r2,[r6,#28]
 1937 07bc 9142     	 cmp r1,r2
 1938 07be BFF4FCAC 	 bcs .L219
 1939 07c2 707D     	 ldrb r0,[r6,#21]
 1940 07c4 FFF7FEFF 	 bl tcp_alloc
 1941 07c8 0746     	 mov r7,r0
 1942 07ca B8B9     	 cbnz r0,.L240
 1943 07cc B369     	 ldr r3,[r6,#24]
 1944 07ce 002B     	 cmp r3,#0
 1945 07d0 3FF4F3AC 	 beq .L219
 1946 07d4 3069     	 ldr r0,[r6,#16]
 1947 07d6 3946     	 mov r1,r7
 1948 07d8 4FF0FF32 	 mov r2,#-1
 1949 07dc 9847     	 blx r3
 1950 07de ECE4     	 b .L219
 1951              	.L448:
 1952              	 .align 2
 1953              	.L447:
 1954 07e0 00000000 	 .word .LANCHOR2
 1955 07e4 00000000 	 .word tcp_active_pcbs
 1956 07e8 00000000 	 .word tcp_active_pcbs_changed
 1957 07ec 00000000 	 .word tcp_tw_pcbs
 1958 07f0 00000000 	 .word tcp_input_pcb
 1959 07f4 00000000 	 .word .LANCHOR6
 1960 07f8 00000000 	 .word tcp_listen_pcbs
 1961              	.L240:
 1962 07fc 727F     	 ldrb r2,[r6,#29]
 1963 07fe 2168     	 ldr r1,[r4]
 1964 0800 0132     	 adds r2,r2,#1
 1965 0802 7277     	 strb r2,[r6,#29]
 1966 0804 428B     	 ldrh r2,[r0,#26]
 1967 0806 42F40072 	 orr r2,r2,#512
 1968 080a 4283     	 strh r2,[r0,#26]
 1969 080c 6A69     	 ldr r2,[r5,#20]
 1970 080e 0260     	 str r2,[r0]
 1971 0810 2A69     	 ldr r2,[r5,#16]
 1972 0812 4260     	 str r2,[r0,#4]
 1973 0814 F28A     	 ldrh r2,[r6,#22]
 1974 0816 C282     	 strh r2,[r0,#22]
 1975 0818 0A78     	 ldrb r2,[r1]
 1976 081a 4978     	 ldrb r1,[r1,#1]
 1977 081c 42EA0122 	 orr r2,r2,r1,lsl#8
 1978 0820 0283     	 strh r2,[r0,#24]
 1979 0822 0322     	 movs r2,#3
 1980 0824 0275     	 strb r2,[r0,#20]
 1981 0826 DBF80020 	 ldr r2,[fp]
 1982 082a 0132     	 adds r2,r2,#1
 1983 082c 4262     	 str r2,[r0,#36]
 1984 082e C262     	 str r2,[r0,#44]
 1985 0830 FFF7FEFF 	 bl tcp_next_iss
 1986 0834 DBF80030 	 ldr r3,[fp]
 1987 0838 7865     	 str r0,[r7,#84]
 1988 083a 013B     	 subs r3,r3,#1
 1989 083c 3B65     	 str r3,[r7,#80]
 1990 083e 3369     	 ldr r3,[r6,#16]
 1991 0840 F864     	 str r0,[r7,#76]
 1992 0842 7864     	 str r0,[r7,#68]
 1993 0844 B865     	 str r0,[r7,#88]
 1994 0846 3B61     	 str r3,[r7,#16]
 1995 0848 BE67     	 str r6,[r7,#120]
 1996 084a 337A     	 ldrb r3,[r6,#8]
 1997 084c 03F00C03 	 and r3,r3,#12
 1998 0850 3B72     	 strb r3,[r7,#8]
 1999 0852 1B4B     	 ldr r3,.L449
 2000 0854 1A68     	 ldr r2,[r3]
 2001 0856 FA60     	 str r2,[r7,#12]
 2002 0858 1F60     	 str r7,[r3]
 2003 085a FFF7FEFF 	 bl tcp_timer_needed
 2004 085e 194B     	 ldr r3,.L449+4
 2005 0860 0122     	 movs r2,#1
 2006 0862 1A70     	 strb r2,[r3]
 2007 0864 184B     	 ldr r3,.L449+8
 2008 0866 1B88     	 ldrh r3,[r3]
 2009 0868 1BB1     	 cbz r3,.L241
 2010 086a 07F13200 	 add r0,r7,#50
 2011 086e FFF7FEFF 	 bl tcp_parseopt.isra.1.part.2
 2012              	.L241:
 2013 0872 2368     	 ldr r3,[r4]
 2014 0874 788E     	 ldrh r0,[r7,#50]
 2015 0876 DB89     	 ldrh r3,[r3,#14]
 2016 0878 A7F85C30 	 strh r3,[r7,#92]
 2017 087c 391D     	 adds r1,r7,#4
 2018 087e A7F85E30 	 strh r3,[r7,#94]
 2019 0882 FFF7FEFF 	 bl tcp_eff_send_mss_impl
 2020 0886 1221     	 movs r1,#18
 2021 0888 7886     	 strh r0,[r7,#50]
 2022 088a 3846     	 mov r0,r7
 2023 088c FFF7FEFF 	 bl tcp_enqueue_flags
 2024 0890 20B1     	 cbz r0,.L242
 2025 0892 3846     	 mov r0,r7
 2026 0894 0021     	 movs r1,#0
 2027 0896 FFF7FEFF 	 bl tcp_abandon
 2028 089a 8EE4     	 b .L219
 2029              	.L242:
 2030 089c 3846     	 mov r0,r7
 2031 089e B5E4     	 b .L428
 2032              	.L250:
 2033 08a0 2B78     	 ldrb r3,[r5]
 2034 08a2 43F00803 	 orr r3,r3,#8
 2035 08a6 2B70     	 strb r3,[r5]
 2036 08a8 7B8B     	 ldrh r3,[r7,#26]
 2037 08aa 23F00103 	 bic r3,r3,#1
 2038              	.L431:
 2039 08ae 7B83     	 strh r3,[r7,#26]
 2040 08b0 EEE6     	 b .L317
 2041              	.L319:
 2042 08b2 FA20     	 movs r0,#250
 2043 08b4 00E6     	 b .L318
 2044              	.L320:
 2045 08b6 F020     	 movs r0,#240
 2046 08b8 FEE5     	 b .L318
 2047              	.L218:
 2048 08ba 09B0     	 add sp,sp,#36
 2049              	 
 2050 08bc BDE8F08F 	 pop {r4,r5,r6,r7,r8,r9,r10,fp,pc}
 2051              	.L450:
 2052              	 .align 2
 2053              	.L449:
 2054 08c0 00000000 	 .word tcp_active_pcbs
 2055 08c4 00000000 	 .word tcp_active_pcbs_changed
 2056 08c8 00000000 	 .word .LANCHOR12
 2058              	 .section .text.tcp_trigger_input_pcb_close,"ax",%progbits
 2059              	 .align 1
 2060              	 .global tcp_trigger_input_pcb_close
 2061              	 .thumb
 2062              	 .thumb_func
 2064              	tcp_trigger_input_pcb_close:
 2065              	 
 2066              	 
 2067              	 
 2068 0000 024A     	 ldr r2,.L452
 2069 0002 1378     	 ldrb r3,[r2]
 2070 0004 43F01003 	 orr r3,r3,#16
 2071 0008 1370     	 strb r3,[r2]
 2072 000a 7047     	 bx lr
 2073              	.L453:
 2074              	 .align 2
 2075              	.L452:
 2076 000c 00000000 	 .word .LANCHOR8
 2078              	 .comm tcp_input_pcb,4,4
 2079              	 .section .bss.tcphdr_optlen,"aw",%nobits
 2080              	 .align 1
 2081              	 .set .LANCHOR12,.+0
 2084              	tcphdr_optlen:
 2085 0000 0000     	 .space 2
 2086              	 .section .bss.tcp_optidx,"aw",%nobits
 2087              	 .align 1
 2088              	 .set .LANCHOR10,.+0
 2091              	tcp_optidx:
 2092 0000 0000     	 .space 2
 2093              	 .section .bss.seqno,"aw",%nobits
 2094              	 .align 2
 2095              	 .set .LANCHOR0,.+0
 2098              	seqno:
 2099 0000 00000000 	 .space 4
 2100              	 .section .bss.tcphdr_opt2,"aw",%nobits
 2101              	 .align 2
 2102              	 .set .LANCHOR9,.+0
 2105              	tcphdr_opt2:
 2106 0000 00000000 	 .space 4
 2107              	 .section .bss.tcplen,"aw",%nobits
 2108              	 .align 1
 2109              	 .set .LANCHOR4,.+0
 2112              	tcplen:
 2113 0000 0000     	 .space 2
 2114              	 .section .bss.ackno,"aw",%nobits
 2115              	 .align 2
 2116              	 .set .LANCHOR2,.+0
 2119              	ackno:
 2120 0000 00000000 	 .space 4
 2121              	 .section .bss.flags,"aw",%nobits
 2122              	 .set .LANCHOR1,.+0
 2125              	flags:
 2126 0000 00       	 .space 1
 2127              	 .section .bss.recv_acked,"aw",%nobits
 2128              	 .align 1
 2129              	 .set .LANCHOR5,.+0
 2132              	recv_acked:
 2133 0000 0000     	 .space 2
 2134              	 .section .bss.recv_flags,"aw",%nobits
 2135              	 .set .LANCHOR8,.+0
 2138              	recv_flags:
 2139 0000 00       	 .space 1
 2140              	 .section .bss.tcphdr,"aw",%nobits
 2141              	 .align 2
 2142              	 .set .LANCHOR3,.+0
 2145              	tcphdr:
 2146 0000 00000000 	 .space 4
 2147              	 .section .bss.recv_data,"aw",%nobits
 2148              	 .align 2
 2149              	 .set .LANCHOR7,.+0
 2152              	recv_data:
 2153 0000 00000000 	 .space 4
 2154              	 .section .bss.tcphdr_opt1len,"aw",%nobits
 2155              	 .align 1
 2156              	 .set .LANCHOR11,.+0
 2159              	tcphdr_opt1len:
 2160 0000 0000     	 .space 2
 2161              	 .section .bss.inseg,"aw",%nobits
 2162              	 .align 2
 2163              	 .set .LANCHOR6,.+0
 2166              	inseg:
 2167 0000 00000000 	 .space 16
 2167      00000000 
 2167      00000000 
 2167      00000000 
 2168              	 .ident "GCC: (GNU Tools for ARM Embedded Processors) 4.9.3 20141119 (release) [ARM/embedded-4_9-branch revision 218278]"
DEFINED SYMBOLS
                            *ABS*:00000000 tcp_in.c
    {standard input}:17     .text.tcp_oos_insert_segment:00000000 $t
    {standard input}:21     .text.tcp_oos_insert_segment:00000000 tcp_oos_insert_segment
    {standard input}:83     .text.tcp_oos_insert_segment:00000074 $d
    {standard input}:86     .text.tcp_receive:00000000 $t
    {standard input}:90     .text.tcp_receive:00000000 tcp_receive
    {standard input}:403    .text.tcp_receive:000002dc $d
    {standard input}:412    .text.tcp_receive:000002fc $t
    {standard input}:744    .text.tcp_receive:00000600 $d
    {standard input}:750    .text.tcp_receive:00000614 $t
    {standard input}:906    .text.tcp_receive:00000778 $d
    {standard input}:909    .text.tcp_getoptbyte:00000000 $t
    {standard input}:913    .text.tcp_getoptbyte:00000000 tcp_getoptbyte
    {standard input}:945    .text.tcp_getoptbyte:00000030 $d
    {standard input}:951    .text.tcp_parseopt.isra.1.part.2:00000000 $t
    {standard input}:955    .text.tcp_parseopt.isra.1.part.2:00000000 tcp_parseopt.isra.1.part.2
    {standard input}:1009   .text.tcp_parseopt.isra.1.part.2:00000068 $d
    {standard input}:1013   .text.tcp_input_delayed_close:00000000 $t
    {standard input}:1017   .text.tcp_input_delayed_close:00000000 tcp_input_delayed_close
    {standard input}:1048   .text.tcp_input_delayed_close:0000003c $d
    {standard input}:1052   .text.tcp_input:00000000 $t
    {standard input}:1057   .text.tcp_input:00000000 tcp_input
    {standard input}:1327   .text.tcp_input:0000026c $d
    {standard input}:1342   .text.tcp_input:000002a4 $t
    {standard input}:1442   .text.tcp_input:0000038a $d
    {standard input}:1450   .text.tcp_input:0000039a $t
    {standard input}:1646   .text.tcp_input:00000548 $d
                            *COM*:00000004 tcp_input_pcb
    {standard input}:1658   .text.tcp_input:00000574 $t
    {standard input}:1954   .text.tcp_input:000007e0 $d
    {standard input}:1962   .text.tcp_input:000007fc $t
    {standard input}:2054   .text.tcp_input:000008c0 $d
    {standard input}:2059   .text.tcp_trigger_input_pcb_close:00000000 $t
    {standard input}:2064   .text.tcp_trigger_input_pcb_close:00000000 tcp_trigger_input_pcb_close
    {standard input}:2076   .text.tcp_trigger_input_pcb_close:0000000c $d
    {standard input}:2080   .bss.tcphdr_optlen:00000000 $d
    {standard input}:2084   .bss.tcphdr_optlen:00000000 tcphdr_optlen
    {standard input}:2087   .bss.tcp_optidx:00000000 $d
    {standard input}:2091   .bss.tcp_optidx:00000000 tcp_optidx
    {standard input}:2094   .bss.seqno:00000000 $d
    {standard input}:2098   .bss.seqno:00000000 seqno
    {standard input}:2101   .bss.tcphdr_opt2:00000000 $d
    {standard input}:2105   .bss.tcphdr_opt2:00000000 tcphdr_opt2
    {standard input}:2108   .bss.tcplen:00000000 $d
    {standard input}:2112   .bss.tcplen:00000000 tcplen
    {standard input}:2115   .bss.ackno:00000000 $d
    {standard input}:2119   .bss.ackno:00000000 ackno
    {standard input}:2125   .bss.flags:00000000 flags
    {standard input}:2126   .bss.flags:00000000 $d
    {standard input}:2128   .bss.recv_acked:00000000 $d
    {standard input}:2132   .bss.recv_acked:00000000 recv_acked
    {standard input}:2138   .bss.recv_flags:00000000 recv_flags
    {standard input}:2139   .bss.recv_flags:00000000 $d
    {standard input}:2141   .bss.tcphdr:00000000 $d
    {standard input}:2145   .bss.tcphdr:00000000 tcphdr
    {standard input}:2148   .bss.recv_data:00000000 $d
    {standard input}:2152   .bss.recv_data:00000000 recv_data
    {standard input}:2155   .bss.tcphdr_opt1len:00000000 $d
    {standard input}:2159   .bss.tcphdr_opt1len:00000000 tcphdr_opt1len
    {standard input}:2162   .bss.inseg:00000000 $d
    {standard input}:2166   .bss.inseg:00000000 inseg

UNDEFINED SYMBOLS
lwip_htons
tcp_segs_free
tcp_seg_free
pbuf_realloc
tcp_rexmit_fast
lwip_htonl
pbuf_clen
tcp_send_empty_ack
tcp_ticks
pbuf_header
tcp_update_rcv_ann_wnd
pbuf_cat
tcp_seg_copy
tcp_pcb_remove
memp_free
tcp_active_pcbs
ip4_addr_isbroadcast_u32
pbuf_free
tcp_output
tcp_rst
ip_data
tcp_tw_pcbs
tcp_listen_pcbs
tcp_process_refused_data
tcp_eff_send_mss_impl
tcp_rexmit_rto
tcp_backlog_accepted
tcp_rexmit
tcp_pcb_purge
tcp_timer_needed
tcp_abort
tcp_recv_null
tcp_alloc
tcp_active_pcbs_changed
tcp_next_iss
tcp_enqueue_flags
tcp_abandon
